2024-09-16 17:12:19,267 [INFO] Activator:176 - 


2024-09-16 17:12:19,279 [INFO] Activator:177 - !SESSION log4j initialized
2024-09-16 17:12:30,441 [INFO] LogOutputStream:77 - [STDOUT_REDIRECT] 
2024-09-16 17:12:37,317 [INFO] ApplicationProperties:184 - Using Application install path: C:\ST\STM32CubeIDE_1.11.0\STM32CubeIDE\plugins\com.st.stm32cube.common.mx_6.12.0.202406281431
2024-09-16 17:12:37,339 [INFO] DbMcusXml:78 - Set database path to: C:\ST\STM32CubeIDE_1.11.0\STM32CubeIDE\plugins\com.st.stm32cube.common.mx_6.12.0.202406281431\\db\/mcu/
2024-09-16 17:12:37,340 [INFO] ApiDb:274 - Set plugin database path to: C:\ST\STM32CubeIDE_1.11.0\STM32CubeIDE\plugins\com.st.stm32cube.common.mx_6.12.0.202406281431\\db\/plugins/boardmanager/
2024-09-16 17:12:37,340 [WARN] ApiDb:259 - Overriding images path with different value:  => C:\ST\STM32CubeIDE_1.11.0\STM32CubeIDE\plugins\com.st.stm32cube.common.mx_6.12.0.202406281431\\db\/plugins/mcufinder/images/
2024-09-16 17:12:37,353 [INFO] ApiDb:250 - Set database path to: C:\Users\ayoub\.stmcufinder\plugins\mcufinder//mcu/
2024-09-16 17:12:37,354 [INFO] DbMcusAds:125 - Set database path to: C:\Users\ayoub\.stmcufinder\plugins\mcufinder//mcu/
2024-09-16 17:12:37,358 [INFO] CrossReferenceDbSqlite:203 - Set database path to: C:\Users\ayoub\.stmcufinder\plugins\mcufinder//mcu/cs/
2024-09-16 17:12:37,520 [INFO] RulesReader:64 - Compatibility file has been processed (297 Rules)
2024-09-16 17:12:37,619 [INFO] DbMcusXml:78 - Set database path to: C:\ST\STM32CubeIDE_1.11.0\STM32CubeIDE\plugins\com.st.stm32cube.common.mx_6.12.0.202406281431\\db\/mcu/
2024-09-16 17:12:37,619 [INFO] ApiDb:274 - Set plugin database path to: C:\ST\STM32CubeIDE_1.11.0\STM32CubeIDE\plugins\com.st.stm32cube.common.mx_6.12.0.202406281431\\db\/plugins/boardmanager/
2024-09-16 17:12:37,619 [INFO] ApiDb:261 - Set plugin images path to: C:\ST\STM32CubeIDE_1.11.0\STM32CubeIDE\plugins\com.st.stm32cube.common.mx_6.12.0.202406281431\\db\/plugins/mcufinder/images/
2024-09-16 17:12:37,620 [WARN] DbFile:41 - Overriding database path with different value: C:\Users\ayoub\.stmcufinder\plugins\mcufinder/ => C:\Users\ayoub\.stmcufinder\plugins\mcufinder
2024-09-16 17:12:37,620 [INFO] ApiDb:250 - Set database path to: C:\Users\ayoub\.stmcufinder\plugins\mcufinder//mcu/
2024-09-16 17:12:37,620 [WARN] DbFile:41 - Overriding database path with different value: C:\Users\ayoub\.stmcufinder\plugins\mcufinder/ => C:\Users\ayoub\.stmcufinder\plugins\mcufinder
2024-09-16 17:12:37,620 [INFO] DbMcusAds:125 - Set database path to: C:\Users\ayoub\.stmcufinder\plugins\mcufinder//mcu/
2024-09-16 17:12:37,620 [WARN] DbFile:41 - Overriding database path with different value: C:\Users\ayoub\.stmcufinder\plugins\mcufinder/ => C:\Users\ayoub\.stmcufinder\plugins\mcufinder
2024-09-16 17:12:37,620 [WARN] DbFile:41 - Overriding database path with different value: C:\Users\ayoub\.stmcufinder\plugins\mcufinder/ => C:\Users\ayoub\.stmcufinder\plugins\mcufinder
2024-09-16 17:12:37,620 [INFO] CrossReferenceDbSqlite:203 - Set database path to: C:\Users\ayoub\.stmcufinder\plugins\mcufinder//mcu/cs/
2024-09-16 17:12:37,729 [INFO] MainPanel:268 - HeapMemory: 268435456
2024-09-16 17:12:37,842 [INFO] DbMcusXml:78 - Set database path to: C:\ST\STM32CubeIDE_1.11.0\STM32CubeIDE\plugins\com.st.stm32cube.common.mx_6.12.0.202406281431\\db\/mcu/
2024-09-16 17:12:37,842 [INFO] ApiDb:274 - Set plugin database path to: C:\ST\STM32CubeIDE_1.11.0\STM32CubeIDE\plugins\com.st.stm32cube.common.mx_6.12.0.202406281431\\db\/plugins/boardmanager/
2024-09-16 17:12:37,842 [INFO] ApiDb:261 - Set plugin images path to: C:\ST\STM32CubeIDE_1.11.0\STM32CubeIDE\plugins\com.st.stm32cube.common.mx_6.12.0.202406281431\\db\/plugins/mcufinder/images/
2024-09-16 17:12:37,842 [WARN] DbFile:41 - Overriding database path with different value: C:\Users\ayoub\.stmcufinder\plugins\mcufinder/ => C:\Users\ayoub\.stmcufinder\plugins\mcufinder
2024-09-16 17:12:37,843 [INFO] ApiDb:250 - Set database path to: C:\Users\ayoub\.stmcufinder\plugins\mcufinder//mcu/
2024-09-16 17:12:37,843 [WARN] DbFile:41 - Overriding database path with different value: C:\Users\ayoub\.stmcufinder\plugins\mcufinder/ => C:\Users\ayoub\.stmcufinder\plugins\mcufinder
2024-09-16 17:12:37,843 [INFO] DbMcusAds:125 - Set database path to: C:\Users\ayoub\.stmcufinder\plugins\mcufinder//mcu/
2024-09-16 17:12:37,843 [WARN] DbFile:41 - Overriding database path with different value: C:\Users\ayoub\.stmcufinder\plugins\mcufinder/ => C:\Users\ayoub\.stmcufinder\plugins\mcufinder
2024-09-16 17:12:37,843 [WARN] DbFile:41 - Overriding database path with different value: C:\Users\ayoub\.stmcufinder\plugins\mcufinder/ => C:\Users\ayoub\.stmcufinder\plugins\mcufinder
2024-09-16 17:12:37,843 [INFO] CrossReferenceDbSqlite:203 - Set database path to: C:\Users\ayoub\.stmcufinder\plugins\mcufinder//mcu/cs/
2024-09-16 17:12:37,861 [INFO] ApplicationProperties:184 - Using Application install path: C:\ST\STM32CubeIDE_1.11.0\STM32CubeIDE\plugins\com.st.stm32cube.common.mx_6.12.0.202406281431
2024-09-16 17:12:37,863 [INFO] PluginManage:196 - Search for loadable plugins [exclusion list=, ]
2024-09-16 17:12:37,865 [INFO] PluginManage:310 - Check plugin analytics
2024-09-16 17:12:42,976 [INFO] AnalyticsPlugin:253 - Accepted Software Licenses: STM32CubeMX.6.11.0
2024-09-16 17:12:42,976 [INFO] AnalyticsPlugin:255 - Accepted CMSIS Pack Licenses: STMicroelectronics.X-CUBE-SAFEA1.1.2.2
2024-09-16 17:12:42,976 [INFO] AnalyticsPlugin:257 - Accepted Firmware Licenses: FW.F4.1.27.0,FW.H7.1.11.0
2024-09-16 17:12:42,980 [INFO] PluginManage:359 - Loaded plugin analytics (category:tool,tabindex:-1)
2024-09-16 17:12:42,980 [INFO] PluginManage:310 - Check plugin cadmodel
2024-09-16 17:12:42,988 [INFO] CADModel:105 - Init CAD model plugin
2024-09-16 17:12:42,988 [INFO] PluginManage:359 - Loaded plugin cadmodel (category:power,tabindex:5)
2024-09-16 17:12:42,988 [INFO] PluginManage:310 - Check plugin clock
2024-09-16 17:12:42,998 [INFO] PluginManage:359 - Loaded plugin clock (category:base,tabindex:2)
2024-09-16 17:12:42,999 [INFO] PluginManage:310 - Check plugin ddr
2024-09-16 17:12:43,001 [INFO] PluginManage:359 - Loaded plugin ddr (category:tool,tabindex:6)
2024-09-16 17:12:43,001 [INFO] PluginManage:310 - Check plugin filemanager
2024-09-16 17:12:43,173 [INFO] PluginManage:359 - Loaded plugin filemanager (category:base,tabindex:10)
2024-09-16 17:12:43,173 [INFO] PluginManage:310 - Check plugin ipmanager
2024-09-16 17:12:43,181 [INFO] PluginManage:359 - Loaded plugin ipmanager (category:base,tabindex:5)
2024-09-16 17:12:43,181 [INFO] PluginManage:310 - Check plugin lpbam
2024-09-16 17:12:43,194 [INFO] PluginManage:359 - Loaded plugin lpbam (category:base,tabindex:0)
2024-09-16 17:12:43,194 [INFO] PluginManage:310 - Check plugin memorymap
2024-09-16 17:12:43,218 [INFO] PluginManage:359 - Loaded plugin memorymap (category:base,tabindex:4)
2024-09-16 17:12:43,218 [INFO] PluginManage:310 - Check plugin pinoutandconfiguration
2024-09-16 17:12:43,230 [INFO] PluginManage:359 - Loaded plugin pinoutandconfiguration (category:base,tabindex:1)
2024-09-16 17:12:43,230 [INFO] PluginManage:310 - Check plugin pinoutconfig
2024-09-16 17:12:43,359 [WARN] SupportedApi:132 - Cannot load RTOS API schema: s4s-elt-must-match.1: The content of 'definitions' must match (annotation?, (simpleType | complexType)?, (unique | key | keyref)*)). A problem was found starting at: attribute.
2024-09-16 17:12:43,563 [INFO] PluginManage:359 - Loaded plugin pinoutconfig (category:base,tabindex:0)
2024-09-16 17:12:43,563 [INFO] PluginManage:310 - Check plugin power
2024-09-16 17:12:43,579 [INFO] PluginManage:359 - Loaded plugin power (category:power,tabindex:4)
2024-09-16 17:12:43,579 [INFO] PluginManage:310 - Check plugin projectmanager
2024-09-16 17:12:43,600 [INFO] PluginManage:359 - Loaded plugin projectmanager (category:projectmanager,tabindex:4)
2024-09-16 17:12:43,600 [INFO] PluginManage:310 - Check plugin rif
2024-09-16 17:12:43,613 [INFO] PluginManage:359 - Loaded plugin rif (category:base,tabindex:3)
2024-09-16 17:12:43,613 [INFO] PluginManage:310 - Check plugin thirdparty
2024-09-16 17:12:43,804 [INFO] PluginManage:359 - Loaded plugin thirdparty (category:base,tabindex:-1)
2024-09-16 17:12:43,804 [WARN] IntegrityCheckThread:84 - waiting for thirdparty lock release [integrity check]
2024-09-16 17:12:43,804 [INFO] PluginManage:310 - Check plugin tools
2024-09-16 17:12:43,804 [INFO] IntegrityCheckThread:86 - entering critical section [integrity check]
2024-09-16 17:12:43,805 [INFO] ThirdPartyUpdaterWithRetryManager:70 - Updater plugin not ready yet. [1/15]
2024-09-16 17:12:43,813 [INFO] PluginManage:359 - Loaded plugin tools (category:base,tabindex:7)
2024-09-16 17:12:43,814 [INFO] PluginManage:310 - Check plugin tutovideos
2024-09-16 17:12:44,029 [INFO] PluginManage:359 - Loaded plugin tutovideos (category:base,tabindex:-1)
2024-09-16 17:12:44,029 [INFO] PluginManage:310 - Check plugin updater
2024-09-16 17:12:44,058 [INFO] PluginManage:359 - Loaded plugin updater (category:base,tabindex:12)
2024-09-16 17:12:44,058 [INFO] PluginManage:310 - Check plugin userauth
2024-09-16 17:12:44,065 [INFO] UserAuth:113 - Init User Auth plugin
2024-09-16 17:12:44,065 [INFO] PluginManage:359 - Loaded plugin userauth (category:base,tabindex:14)
2024-09-16 17:12:44,066 [INFO] PluginManage:283 - PluginManage : Loaded plugins [18]
2024-09-16 17:12:44,363 [INFO] PinOutPanel:1561 - setPackage(No Configuration,No Configuration)
2024-09-16 17:12:44,464 [INFO] CADModel:165 - CPN selected for project level
2024-09-16 17:12:44,465 [INFO] CADModel:114 - Register for checkConnection events
2024-09-16 17:12:44,483 [INFO] IPUIPlugin:80 - create IPUIPlugin
2024-09-16 17:12:44,484 [INFO] PluginManager:220 - loadIPPluginJar : add adc
2024-09-16 17:12:44,487 [INFO] IPUIPlugin:80 - create IPUIPlugin
2024-09-16 17:12:44,487 [INFO] PluginManager:220 - loadIPPluginJar : add aes
2024-09-16 17:12:44,490 [INFO] IPUIPlugin:80 - create IPUIPlugin
2024-09-16 17:12:44,490 [INFO] PluginManager:220 - loadIPPluginJar : add can
2024-09-16 17:12:44,492 [INFO] IPUIPlugin:80 - create IPUIPlugin
2024-09-16 17:12:44,492 [INFO] PluginManager:220 - loadIPPluginJar : add comp
2024-09-16 17:12:44,495 [INFO] IPUIPlugin:80 - create IPUIPlugin
2024-09-16 17:12:44,495 [INFO] PluginManager:220 - loadIPPluginJar : add cryp
2024-09-16 17:12:44,499 [INFO] IPUIPlugin:80 - create IPUIPlugin
2024-09-16 17:12:44,499 [INFO] PluginManager:220 - loadIPPluginJar : add ddr_ctrl_phy
2024-09-16 17:12:44,502 [INFO] IPUIPlugin:80 - create IPUIPlugin
2024-09-16 17:12:44,502 [INFO] PluginManager:220 - loadIPPluginJar : add dfsdm
2024-09-16 17:12:44,508 [INFO] IPUIPlugin:80 - create IPUIPlugin
2024-09-16 17:12:44,508 [INFO] PluginManager:220 - loadIPPluginJar : add dma
2024-09-16 17:12:44,511 [INFO] IPUIPlugin:80 - create IPUIPlugin
2024-09-16 17:12:44,511 [INFO] PluginManager:220 - loadIPPluginJar : add dma3
2024-09-16 17:12:44,515 [INFO] IPUIPlugin:80 - create IPUIPlugin
2024-09-16 17:12:44,515 [INFO] PluginManager:220 - loadIPPluginJar : add extmemmanager
2024-09-16 17:12:44,517 [INFO] IPUIPlugin:80 - create IPUIPlugin
2024-09-16 17:12:44,517 [INFO] PluginManager:220 - loadIPPluginJar : add fatfs
2024-09-16 17:12:44,522 [INFO] IPUIPlugin:80 - create IPUIPlugin
2024-09-16 17:12:44,522 [INFO] PluginManager:220 - loadIPPluginJar : add fmc
2024-09-16 17:12:44,528 [INFO] IPUIPlugin:80 - create IPUIPlugin
2024-09-16 17:12:44,528 [INFO] PluginManager:220 - loadIPPluginJar : add freertos
2024-09-16 17:12:44,530 [INFO] IPUIPlugin:80 - create IPUIPlugin
2024-09-16 17:12:44,530 [INFO] PluginManager:220 - loadIPPluginJar : add genericplugin
2024-09-16 17:12:44,533 [INFO] IPUIPlugin:80 - create IPUIPlugin
2024-09-16 17:12:44,533 [INFO] PluginManager:220 - loadIPPluginJar : add gfxmmu
2024-09-16 17:12:44,538 [INFO] IPUIPlugin:80 - create IPUIPlugin
2024-09-16 17:12:44,538 [INFO] PluginManager:220 - loadIPPluginJar : add gic
2024-09-16 17:12:44,542 [INFO] IPUIPlugin:80 - create IPUIPlugin
2024-09-16 17:12:44,542 [INFO] PluginManager:220 - loadIPPluginJar : add gpio
2024-09-16 17:12:44,545 [INFO] IPUIPlugin:80 - create IPUIPlugin
2024-09-16 17:12:44,546 [INFO] PluginManager:220 - loadIPPluginJar : add gtzc
2024-09-16 17:12:44,548 [INFO] IPUIPlugin:80 - create IPUIPlugin
2024-09-16 17:12:44,549 [INFO] PluginManager:220 - loadIPPluginJar : add hash
2024-09-16 17:12:44,552 [INFO] IPUIPlugin:80 - create IPUIPlugin
2024-09-16 17:12:44,552 [INFO] PluginManager:220 - loadIPPluginJar : add i2c
2024-09-16 17:12:44,555 [INFO] IPUIPlugin:80 - create IPUIPlugin
2024-09-16 17:12:44,555 [INFO] PluginManager:220 - loadIPPluginJar : add i2s
2024-09-16 17:12:44,558 [INFO] IPUIPlugin:80 - create IPUIPlugin
2024-09-16 17:12:44,559 [INFO] PluginManager:220 - loadIPPluginJar : add i3c
2024-09-16 17:12:44,562 [INFO] IPUIPlugin:80 - create IPUIPlugin
2024-09-16 17:12:44,562 [INFO] PluginManager:220 - loadIPPluginJar : add ipddr
2024-09-16 17:12:44,570 [INFO] IPUIPlugin:80 - create IPUIPlugin
2024-09-16 17:12:44,570 [INFO] PluginManager:220 - loadIPPluginJar : add linkedlist
2024-09-16 17:12:44,573 [INFO] IPUIPlugin:80 - create IPUIPlugin
2024-09-16 17:12:44,574 [INFO] PluginManager:220 - loadIPPluginJar : add lorawan
2024-09-16 17:12:44,576 [INFO] IPUIPlugin:80 - create IPUIPlugin
2024-09-16 17:12:44,576 [INFO] PluginManager:220 - loadIPPluginJar : add ltdc
2024-09-16 17:12:44,583 [INFO] IPUIPlugin:80 - create IPUIPlugin
2024-09-16 17:12:44,583 [INFO] PluginManager:220 - loadIPPluginJar : add mdma
2024-09-16 17:12:44,588 [INFO] IPUIPlugin:80 - create IPUIPlugin
2024-09-16 17:12:44,589 [INFO] PluginManager:220 - loadIPPluginJar : add nvic
2024-09-16 17:12:44,592 [INFO] IPUIPlugin:80 - create IPUIPlugin
2024-09-16 17:12:44,592 [INFO] PluginManager:220 - loadIPPluginJar : add opamp
2024-09-16 17:12:44,596 [INFO] IPUIPlugin:80 - create IPUIPlugin
2024-09-16 17:12:44,596 [INFO] PluginManager:220 - loadIPPluginJar : add openamp
2024-09-16 17:12:44,600 [INFO] IPUIPlugin:80 - create IPUIPlugin
2024-09-16 17:12:44,600 [INFO] PluginManager:220 - loadIPPluginJar : add pdm2pcm
2024-09-16 17:12:44,607 [INFO] IPUIPlugin:80 - create IPUIPlugin
2024-09-16 17:12:44,610 [INFO] PluginManager:220 - loadIPPluginJar : add plateformsettings
2024-09-16 17:12:44,613 [INFO] IPUIPlugin:80 - create IPUIPlugin
2024-09-16 17:12:44,613 [INFO] PluginManager:220 - loadIPPluginJar : add quadspi
2024-09-16 17:12:44,615 [INFO] IPUIPlugin:80 - create IPUIPlugin
2024-09-16 17:12:44,616 [INFO] PluginManager:220 - loadIPPluginJar : add radio
2024-09-16 17:12:44,621 [INFO] IPUIPlugin:80 - create IPUIPlugin
2024-09-16 17:12:44,621 [INFO] PluginManager:220 - loadIPPluginJar : add resmgrutility
2024-09-16 17:12:44,625 [INFO] IPUIPlugin:80 - create IPUIPlugin
2024-09-16 17:12:44,625 [INFO] PluginManager:220 - loadIPPluginJar : add sai
2024-09-16 17:12:44,628 [INFO] IPUIPlugin:80 - create IPUIPlugin
2024-09-16 17:12:44,628 [INFO] PluginManager:220 - loadIPPluginJar : add spi
2024-09-16 17:12:44,634 [INFO] IPUIPlugin:80 - create IPUIPlugin
2024-09-16 17:12:44,634 [INFO] PluginManager:220 - loadIPPluginJar : add stm32_wpan
2024-09-16 17:12:44,637 [INFO] IPUIPlugin:80 - create IPUIPlugin
2024-09-16 17:12:44,637 [INFO] PluginManager:220 - loadIPPluginJar : add tim
2024-09-16 17:12:44,642 [INFO] IPUIPlugin:80 - create IPUIPlugin
2024-09-16 17:12:44,642 [INFO] PluginManager:220 - loadIPPluginJar : add touchsensing
2024-09-16 17:12:44,644 [INFO] IPUIPlugin:80 - create IPUIPlugin
2024-09-16 17:12:44,645 [INFO] PluginManager:220 - loadIPPluginJar : add tracer_emb
2024-09-16 17:12:44,649 [INFO] IPUIPlugin:80 - create IPUIPlugin
2024-09-16 17:12:44,649 [INFO] PluginManager:220 - loadIPPluginJar : add ts
2024-09-16 17:12:44,651 [INFO] IPUIPlugin:80 - create IPUIPlugin
2024-09-16 17:12:44,651 [INFO] PluginManager:220 - loadIPPluginJar : add tsc
2024-09-16 17:12:44,654 [INFO] IPUIPlugin:80 - create IPUIPlugin
2024-09-16 17:12:44,655 [INFO] PluginManager:220 - loadIPPluginJar : add ucpd
2024-09-16 17:12:44,658 [INFO] IPUIPlugin:80 - create IPUIPlugin
2024-09-16 17:12:44,658 [INFO] PluginManager:220 - loadIPPluginJar : add usart
2024-09-16 17:12:44,662 [INFO] IPUIPlugin:80 - create IPUIPlugin
2024-09-16 17:12:44,662 [INFO] PluginManager:220 - loadIPPluginJar : add usbx
2024-09-16 17:12:44,814 [INFO] CADModel:165 - CPN selected for project level
2024-09-16 17:12:44,814 [INFO] CADModel:114 - Register for checkConnection events
2024-09-16 17:12:44,815 [FATAL] Updater:334 - Updater called before beeing initialized
2024-09-16 17:12:44,815 [ERROR] CADModel:125 - Updater not yet initialized, retry later 
2024-09-16 17:12:44,977 [INFO] CADModel:165 - CPN selected for project level
2024-09-16 17:12:44,978 [INFO] CADModel:114 - Register for checkConnection events
2024-09-16 17:12:44,978 [FATAL] Updater:334 - Updater called before beeing initialized
2024-09-16 17:12:44,978 [ERROR] CADModel:125 - Updater not yet initialized, retry later 
2024-09-16 17:12:44,981 [FATAL] Updater:334 - Updater called before beeing initialized
2024-09-16 17:12:45,111 [FATAL] Updater:334 - Updater called before beeing initialized
2024-09-16 17:12:45,123 [INFO] DbMcusAds:53 - JSON generation date=Thu May 16 10:22:00 WEST 2024 (1715851320667)
2024-09-16 17:12:45,124 [FATAL] Updater:334 - Updater called before beeing initialized
2024-09-16 17:12:45,186 [WARN] DetailPanel:346 - Failed to get advertising image, set to default
2024-09-16 17:12:45,302 [FATAL] Updater:334 - Updater called before beeing initialized
2024-09-16 17:12:45,306 [FATAL] Updater:334 - Updater called before beeing initialized
2024-09-16 17:12:45,307 [FATAL] Updater:334 - Updater called before beeing initialized
2024-09-16 17:12:45,307 [WARN] DetailPanel:346 - Failed to get advertising image, set to default
2024-09-16 17:12:45,308 [FATAL] Updater:334 - Updater called before beeing initialized
2024-09-16 17:12:45,367 [ERROR] Updater:1164 - MainUpdater not yet initialized. External WinMGr cannot be set.
2024-09-16 17:12:45,369 [INFO] Updater:1100 - Updater Version found : 6.12.0
2024-09-16 17:12:45,388 [INFO] ApplicationProperties:184 - Using Application install path: C:\ST\STM32CubeIDE_1.11.0\STM32CubeIDE\plugins\com.st.stm32cube.common.mx_6.12.0.202406281431
2024-09-16 17:12:46,807 [INFO] ThirdPartyUpdaterWithRetryManager:70 - Updater plugin not ready yet. [2/15]
2024-09-16 17:12:47,234 [INFO] MainUpdater:2873 - connection check result : 10
2024-09-16 17:12:47,235 [INFO] MainUpdater:3567 - Updater definition file requires update
2024-09-16 17:12:47,235 [INFO] MainUpdater:290 - Updater Check For Update Now.
2024-09-16 17:12:47,236 [INFO] MicroXplorer:498 - Change Database Version : DB.6.0.120
2024-09-16 17:12:47,251 [INFO] McuFinderGlobals:63 - Set McuFinder mode to 2 (CubeIDE integrated)
2024-09-16 17:12:47,252 [INFO] UserAuth:417 - Internet connection configuration mode: 1
2024-09-16 17:12:47,269 [INFO] JxBrowserEngine:152 - Initiate JxBrowser Engine with user profile folder
2024-09-16 17:12:48,623 [INFO] WebApp:167 - Instantiating new browser for Auth
2024-09-16 17:12:49,525 [INFO] ServerAccessManage:473 - Download File updaters.zip
2024-09-16 17:12:49,808 [WARN] MainUpdater:1194 - Updater busy. Cannot search thirdparties
2024-09-16 17:12:49,808 [INFO] ThirdPartyUpdaterWithRetryManager:96 - Updater plugin is busy. [1/15]
2024-09-16 17:12:49,978 [INFO] WebApp:448 - Apply proxy settings
2024-09-16 17:12:49,978 [INFO] WebApp:533 - Chromium requires no authentication
2024-09-16 17:12:50,018 [INFO] WebApp:476 - Direct internet connection detected
2024-09-16 17:12:50,093 [INFO] WebApp:869 - Register for checkConnection events
2024-09-16 17:12:50,093 [INFO] WebApp:448 - Apply proxy settings
2024-09-16 17:12:50,093 [INFO] WebApp:533 - Chromium requires no authentication
2024-09-16 17:12:50,093 [INFO] WebApp:476 - Direct internet connection detected
2024-09-16 17:12:50,434 [INFO] WebApp:220 - Starting web application
2024-09-16 17:12:50,434 [INFO] WebApp:578 - Web application path used C:\ST\STM32CubeIDE_1.11.0\STM32CubeIDE\plugins\com.st.stm32cube.common.mx_6.12.0.202406281431\db\plugins\mcufinder\reactClient1\index.html
2024-09-16 17:12:50,547 [INFO] FileExtend:240 - Unzip File : updaters.zip
2024-09-16 17:12:50,548 [INFO] FileExtend:255 - Standard Zip Deflate
2024-09-16 17:12:50,693 [INFO] UserAuth:417 - Internet connection configuration mode: 1
2024-09-16 17:12:51,642 [INFO] ServerAccessManage:473 - Download File PacksControlFlags.xml
2024-09-16 17:12:51,646 [INFO] WebApp:186 - Connection restablished
2024-09-16 17:12:52,809 [WARN] MainUpdater:1194 - Updater busy. Cannot search thirdparties
2024-09-16 17:12:52,809 [INFO] ThirdPartyUpdaterWithRetryManager:96 - Updater plugin is busy. [2/15]
2024-09-16 17:12:53,379 [INFO] ServerAccessManage:473 - Download File cubemx.pidx
2024-09-16 17:12:55,809 [WARN] MainUpdater:1194 - Updater busy. Cannot search thirdparties
2024-09-16 17:12:55,809 [INFO] ThirdPartyUpdaterWithRetryManager:96 - Updater plugin is busy. [3/15]
2024-09-16 17:12:58,812 [WARN] MainUpdater:1194 - Updater busy. Cannot search thirdparties
2024-09-16 17:12:58,812 [INFO] ThirdPartyUpdaterWithRetryManager:96 - Updater plugin is busy. [4/15]
2024-09-16 17:12:59,109 [INFO] ServerAccessManage:473 - Download File STMicroelectronics.X-CUBE-ISPU.pdsc
2024-09-16 17:13:01,813 [WARN] MainUpdater:1194 - Updater busy. Cannot search thirdparties
2024-09-16 17:13:01,813 [INFO] ThirdPartyUpdaterWithRetryManager:96 - Updater plugin is busy. [5/15]
2024-09-16 17:13:03,696 [WARN] PackLoader:240 - Cannot read IP mode file for STMicroelectronics.X-CUBE-ISPU.2.1.0
2024-09-16 17:13:03,705 [INFO] PopulateThirdPartyThread:66 - Ending populate Thread
2024-09-16 17:13:03,708 [INFO] ThirdParty:1030 - CMSIS Pack Vendor :STMicroelectronics X-CUBE-ISPU 2.1.0
2024-09-16 17:13:03,708 [INFO] LoadServerUpdatesThread:375 - End of LoadServerUpdate Thread
2024-09-16 17:13:03,867 [INFO] CheckServerUpdateThread:120 - End of CheckServer Thread
2024-09-16 17:13:05,247 [WARN] PackLoader:240 - Cannot read IP mode file for STMicroelectronics.FP-SNS-MOTENVWB1.1.4.0
2024-09-16 17:13:05,261 [WARN] PackLoader:240 - Cannot read IP mode file for STMicroelectronics.X-CUBE-SMBUS.2.1.0
2024-09-16 17:13:05,268 [WARN] PackLoader:240 - Cannot read IP mode file for STMicroelectronics.X-CUBE-TOUCHGFX.4.23.0
2024-09-16 17:13:05,271 [WARN] PackLoader:240 - Cannot read IP mode file for STMicroelectronics.X-CUBE-TOUCHGFX.4.23.2
2024-09-16 17:13:05,319 [WARN] PackLoader:240 - Cannot read IP mode file for STMicroelectronics.X-CUBE-AZRTOS-F7.1.1.0
2024-09-16 17:13:05,338 [WARN] PackLoader:240 - Cannot read IP mode file for STMicroelectronics.FP-SNS-MOTENV1.4.3.2
2024-09-16 17:13:05,518 [WARN] PackLoader:240 - Cannot read IP mode file for STMicroelectronics.X-CUBE-MEMS1.11.0.0
2024-09-16 17:13:05,835 [WARN] PackLoader:240 - Cannot read IP mode file for STMicroelectronics.FP-SNS-FLIGHT1.5.0.2
2024-09-16 17:13:05,845 [WARN] PackLoader:240 - Cannot read IP mode file for STMicroelectronics.X-CUBE-DISPLAY.3.0.0
2024-09-16 17:13:05,864 [WARN] PackLoader:240 - Cannot read IP mode file for STMicroelectronics.X-CUBE-BLE1.7.0.0
2024-09-16 17:13:05,872 [WARN] PackLoader:240 - Cannot read IP mode file for emotas.I-CUBE-CANOPEN.1.3.0
2024-09-16 17:13:05,876 [WARN] PackLoader:240 - Cannot read IP mode file for STMicroelectronics.X-CUBE-TOUCHGFX.4.22.1
2024-09-16 17:13:05,893 [WARN] PackLoader:240 - Cannot read IP mode file for STMicroelectronics.X-CUBE-BLEMGR.3.1.0
2024-09-16 17:13:05,905 [WARN] PackLoader:240 - Cannot read IP mode file for STMicroelectronics.FP-SNS-SMARTAG2.1.2.0
2024-09-16 17:13:05,923 [INFO] LogOutputStream:77 - [STDOUT_REDIRECT] 1 : Invalid condition id : UX_CORESTACK_Condition cause : null
2024-09-16 17:13:05,924 [INFO] LogOutputStream:77 - [STDOUT_REDIRECT] 1 : Invalid condition id : UX_CORESTACK_Condition cause : null
2024-09-16 17:13:05,926 [INFO] LogOutputStream:77 - [STDOUT_REDIRECT] 1 : Invalid condition id : UX_CORESTACK_Condition cause : null
2024-09-16 17:13:05,930 [INFO] LogOutputStream:77 - [STDOUT_REDIRECT] 1 : Invalid condition id : UX_CORESTACK_Condition cause : null
2024-09-16 17:13:05,932 [INFO] LogOutputStream:77 - [STDOUT_REDIRECT] 1 : Invalid condition id : UX_CORESTACK_Condition cause : null
2024-09-16 17:13:05,936 [WARN] PackLoader:240 - Cannot read IP mode file for STMicroelectronics.X-CUBE-AZRTOS-WL.2.0.0
2024-09-16 17:13:05,944 [WARN] PackLoader:240 - Cannot read IP mode file for STMicroelectronics.FP-SNS-MOTENV1.5.0.0
2024-09-16 17:13:05,954 [WARN] PackLoader:240 - Cannot read IP mode file for wolfSSL.I-CUBE-wolfMQTT.1.19.0
2024-09-16 17:13:05,965 [WARN] PackLoader:240 - Cannot read IP mode file for WES.I-CUBE-Cesium.1.3.0
2024-09-16 17:13:05,974 [WARN] PackLoader:240 - Cannot read IP mode file for STMicroelectronics.X-CUBE-BLE2.3.3.0
2024-09-16 17:13:05,986 [WARN] PackLoader:240 - Cannot read IP mode file for STMicroelectronics.X-CUBE-TCPP.4.1.0
2024-09-16 17:13:06,003 [WARN] PackLoader:240 - Cannot read IP mode file for STMicroelectronics.X-CUBE-ALGOBUILD.1.3.0
2024-09-16 17:13:06,034 [WARN] PackLoader:240 - Cannot read IP mode file for STMicroelectronics.X-CUBE-AZRTOS-G0.1.1.0
2024-09-16 17:13:06,050 [WARN] PackLoader:240 - Cannot read IP mode file for STMicroelectronics.X-CUBE-SAFEA1.1.2.2
2024-09-16 17:13:06,131 [WARN] PackLoader:240 - Cannot read IP mode file for STMicroelectronics.X-CUBE-NFC4.3.0.0
2024-09-16 17:13:06,149 [WARN] PackLoader:240 - Cannot read IP mode file for EmbeddedOffice.I-CUBE-FS-RTOS.1.0.1
2024-09-16 17:13:06,149 [ERROR] ConditionMgr:805 - Attr not supported : Dmpu
2024-09-16 17:13:06,149 [ERROR] ConditionMgr:805 - Attr not supported : Dmpu
2024-09-16 17:13:06,150 [ERROR] ConditionMgr:805 - Attr not supported : Dmpu
2024-09-16 17:13:06,150 [ERROR] ConditionMgr:805 - Attr not supported : Dmpu
2024-09-16 17:13:06,150 [ERROR] ConditionMgr:805 - Attr not supported : Dmpu
2024-09-16 17:13:06,150 [ERROR] ConditionMgr:805 - Attr not supported : Dmpu
2024-09-16 17:13:06,150 [ERROR] ConditionMgr:805 - Attr not supported : Dmpu
2024-09-16 17:13:06,150 [ERROR] ConditionMgr:805 - Attr not supported : Dmpu
2024-09-16 17:13:06,150 [ERROR] ConditionMgr:805 - Attr not supported : Dmpu
2024-09-16 17:13:06,151 [ERROR] ConditionMgr:805 - Attr not supported : Dmpu
2024-09-16 17:13:06,151 [ERROR] ConditionMgr:805 - Attr not supported : Dmpu
2024-09-16 17:13:06,151 [ERROR] ConditionMgr:805 - Attr not supported : Dmpu
2024-09-16 17:13:06,151 [ERROR] ConditionMgr:805 - Attr not supported : Dmpu
2024-09-16 17:13:06,151 [ERROR] ConditionMgr:805 - Attr not supported : Dmpu
2024-09-16 17:13:06,151 [ERROR] ConditionMgr:805 - Attr not supported : Dmpu
2024-09-16 17:13:06,151 [ERROR] ConditionMgr:805 - Attr not supported : Dmpu
2024-09-16 17:13:06,152 [ERROR] ConditionMgr:805 - Attr not supported : Dmpu
2024-09-16 17:13:06,152 [ERROR] ConditionMgr:805 - Attr not supported : Dmpu
2024-09-16 17:13:06,152 [ERROR] ConditionMgr:805 - Attr not supported : Dmpu
2024-09-16 17:13:06,152 [ERROR] ConditionMgr:805 - Attr not supported : Dmpu
2024-09-16 17:13:06,152 [ERROR] ConditionMgr:805 - Attr not supported : Dmpu
2024-09-16 17:13:06,152 [ERROR] ConditionMgr:805 - Attr not supported : Dmpu
2024-09-16 17:13:06,152 [ERROR] ConditionMgr:805 - Attr not supported : Dmpu
2024-09-16 17:13:06,152 [ERROR] ConditionMgr:805 - Attr not supported : Dmpu
2024-09-16 17:13:06,153 [ERROR] ConditionMgr:805 - Attr not supported : Dmpu
2024-09-16 17:13:06,153 [ERROR] ConditionMgr:805 - Attr not supported : Dmpu
2024-09-16 17:13:06,153 [ERROR] ConditionMgr:805 - Attr not supported : Dmpu
2024-09-16 17:13:06,153 [ERROR] ConditionMgr:805 - Attr not supported : Dmpu
2024-09-16 17:13:06,153 [ERROR] ConditionMgr:805 - Attr not supported : Dmpu
2024-09-16 17:13:06,153 [ERROR] ConditionMgr:805 - Attr not supported : Dmpu
2024-09-16 17:13:06,153 [ERROR] ConditionMgr:805 - Attr not supported : Dmpu
2024-09-16 17:13:06,153 [ERROR] ConditionMgr:805 - Attr not supported : Dmpu
2024-09-16 17:13:06,154 [ERROR] ConditionMgr:805 - Attr not supported : Dmpu
2024-09-16 17:13:06,154 [ERROR] ConditionMgr:805 - Attr not supported : Dmpu
2024-09-16 17:13:06,154 [ERROR] ConditionMgr:805 - Attr not supported : Dmpu
2024-09-16 17:13:06,154 [ERROR] ConditionMgr:805 - Attr not supported : Dmpu
2024-09-16 17:13:06,154 [ERROR] ConditionMgr:805 - Attr not supported : Dmpu
2024-09-16 17:13:06,154 [ERROR] ConditionMgr:805 - Attr not supported : Dmpu
2024-09-16 17:13:06,154 [ERROR] ConditionMgr:805 - Attr not supported : Dmpu
2024-09-16 17:13:06,155 [ERROR] ConditionMgr:805 - Attr not supported : Dmpu
2024-09-16 17:13:06,155 [ERROR] ConditionMgr:805 - Attr not supported : Dmpu
2024-09-16 17:13:06,155 [ERROR] ConditionMgr:805 - Attr not supported : Dmpu
2024-09-16 17:13:06,155 [ERROR] ConditionMgr:805 - Attr not supported : Dmpu
2024-09-16 17:13:06,155 [ERROR] ConditionMgr:805 - Attr not supported : Dmpu
2024-09-16 17:13:06,155 [ERROR] ConditionMgr:805 - Attr not supported : Dmpu
2024-09-16 17:13:06,156 [ERROR] ConditionMgr:805 - Attr not supported : Dmpu
2024-09-16 17:13:06,156 [ERROR] ConditionMgr:805 - Attr not supported : Dmpu
2024-09-16 17:13:06,156 [ERROR] ConditionMgr:805 - Attr not supported : Dmpu
2024-09-16 17:13:06,156 [ERROR] ConditionMgr:805 - Attr not supported : Dmpu
2024-09-16 17:13:06,156 [ERROR] ConditionMgr:805 - Attr not supported : Dmpu
2024-09-16 17:13:06,156 [ERROR] ConditionMgr:805 - Attr not supported : Dmpu
2024-09-16 17:13:06,156 [ERROR] ConditionMgr:805 - Attr not supported : Dmpu
2024-09-16 17:13:06,157 [ERROR] ConditionMgr:805 - Attr not supported : Dmpu
2024-09-16 17:13:06,157 [ERROR] ConditionMgr:805 - Attr not supported : Dmpu
2024-09-16 17:13:06,157 [ERROR] ConditionMgr:805 - Attr not supported : Dmpu
2024-09-16 17:13:06,157 [ERROR] ConditionMgr:805 - Attr not supported : Dmpu
2024-09-16 17:13:06,157 [ERROR] ConditionMgr:805 - Attr not supported : Dmpu
2024-09-16 17:13:06,157 [ERROR] ConditionMgr:805 - Attr not supported : Dmpu
2024-09-16 17:13:06,157 [ERROR] ConditionMgr:805 - Attr not supported : Dmpu
2024-09-16 17:13:06,158 [ERROR] ConditionMgr:805 - Attr not supported : Dmpu
2024-09-16 17:13:06,158 [ERROR] ConditionMgr:805 - Attr not supported : Dmpu
2024-09-16 17:13:06,158 [ERROR] ConditionMgr:805 - Attr not supported : Dmpu
2024-09-16 17:13:06,158 [ERROR] ConditionMgr:805 - Attr not supported : Dmpu
2024-09-16 17:13:06,158 [ERROR] ConditionMgr:805 - Attr not supported : Dmpu
2024-09-16 17:13:06,177 [WARN] PackLoader:240 - Cannot read IP mode file for STMicroelectronics.X-CUBE-BLEMGR.3.0.0
2024-09-16 17:13:06,193 [WARN] PackLoader:240 - Cannot read IP mode file for RealThread.X-CUBE-RT-Thread_Nano.4.1.1
2024-09-16 17:13:06,201 [WARN] PackLoader:240 - Cannot read IP mode file for STMicroelectronics.FP-ATR-SIGFOX1.3.2.0
2024-09-16 17:13:06,210 [WARN] PackLoader:240 - Cannot read IP mode file for STMicroelectronics.X-CUBE-EEPRMA1.5.1.0
2024-09-16 17:13:06,255 [WARN] PackLoader:240 - Cannot read IP mode file for SEGGER.I-CUBE-embOS.1.3.1
2024-09-16 17:13:06,334 [WARN] PackLoader:240 - Cannot read IP mode file for STMicroelectronics.X-CUBE-ALGOBUILD.1.4.0
2024-09-16 17:13:06,345 [WARN] PackLoader:240 - Cannot read IP mode file for STMicroelectronics.X-CUBE-GNSS1.6.0.0
2024-09-16 17:13:06,373 [WARN] PackLoader:240 - Cannot read IP mode file for STMicroelectronics.X-CUBE-AZRTOS-F4.1.1.0
2024-09-16 17:13:06,396 [WARN] PackLoader:240 - Cannot read IP mode file for wolfSSL.I-CUBE-wolfSSL.5.6.4
2024-09-16 17:13:06,403 [WARN] PackLoader:240 - Cannot read IP mode file for STMicroelectronics.X-CUBE-ISPU.2.1.0
2024-09-16 17:13:06,414 [WARN] PackLoader:240 - Cannot read IP mode file for STMicroelectronics.X-CUBE-FREERTOS.1.2.0
2024-09-16 17:13:06,420 [WARN] PackLoader:240 - Cannot read IP mode file for wolfSSL.I-CUBE-wolfSSL.5.6.6
2024-09-16 17:13:06,450 [WARN] PackLoader:240 - Cannot read IP mode file for STMicroelectronics.X-CUBE-AZRTOS-L5.2.0.0
2024-09-16 17:13:06,466 [WARN] PackLoader:240 - Cannot read IP mode file for STMicroelectronics.X-CUBE-EEPRMA1.4.2.0
2024-09-16 17:13:06,520 [WARN] PackLoader:240 - Cannot read IP mode file for STMicroelectronics.X-CUBE-NFC6.3.1.0
2024-09-16 17:13:06,533 [WARN] PackLoader:240 - Cannot read IP mode file for ITTIA_DB.I-CUBE-ITTIADB.8.8.0
2024-09-16 17:13:06,544 [WARN] PackLoader:240 - Cannot read IP mode file for STMicroelectronics.X-CUBE-BLEMGR.2.0.0
2024-09-16 17:13:06,555 [WARN] PackLoader:240 - Cannot read IP mode file for STMicroelectronics.X-CUBE-DPower.1.2.0
2024-09-16 17:13:06,563 [WARN] PackLoader:240 - Cannot read IP mode file for STMicroelectronics.X-CUBE-AI.9.0.0
2024-09-16 17:13:06,588 [WARN] ConditionMgr:438 - getConditionDescription Invalid condition id : UX DEVICE CLASS RTOS Condition cause : null
2024-09-16 17:13:06,588 [WARN] ConditionMgr:438 - getConditionDescription Invalid condition id : UX DEVICE CLASS RTOS Condition cause : null
2024-09-16 17:13:06,593 [WARN] PackLoader:240 - Cannot read IP mode file for STMicroelectronics.X-CUBE-AZRTOS-H7.3.1.0
2024-09-16 17:13:06,595 [WARN] ConditionMgr:1039 - genDependencies : Invalid condition id : UX DEVICE CLASS RTOS Condition cause : null
2024-09-16 17:13:06,595 [WARN] ConditionMgr:1039 - genDependencies : Invalid condition id : UX DEVICE CLASS RTOS Condition cause : null
2024-09-16 17:13:06,597 [WARN] ConditionMgr:1039 - genDependencies : Invalid condition id : UX DEVICE CLASS RTOS Condition cause : null
2024-09-16 17:13:06,598 [WARN] ConditionMgr:1039 - genDependencies : Invalid condition id : UX DEVICE CLASS RTOS Condition cause : null
2024-09-16 17:13:06,598 [WARN] ConditionMgr:1039 - genDependencies : Invalid condition id : UX DEVICE CLASS RTOS Condition cause : null
2024-09-16 17:13:06,611 [WARN] PackLoader:240 - Cannot read IP mode file for STMicroelectronics.X-CUBE-NFC7.1.0.1
2024-09-16 17:13:06,619 [WARN] PackLoader:240 - Cannot read IP mode file for wolfSSL.I-CUBE-wolfTPM.3.2.0
2024-09-16 17:13:06,632 [WARN] PackLoader:240 - Cannot read IP mode file for STMicroelectronics.X-CUBE-NFC6.3.0.0
2024-09-16 17:13:06,643 [WARN] PackLoader:240 - Cannot read IP mode file for STMicroelectronics.X-CUBE-EEPRMA1.4.1.0
2024-09-16 17:13:06,652 [WARN] PackLoader:240 - Cannot read IP mode file for STMicroelectronics.X-CUBE-AI.8.1.0
2024-09-16 17:13:06,689 [WARN] ConditionMgr:438 - getConditionDescription Invalid condition id : LAN8742 Phy interface Condition cause : null
2024-09-16 17:13:06,690 [WARN] PackLoader:240 - Cannot read IP mode file for STMicroelectronics.X-CUBE-AZRTOS-L4.2.0.0
2024-09-16 17:13:06,692 [WARN] ConditionMgr:1039 - genDependencies : Invalid condition id : LAN8742 Phy interface Condition cause : null
2024-09-16 17:13:06,692 [WARN] ConditionMgr:1039 - genDependencies : Invalid condition id : LAN8742 Phy interface Condition cause : null
2024-09-16 17:13:06,693 [WARN] ConditionMgr:1039 - genDependencies : Invalid condition id : LAN8742 Phy interface Condition cause : null
2024-09-16 17:13:06,708 [WARN] PackLoader:240 - Cannot read IP mode file for STMicroelectronics.X-CUBE-SFXS2LP1.4.0.0
2024-09-16 17:13:06,717 [WARN] PackLoader:240 - Cannot read IP mode file for STMicroelectronics.X-CUBE-ISPU.1.1.0
2024-09-16 17:13:06,749 [WARN] PackLoader:240 - Cannot read IP mode file for STMicroelectronics.X-CUBE-AZRTOS-H7.3.3.0
2024-09-16 17:13:06,781 [WARN] ConditionMgr:438 - getConditionDescription Invalid condition id : UX DEVICE CLASS RTOS Condition cause : null
2024-09-16 17:13:06,781 [WARN] ConditionMgr:438 - getConditionDescription Invalid condition id : UX DEVICE CLASS RTOS Condition cause : null
2024-09-16 17:13:06,786 [WARN] PackLoader:240 - Cannot read IP mode file for STMicroelectronics.X-CUBE-AZRTOS-WB.2.0.0
2024-09-16 17:13:06,788 [WARN] ConditionMgr:1039 - genDependencies : Invalid condition id : UX DEVICE CLASS RTOS Condition cause : null
2024-09-16 17:13:06,788 [WARN] ConditionMgr:1039 - genDependencies : Invalid condition id : UX DEVICE CLASS RTOS Condition cause : null
2024-09-16 17:13:06,789 [WARN] ConditionMgr:1039 - genDependencies : Invalid condition id : UX DEVICE CLASS RTOS Condition cause : null
2024-09-16 17:13:06,790 [WARN] ConditionMgr:1039 - genDependencies : Invalid condition id : UX DEVICE CLASS RTOS Condition cause : null
2024-09-16 17:13:06,790 [WARN] ConditionMgr:1039 - genDependencies : Invalid condition id : UX DEVICE CLASS RTOS Condition cause : null
2024-09-16 17:13:06,800 [WARN] PackLoader:240 - Cannot read IP mode file for STMicroelectronics.X-CUBE-GNSS1.7.0.0
2024-09-16 17:13:06,815 [WARN] PackLoader:240 - Cannot read IP mode file for STMicroelectronics.FP-SNS-STBOX1.2.0.0
2024-09-16 17:13:06,841 [WARN] PackLoader:240 - Cannot read IP mode file for STMicroelectronics.X-CUBE-SUBG2.5.0.0
2024-09-16 17:13:06,860 [WARN] PackLoader:240 - Cannot read IP mode file for Cesanta.I-CUBE-Mongoose.7.13.0
2024-09-16 17:13:06,880 [WARN] PackLoader:240 - Cannot read IP mode file for STMicroelectronics.X-CUBE-TOF1.3.3.1
2024-09-16 17:13:06,933 [WARN] PackLoader:240 - Cannot read IP mode file for STMicroelectronics.X-CUBE-AZRTOS-G4.2.0.0
2024-09-16 17:13:06,963 [WARN] PackLoader:240 - Cannot read IP mode file for Infineon.AIROC-Wi-Fi-Bluetooth-STM32.1.5.1
2024-09-16 17:13:06,978 [WARN] PackLoader:240 - Cannot read IP mode file for STMicroelectronics.FP-SNS-MOTENVWB1.1.3.0
2024-09-16 17:13:06,985 [WARN] PackLoader:240 - Cannot read IP mode file for STMicroelectronics.FP-SNS-MOTENVWB1.1.3.1
2024-09-16 17:13:06,993 [WARN] PackLoader:240 - Cannot read IP mode file for STMicroelectronics.X-CUBE-ISPU.2.0.0
2024-09-16 17:13:07,003 [WARN] PackLoader:240 - Cannot read IP mode file for STMicroelectronics.X-CUBE-ALS.1.0.2
2024-09-16 17:13:07,102 [WARN] PackLoader:240 - Cannot read IP mode file for STMicroelectronics.X-CUBE-MEMS1.10.0.0
2024-09-16 17:13:07,410 [WARN] PackLoader:240 - Cannot read IP mode file for STMicroelectronics.X-CUBE-FREERTOS.1.1.0
2024-09-16 17:13:07,416 [WARN] PackLoader:240 - Cannot read IP mode file for STMicroelectronics.X-CUBE-TOUCHGFX.4.24.0
2024-09-16 17:13:07,425 [WARN] PackLoader:240 - Cannot read IP mode file for portGmbH.I-Cube-SoM-uGOAL.1.1.0
2024-09-16 17:13:07,432 [WARN] PackLoader:240 - Cannot read IP mode file for STMicroelectronics.X-CUBE-ALS.1.0.1
2024-09-16 17:13:07,472 [WARN] PackLoader:240 - Cannot read IP mode file for STMicroelectronics.X-CUBE-AZRTOS-H7RS.1.0.0
2024-09-16 17:13:07,486 [WARN] PackLoader:240 - Cannot read IP mode file for STMicroelectronics.FP-ATR-ASTRA1.2.0.0
2024-09-16 17:13:07,506 [WARN] PackLoader:240 - Cannot read IP mode file for STMicroelectronics.X-CUBE-TOF1.3.4.2
2024-09-16 17:13:07,550 [WARN] PackLoader:240 - Cannot read IP mode file for STMicroelectronics.X-CUBE-TOF1.3.4.0
2024-09-16 17:13:07,593 [WARN] PackLoader:240 - Cannot read IP mode file for STMicroelectronics.X-CUBE-TOF1.3.4.1
2024-09-16 17:13:07,668 [WARN] PackLoader:240 - Cannot read IP mode file for STMicroelectronics.X-CUBE-AZRTOS-H7.3.2.0
2024-09-16 17:13:07,681 [WARN] PackLoader:240 - Cannot read IP mode file for wolfSSL.I-CUBE-wolfSSH.1.4.17
2024-09-16 17:13:07,682 [INFO] ThirdParty:978 - Integrity check success = true
2024-09-16 17:13:07,682 [INFO] IntegrityCheckThread:100 - exiting critical section [integrity check]
2024-09-16 17:13:07,683 [INFO] IntegrityCheckThread:103 - End integrity checks thread
2024-09-16 17:13:09,541 [INFO] WebApp:189 - Connection lost
2024-09-16 17:13:09,887 [INFO] WebApp:186 - Connection restablished
2024-09-16 17:13:42,924 [INFO] WebApp:189 - Connection lost
2024-09-16 17:13:43,304 [INFO] WebApp:186 - Connection restablished
2024-09-16 17:17:26,862 [INFO] WebApp:189 - Connection lost
2024-09-16 17:17:27,194 [INFO] WebApp:186 - Connection restablished
2024-09-16 17:17:29,955 [INFO] WebApp:189 - Connection lost
2024-09-16 17:17:30,148 [INFO] WebApp:186 - Connection restablished
2024-09-16 18:14:23,943 [INFO] WebApp:189 - Connection lost
2024-09-16 18:14:24,209 [INFO] WebApp:186 - Connection restablished
2024-09-16 19:29:40,446 [INFO] WebApp:189 - Connection lost
2024-09-16 19:29:40,723 [INFO] WebApp:186 - Connection restablished
2024-09-16 20:09:59,950 [INFO] WebApp:189 - Connection lost
2024-09-16 20:10:00,260 [INFO] WebApp:186 - Connection restablished
2024-09-16 21:53:20,937 [INFO] WebApp:189 - Connection lost
2024-09-16 21:53:21,153 [INFO] WebApp:186 - Connection restablished
2024-09-16 23:03:02,421 [INFO] WebApp:189 - Connection lost
2024-09-16 23:03:05,844 [INFO] WebApp:186 - Connection restablished
2024-09-16 23:03:10,922 [INFO] WebApp:189 - Connection lost
2024-09-16 23:03:11,111 [INFO] WebApp:186 - Connection restablished
2024-09-16 23:12:50,423 [INFO] WebApp:189 - Connection lost
2024-09-16 23:12:50,675 [INFO] WebApp:186 - Connection restablished
2024-09-16 23:18:30,939 [INFO] WebApp:189 - Connection lost
2024-09-16 23:18:41,894 [INFO] WebApp:186 - Connection restablished
2024-09-16 23:21:13,450 [INFO] WebApp:189 - Connection lost
2024-09-16 23:21:13,762 [INFO] WebApp:186 - Connection restablished
2024-09-16 23:22:20,956 [INFO] WebApp:189 - Connection lost
2024-09-16 23:22:21,325 [INFO] WebApp:186 - Connection restablished
