2024-09-12 02:13:47,600 [ERROR] LogOutputStream:75 - [STDERR_REDIRECT] 
2024-09-12 21:55:27,548 [INFO] Activator:176 - 


2024-09-12 21:55:27,553 [INFO] Activator:177 - !SESSION log4j initialized
2024-09-12 21:55:40,116 [INFO] LogOutputStream:77 - [STDOUT_REDIRECT] 
2024-09-12 21:55:42,647 [INFO] ApplicationProperties:184 - Using Application install path: C:\ST\STM32CubeIDE_1.11.0\STM32CubeIDE\plugins\com.st.stm32cube.common.mx_6.12.0.202406281431
2024-09-12 21:55:42,677 [INFO] DbMcusXml:78 - Set database path to: C:\ST\STM32CubeIDE_1.11.0\STM32CubeIDE\plugins\com.st.stm32cube.common.mx_6.12.0.202406281431\\db\/mcu/
2024-09-12 21:55:42,677 [INFO] ApiDb:274 - Set plugin database path to: C:\ST\STM32CubeIDE_1.11.0\STM32CubeIDE\plugins\com.st.stm32cube.common.mx_6.12.0.202406281431\\db\/plugins/boardmanager/
2024-09-12 21:55:42,678 [WARN] ApiDb:259 - Overriding images path with different value:  => C:\ST\STM32CubeIDE_1.11.0\STM32CubeIDE\plugins\com.st.stm32cube.common.mx_6.12.0.202406281431\\db\/plugins/mcufinder/images/
2024-09-12 21:55:42,691 [INFO] ApiDb:250 - Set database path to: C:\Users\ayoub\.stmcufinder\plugins\mcufinder//mcu/
2024-09-12 21:55:42,693 [INFO] DbMcusAds:125 - Set database path to: C:\Users\ayoub\.stmcufinder\plugins\mcufinder//mcu/
2024-09-12 21:55:42,697 [INFO] CrossReferenceDbSqlite:203 - Set database path to: C:\Users\ayoub\.stmcufinder\plugins\mcufinder//mcu/cs/
2024-09-12 21:55:42,911 [INFO] RulesReader:64 - Compatibility file has been processed (297 Rules)
2024-09-12 21:55:43,066 [INFO] DbMcusXml:78 - Set database path to: C:\ST\STM32CubeIDE_1.11.0\STM32CubeIDE\plugins\com.st.stm32cube.common.mx_6.12.0.202406281431\\db\/mcu/
2024-09-12 21:55:43,066 [INFO] ApiDb:274 - Set plugin database path to: C:\ST\STM32CubeIDE_1.11.0\STM32CubeIDE\plugins\com.st.stm32cube.common.mx_6.12.0.202406281431\\db\/plugins/boardmanager/
2024-09-12 21:55:43,067 [INFO] ApiDb:261 - Set plugin images path to: C:\ST\STM32CubeIDE_1.11.0\STM32CubeIDE\plugins\com.st.stm32cube.common.mx_6.12.0.202406281431\\db\/plugins/mcufinder/images/
2024-09-12 21:55:43,067 [WARN] DbFile:41 - Overriding database path with different value: C:\Users\ayoub\.stmcufinder\plugins\mcufinder/ => C:\Users\ayoub\.stmcufinder\plugins\mcufinder
2024-09-12 21:55:43,068 [INFO] ApiDb:250 - Set database path to: C:\Users\ayoub\.stmcufinder\plugins\mcufinder//mcu/
2024-09-12 21:55:43,068 [WARN] DbFile:41 - Overriding database path with different value: C:\Users\ayoub\.stmcufinder\plugins\mcufinder/ => C:\Users\ayoub\.stmcufinder\plugins\mcufinder
2024-09-12 21:55:43,068 [INFO] DbMcusAds:125 - Set database path to: C:\Users\ayoub\.stmcufinder\plugins\mcufinder//mcu/
2024-09-12 21:55:43,068 [WARN] DbFile:41 - Overriding database path with different value: C:\Users\ayoub\.stmcufinder\plugins\mcufinder/ => C:\Users\ayoub\.stmcufinder\plugins\mcufinder
2024-09-12 21:55:43,069 [WARN] DbFile:41 - Overriding database path with different value: C:\Users\ayoub\.stmcufinder\plugins\mcufinder/ => C:\Users\ayoub\.stmcufinder\plugins\mcufinder
2024-09-12 21:55:43,069 [INFO] CrossReferenceDbSqlite:203 - Set database path to: C:\Users\ayoub\.stmcufinder\plugins\mcufinder//mcu/cs/
2024-09-12 21:55:43,258 [INFO] MainPanel:268 - HeapMemory: 268435456
2024-09-12 21:55:43,434 [INFO] DbMcusXml:78 - Set database path to: C:\ST\STM32CubeIDE_1.11.0\STM32CubeIDE\plugins\com.st.stm32cube.common.mx_6.12.0.202406281431\\db\/mcu/
2024-09-12 21:55:43,434 [INFO] ApiDb:274 - Set plugin database path to: C:\ST\STM32CubeIDE_1.11.0\STM32CubeIDE\plugins\com.st.stm32cube.common.mx_6.12.0.202406281431\\db\/plugins/boardmanager/
2024-09-12 21:55:43,434 [INFO] ApiDb:261 - Set plugin images path to: C:\ST\STM32CubeIDE_1.11.0\STM32CubeIDE\plugins\com.st.stm32cube.common.mx_6.12.0.202406281431\\db\/plugins/mcufinder/images/
2024-09-12 21:55:43,437 [WARN] DbFile:41 - Overriding database path with different value: C:\Users\ayoub\.stmcufinder\plugins\mcufinder/ => C:\Users\ayoub\.stmcufinder\plugins\mcufinder
2024-09-12 21:55:43,437 [INFO] ApiDb:250 - Set database path to: C:\Users\ayoub\.stmcufinder\plugins\mcufinder//mcu/
2024-09-12 21:55:43,437 [WARN] DbFile:41 - Overriding database path with different value: C:\Users\ayoub\.stmcufinder\plugins\mcufinder/ => C:\Users\ayoub\.stmcufinder\plugins\mcufinder
2024-09-12 21:55:43,437 [INFO] DbMcusAds:125 - Set database path to: C:\Users\ayoub\.stmcufinder\plugins\mcufinder//mcu/
2024-09-12 21:55:43,437 [WARN] DbFile:41 - Overriding database path with different value: C:\Users\ayoub\.stmcufinder\plugins\mcufinder/ => C:\Users\ayoub\.stmcufinder\plugins\mcufinder
2024-09-12 21:55:43,437 [WARN] DbFile:41 - Overriding database path with different value: C:\Users\ayoub\.stmcufinder\plugins\mcufinder/ => C:\Users\ayoub\.stmcufinder\plugins\mcufinder
2024-09-12 21:55:43,437 [INFO] CrossReferenceDbSqlite:203 - Set database path to: C:\Users\ayoub\.stmcufinder\plugins\mcufinder//mcu/cs/
2024-09-12 21:55:43,476 [INFO] ApplicationProperties:184 - Using Application install path: C:\ST\STM32CubeIDE_1.11.0\STM32CubeIDE\plugins\com.st.stm32cube.common.mx_6.12.0.202406281431
2024-09-12 21:55:43,480 [INFO] PluginManage:196 - Search for loadable plugins [exclusion list=, ]
2024-09-12 21:55:43,482 [INFO] PluginManage:310 - Check plugin analytics
2024-09-12 21:55:43,798 [INFO] AnalyticsPlugin:253 - Accepted Software Licenses: STM32CubeMX.6.11.0
2024-09-12 21:55:43,799 [INFO] AnalyticsPlugin:255 - Accepted CMSIS Pack Licenses: STMicroelectronics.X-CUBE-SAFEA1.1.2.2
2024-09-12 21:55:43,799 [INFO] AnalyticsPlugin:257 - Accepted Firmware Licenses: FW.F4.1.27.0,FW.H7.1.11.0
2024-09-12 21:55:43,805 [INFO] PluginManage:359 - Loaded plugin analytics (category:tool,tabindex:-1)
2024-09-12 21:55:43,806 [INFO] PluginManage:310 - Check plugin cadmodel
2024-09-12 21:55:43,813 [INFO] CADModel:105 - Init CAD model plugin
2024-09-12 21:55:43,814 [INFO] PluginManage:359 - Loaded plugin cadmodel (category:power,tabindex:5)
2024-09-12 21:55:43,814 [INFO] PluginManage:310 - Check plugin clock
2024-09-12 21:55:43,833 [INFO] PluginManage:359 - Loaded plugin clock (category:base,tabindex:2)
2024-09-12 21:55:43,833 [INFO] PluginManage:310 - Check plugin ddr
2024-09-12 21:55:43,838 [INFO] PluginManage:359 - Loaded plugin ddr (category:tool,tabindex:6)
2024-09-12 21:55:43,838 [INFO] PluginManage:310 - Check plugin filemanager
2024-09-12 21:55:44,112 [INFO] PluginManage:359 - Loaded plugin filemanager (category:base,tabindex:10)
2024-09-12 21:55:44,112 [INFO] PluginManage:310 - Check plugin ipmanager
2024-09-12 21:55:44,125 [INFO] PluginManage:359 - Loaded plugin ipmanager (category:base,tabindex:5)
2024-09-12 21:55:44,125 [INFO] PluginManage:310 - Check plugin lpbam
2024-09-12 21:55:44,140 [INFO] PluginManage:359 - Loaded plugin lpbam (category:base,tabindex:0)
2024-09-12 21:55:44,140 [INFO] PluginManage:310 - Check plugin memorymap
2024-09-12 21:55:44,165 [INFO] PluginManage:359 - Loaded plugin memorymap (category:base,tabindex:4)
2024-09-12 21:55:44,166 [INFO] PluginManage:310 - Check plugin pinoutandconfiguration
2024-09-12 21:55:44,182 [INFO] PluginManage:359 - Loaded plugin pinoutandconfiguration (category:base,tabindex:1)
2024-09-12 21:55:44,182 [INFO] PluginManage:310 - Check plugin pinoutconfig
2024-09-12 21:55:44,340 [WARN] SupportedApi:132 - Cannot load RTOS API schema: s4s-elt-must-match.1: The content of 'definitions' must match (annotation?, (simpleType | complexType)?, (unique | key | keyref)*)). A problem was found starting at: attribute.
2024-09-12 21:55:44,593 [INFO] PluginManage:359 - Loaded plugin pinoutconfig (category:base,tabindex:0)
2024-09-12 21:55:44,593 [INFO] PluginManage:310 - Check plugin power
2024-09-12 21:55:44,620 [INFO] PluginManage:359 - Loaded plugin power (category:power,tabindex:4)
2024-09-12 21:55:44,620 [INFO] PluginManage:310 - Check plugin projectmanager
2024-09-12 21:55:44,654 [INFO] PluginManage:359 - Loaded plugin projectmanager (category:projectmanager,tabindex:4)
2024-09-12 21:55:44,654 [INFO] PluginManage:310 - Check plugin rif
2024-09-12 21:55:44,668 [INFO] PluginManage:359 - Loaded plugin rif (category:base,tabindex:3)
2024-09-12 21:55:44,669 [INFO] PluginManage:310 - Check plugin thirdparty
2024-09-12 21:55:44,946 [WARN] IntegrityCheckThread:84 - waiting for thirdparty lock release [integrity check]
2024-09-12 21:55:44,947 [INFO] PluginManage:359 - Loaded plugin thirdparty (category:base,tabindex:-1)
2024-09-12 21:55:44,947 [INFO] IntegrityCheckThread:86 - entering critical section [integrity check]
2024-09-12 21:55:44,947 [INFO] PluginManage:310 - Check plugin tools
2024-09-12 21:55:44,948 [INFO] ThirdPartyUpdaterWithRetryManager:70 - Updater plugin not ready yet. [1/15]
2024-09-12 21:55:44,953 [INFO] PluginManage:359 - Loaded plugin tools (category:base,tabindex:7)
2024-09-12 21:55:44,954 [INFO] PluginManage:310 - Check plugin tutovideos
2024-09-12 21:55:45,256 [INFO] PluginManage:359 - Loaded plugin tutovideos (category:base,tabindex:-1)
2024-09-12 21:55:45,257 [INFO] PluginManage:310 - Check plugin updater
2024-09-12 21:55:45,284 [INFO] PluginManage:359 - Loaded plugin updater (category:base,tabindex:12)
2024-09-12 21:55:45,285 [INFO] PluginManage:310 - Check plugin userauth
2024-09-12 21:55:45,294 [INFO] UserAuth:113 - Init User Auth plugin
2024-09-12 21:55:45,294 [INFO] PluginManage:359 - Loaded plugin userauth (category:base,tabindex:14)
2024-09-12 21:55:45,295 [INFO] PluginManage:283 - PluginManage : Loaded plugins [18]
2024-09-12 21:55:45,618 [INFO] PinOutPanel:1561 - setPackage(No Configuration,No Configuration)
2024-09-12 21:55:45,752 [INFO] CADModel:165 - CPN selected for project level
2024-09-12 21:55:45,752 [INFO] CADModel:114 - Register for checkConnection events
2024-09-12 21:55:45,794 [INFO] IPUIPlugin:80 - create IPUIPlugin
2024-09-12 21:55:45,794 [INFO] PluginManager:220 - loadIPPluginJar : add adc
2024-09-12 21:55:45,800 [INFO] IPUIPlugin:80 - create IPUIPlugin
2024-09-12 21:55:45,800 [INFO] PluginManager:220 - loadIPPluginJar : add aes
2024-09-12 21:55:45,805 [INFO] IPUIPlugin:80 - create IPUIPlugin
2024-09-12 21:55:45,805 [INFO] PluginManager:220 - loadIPPluginJar : add can
2024-09-12 21:55:45,809 [INFO] IPUIPlugin:80 - create IPUIPlugin
2024-09-12 21:55:45,809 [INFO] PluginManager:220 - loadIPPluginJar : add comp
2024-09-12 21:55:45,813 [INFO] IPUIPlugin:80 - create IPUIPlugin
2024-09-12 21:55:45,813 [INFO] PluginManager:220 - loadIPPluginJar : add cryp
2024-09-12 21:55:45,819 [INFO] IPUIPlugin:80 - create IPUIPlugin
2024-09-12 21:55:45,819 [INFO] PluginManager:220 - loadIPPluginJar : add ddr_ctrl_phy
2024-09-12 21:55:45,823 [INFO] IPUIPlugin:80 - create IPUIPlugin
2024-09-12 21:55:45,823 [INFO] PluginManager:220 - loadIPPluginJar : add dfsdm
2024-09-12 21:55:45,833 [INFO] IPUIPlugin:80 - create IPUIPlugin
2024-09-12 21:55:45,833 [INFO] PluginManager:220 - loadIPPluginJar : add dma
2024-09-12 21:55:45,839 [INFO] IPUIPlugin:80 - create IPUIPlugin
2024-09-12 21:55:45,839 [INFO] PluginManager:220 - loadIPPluginJar : add dma3
2024-09-12 21:55:45,844 [INFO] IPUIPlugin:80 - create IPUIPlugin
2024-09-12 21:55:45,844 [INFO] PluginManager:220 - loadIPPluginJar : add extmemmanager
2024-09-12 21:55:45,847 [INFO] IPUIPlugin:80 - create IPUIPlugin
2024-09-12 21:55:45,847 [INFO] PluginManager:220 - loadIPPluginJar : add fatfs
2024-09-12 21:55:45,855 [INFO] IPUIPlugin:80 - create IPUIPlugin
2024-09-12 21:55:45,855 [INFO] PluginManager:220 - loadIPPluginJar : add fmc
2024-09-12 21:55:45,863 [INFO] IPUIPlugin:80 - create IPUIPlugin
2024-09-12 21:55:45,864 [INFO] PluginManager:220 - loadIPPluginJar : add freertos
2024-09-12 21:55:45,867 [INFO] IPUIPlugin:80 - create IPUIPlugin
2024-09-12 21:55:45,867 [INFO] PluginManager:220 - loadIPPluginJar : add genericplugin
2024-09-12 21:55:45,872 [INFO] IPUIPlugin:80 - create IPUIPlugin
2024-09-12 21:55:45,872 [INFO] PluginManager:220 - loadIPPluginJar : add gfxmmu
2024-09-12 21:55:45,880 [INFO] IPUIPlugin:80 - create IPUIPlugin
2024-09-12 21:55:45,880 [INFO] PluginManager:220 - loadIPPluginJar : add gic
2024-09-12 21:55:45,887 [INFO] IPUIPlugin:80 - create IPUIPlugin
2024-09-12 21:55:45,887 [INFO] PluginManager:220 - loadIPPluginJar : add gpio
2024-09-12 21:55:45,892 [INFO] IPUIPlugin:80 - create IPUIPlugin
2024-09-12 21:55:45,893 [INFO] PluginManager:220 - loadIPPluginJar : add gtzc
2024-09-12 21:55:45,897 [INFO] IPUIPlugin:80 - create IPUIPlugin
2024-09-12 21:55:45,898 [INFO] PluginManager:220 - loadIPPluginJar : add hash
2024-09-12 21:55:45,903 [INFO] IPUIPlugin:80 - create IPUIPlugin
2024-09-12 21:55:45,903 [INFO] PluginManager:220 - loadIPPluginJar : add i2c
2024-09-12 21:55:45,908 [INFO] IPUIPlugin:80 - create IPUIPlugin
2024-09-12 21:55:45,908 [INFO] PluginManager:220 - loadIPPluginJar : add i2s
2024-09-12 21:55:45,913 [INFO] IPUIPlugin:80 - create IPUIPlugin
2024-09-12 21:55:45,913 [INFO] PluginManager:220 - loadIPPluginJar : add i3c
2024-09-12 21:55:45,919 [INFO] IPUIPlugin:80 - create IPUIPlugin
2024-09-12 21:55:45,943 [INFO] PluginManager:220 - loadIPPluginJar : add ipddr
2024-09-12 21:55:45,958 [INFO] IPUIPlugin:80 - create IPUIPlugin
2024-09-12 21:55:45,958 [INFO] PluginManager:220 - loadIPPluginJar : add linkedlist
2024-09-12 21:55:45,964 [INFO] IPUIPlugin:80 - create IPUIPlugin
2024-09-12 21:55:45,965 [INFO] PluginManager:220 - loadIPPluginJar : add lorawan
2024-09-12 21:55:45,969 [INFO] IPUIPlugin:80 - create IPUIPlugin
2024-09-12 21:55:45,969 [INFO] PluginManager:220 - loadIPPluginJar : add ltdc
2024-09-12 21:55:45,978 [INFO] IPUIPlugin:80 - create IPUIPlugin
2024-09-12 21:55:45,979 [INFO] PluginManager:220 - loadIPPluginJar : add mdma
2024-09-12 21:55:45,985 [INFO] IPUIPlugin:80 - create IPUIPlugin
2024-09-12 21:55:45,986 [INFO] PluginManager:220 - loadIPPluginJar : add nvic
2024-09-12 21:55:45,991 [INFO] IPUIPlugin:80 - create IPUIPlugin
2024-09-12 21:55:45,991 [INFO] PluginManager:220 - loadIPPluginJar : add opamp
2024-09-12 21:55:45,997 [INFO] IPUIPlugin:80 - create IPUIPlugin
2024-09-12 21:55:45,998 [INFO] PluginManager:220 - loadIPPluginJar : add openamp
2024-09-12 21:55:46,003 [INFO] IPUIPlugin:80 - create IPUIPlugin
2024-09-12 21:55:46,003 [INFO] PluginManager:220 - loadIPPluginJar : add pdm2pcm
2024-09-12 21:55:46,012 [INFO] IPUIPlugin:80 - create IPUIPlugin
2024-09-12 21:55:46,016 [INFO] PluginManager:220 - loadIPPluginJar : add plateformsettings
2024-09-12 21:55:46,019 [INFO] IPUIPlugin:80 - create IPUIPlugin
2024-09-12 21:55:46,020 [INFO] PluginManager:220 - loadIPPluginJar : add quadspi
2024-09-12 21:55:46,023 [INFO] IPUIPlugin:80 - create IPUIPlugin
2024-09-12 21:55:46,024 [INFO] PluginManager:220 - loadIPPluginJar : add radio
2024-09-12 21:55:46,035 [INFO] IPUIPlugin:80 - create IPUIPlugin
2024-09-12 21:55:46,035 [INFO] PluginManager:220 - loadIPPluginJar : add resmgrutility
2024-09-12 21:55:46,040 [INFO] IPUIPlugin:80 - create IPUIPlugin
2024-09-12 21:55:46,040 [INFO] PluginManager:220 - loadIPPluginJar : add sai
2024-09-12 21:55:46,045 [INFO] IPUIPlugin:80 - create IPUIPlugin
2024-09-12 21:55:46,045 [INFO] PluginManager:220 - loadIPPluginJar : add spi
2024-09-12 21:55:46,053 [INFO] IPUIPlugin:80 - create IPUIPlugin
2024-09-12 21:55:46,054 [INFO] PluginManager:220 - loadIPPluginJar : add stm32_wpan
2024-09-12 21:55:46,057 [INFO] IPUIPlugin:80 - create IPUIPlugin
2024-09-12 21:55:46,057 [INFO] PluginManager:220 - loadIPPluginJar : add tim
2024-09-12 21:55:46,062 [INFO] IPUIPlugin:80 - create IPUIPlugin
2024-09-12 21:55:46,063 [INFO] PluginManager:220 - loadIPPluginJar : add touchsensing
2024-09-12 21:55:46,066 [INFO] IPUIPlugin:80 - create IPUIPlugin
2024-09-12 21:55:46,067 [INFO] PluginManager:220 - loadIPPluginJar : add tracer_emb
2024-09-12 21:55:46,070 [INFO] IPUIPlugin:80 - create IPUIPlugin
2024-09-12 21:55:46,070 [INFO] PluginManager:220 - loadIPPluginJar : add ts
2024-09-12 21:55:46,073 [INFO] IPUIPlugin:80 - create IPUIPlugin
2024-09-12 21:55:46,074 [INFO] PluginManager:220 - loadIPPluginJar : add tsc
2024-09-12 21:55:46,077 [INFO] IPUIPlugin:80 - create IPUIPlugin
2024-09-12 21:55:46,077 [INFO] PluginManager:220 - loadIPPluginJar : add ucpd
2024-09-12 21:55:46,082 [INFO] IPUIPlugin:80 - create IPUIPlugin
2024-09-12 21:55:46,082 [INFO] PluginManager:220 - loadIPPluginJar : add usart
2024-09-12 21:55:46,087 [INFO] IPUIPlugin:80 - create IPUIPlugin
2024-09-12 21:55:46,088 [INFO] PluginManager:220 - loadIPPluginJar : add usbx
2024-09-12 21:55:46,268 [INFO] CADModel:165 - CPN selected for project level
2024-09-12 21:55:46,269 [INFO] CADModel:114 - Register for checkConnection events
2024-09-12 21:55:46,269 [FATAL] Updater:334 - Updater called before beeing initialized
2024-09-12 21:55:46,270 [ERROR] CADModel:125 - Updater not yet initialized, retry later 
2024-09-12 21:55:46,471 [INFO] CADModel:165 - CPN selected for project level
2024-09-12 21:55:46,471 [INFO] CADModel:114 - Register for checkConnection events
2024-09-12 21:55:46,471 [FATAL] Updater:334 - Updater called before beeing initialized
2024-09-12 21:55:46,471 [ERROR] CADModel:125 - Updater not yet initialized, retry later 
2024-09-12 21:55:46,475 [FATAL] Updater:334 - Updater called before beeing initialized
2024-09-12 21:55:46,650 [FATAL] Updater:334 - Updater called before beeing initialized
2024-09-12 21:55:46,660 [INFO] DbMcusAds:53 - JSON generation date=Thu May 16 10:22:00 WEST 2024 (1715851320667)
2024-09-12 21:55:46,660 [FATAL] Updater:334 - Updater called before beeing initialized
2024-09-12 21:55:46,735 [WARN] DetailPanel:346 - Failed to get advertising image, set to default
2024-09-12 21:55:46,886 [FATAL] Updater:334 - Updater called before beeing initialized
2024-09-12 21:55:46,889 [FATAL] Updater:334 - Updater called before beeing initialized
2024-09-12 21:55:46,889 [FATAL] Updater:334 - Updater called before beeing initialized
2024-09-12 21:55:46,889 [WARN] DetailPanel:346 - Failed to get advertising image, set to default
2024-09-12 21:55:46,891 [FATAL] Updater:334 - Updater called before beeing initialized
2024-09-12 21:55:46,978 [ERROR] Updater:1164 - MainUpdater not yet initialized. External WinMGr cannot be set.
2024-09-12 21:55:46,984 [INFO] Updater:1100 - Updater Version found : 6.12.0
2024-09-12 21:55:47,016 [INFO] ApplicationProperties:184 - Using Application install path: C:\ST\STM32CubeIDE_1.11.0\STM32CubeIDE\plugins\com.st.stm32cube.common.mx_6.12.0.202406281431
2024-09-12 21:55:47,951 [INFO] ThirdPartyUpdaterWithRetryManager:70 - Updater plugin not ready yet. [2/15]
2024-09-12 21:55:48,935 [INFO] MainUpdater:2873 - connection check result : 10
2024-09-12 21:55:48,936 [INFO] MainUpdater:290 - Updater Check For Update Now.
2024-09-12 21:55:48,936 [INFO] MicroXplorer:498 - Change Database Version : DB.6.0.120
2024-09-12 21:55:48,947 [INFO] McuFinderGlobals:63 - Set McuFinder mode to 2 (CubeIDE integrated)
2024-09-12 21:55:48,948 [INFO] UserAuth:417 - Internet connection configuration mode: 1
2024-09-12 21:55:48,972 [INFO] JxBrowserEngine:152 - Initiate JxBrowser Engine with user profile folder
2024-09-12 21:55:49,145 [INFO] CheckServerUpdateThread:120 - End of CheckServer Thread
2024-09-12 21:55:50,206 [INFO] WebApp:167 - Instantiating new browser for Auth
2024-09-12 21:55:51,393 [WARN] PackLoader:240 - Cannot read IP mode file for STMicroelectronics.FP-SNS-MOTENVWB1.1.4.0
2024-09-12 21:55:51,419 [WARN] PackLoader:240 - Cannot read IP mode file for STMicroelectronics.X-CUBE-SMBUS.2.1.0
2024-09-12 21:55:51,428 [WARN] PackLoader:240 - Cannot read IP mode file for STMicroelectronics.X-CUBE-TOUCHGFX.4.23.0
2024-09-12 21:55:51,433 [WARN] PackLoader:240 - Cannot read IP mode file for STMicroelectronics.X-CUBE-TOUCHGFX.4.23.2
2024-09-12 21:55:51,554 [WARN] PackLoader:240 - Cannot read IP mode file for STMicroelectronics.X-CUBE-AZRTOS-F7.1.1.0
2024-09-12 21:55:51,598 [WARN] PackLoader:240 - Cannot read IP mode file for STMicroelectronics.FP-SNS-MOTENV1.4.3.2
2024-09-12 21:55:51,893 [WARN] PackLoader:240 - Cannot read IP mode file for STMicroelectronics.X-CUBE-MEMS1.11.0.0
2024-09-12 21:55:52,072 [INFO] WebApp:448 - Apply proxy settings
2024-09-12 21:55:52,072 [INFO] WebApp:533 - Chromium requires no authentication
2024-09-12 21:55:52,120 [INFO] WebApp:476 - Direct internet connection detected
2024-09-12 21:55:52,280 [INFO] WebApp:869 - Register for checkConnection events
2024-09-12 21:55:52,281 [INFO] WebApp:448 - Apply proxy settings
2024-09-12 21:55:52,281 [INFO] WebApp:533 - Chromium requires no authentication
2024-09-12 21:55:52,283 [INFO] WebApp:476 - Direct internet connection detected
2024-09-12 21:55:52,717 [WARN] PackLoader:240 - Cannot read IP mode file for STMicroelectronics.FP-SNS-FLIGHT1.5.0.2
2024-09-12 21:55:52,767 [WARN] PackLoader:240 - Cannot read IP mode file for STMicroelectronics.X-CUBE-DISPLAY.3.0.0
2024-09-12 21:55:52,792 [INFO] WebApp:186 - Connection restablished
2024-09-12 21:55:52,809 [WARN] PackLoader:240 - Cannot read IP mode file for STMicroelectronics.X-CUBE-BLE1.7.0.0
2024-09-12 21:55:52,830 [WARN] PackLoader:240 - Cannot read IP mode file for emotas.I-CUBE-CANOPEN.1.3.0
2024-09-12 21:55:52,859 [WARN] PackLoader:240 - Cannot read IP mode file for STMicroelectronics.X-CUBE-TOUCHGFX.4.22.1
2024-09-12 21:55:52,925 [WARN] PackLoader:240 - Cannot read IP mode file for STMicroelectronics.X-CUBE-BLEMGR.3.1.0
2024-09-12 21:55:52,965 [WARN] PackLoader:240 - Cannot read IP mode file for STMicroelectronics.FP-SNS-SMARTAG2.1.2.0
2024-09-12 21:55:53,044 [INFO] LogOutputStream:77 - [STDOUT_REDIRECT] 1 : Invalid condition id : UX_CORESTACK_Condition cause : null
2024-09-12 21:55:53,049 [INFO] LogOutputStream:77 - [STDOUT_REDIRECT] 1 : Invalid condition id : UX_CORESTACK_Condition cause : null
2024-09-12 21:55:53,056 [INFO] LogOutputStream:77 - [STDOUT_REDIRECT] 1 : Invalid condition id : UX_CORESTACK_Condition cause : null
2024-09-12 21:55:53,066 [INFO] LogOutputStream:77 - [STDOUT_REDIRECT] 1 : Invalid condition id : UX_CORESTACK_Condition cause : null
2024-09-12 21:55:53,074 [INFO] LogOutputStream:77 - [STDOUT_REDIRECT] 1 : Invalid condition id : UX_CORESTACK_Condition cause : null
2024-09-12 21:55:53,088 [WARN] PackLoader:240 - Cannot read IP mode file for STMicroelectronics.X-CUBE-AZRTOS-WL.2.0.0
2024-09-12 21:55:53,119 [WARN] PackLoader:240 - Cannot read IP mode file for STMicroelectronics.FP-SNS-MOTENV1.5.0.0
2024-09-12 21:55:53,182 [WARN] PackLoader:240 - Cannot read IP mode file for wolfSSL.I-CUBE-wolfMQTT.1.19.0
2024-09-12 21:55:53,247 [WARN] PackLoader:240 - Cannot read IP mode file for WES.I-CUBE-Cesium.1.3.0
2024-09-12 21:55:53,268 [WARN] PackLoader:240 - Cannot read IP mode file for STMicroelectronics.X-CUBE-BLE2.3.3.0
2024-09-12 21:55:53,302 [WARN] PackLoader:240 - Cannot read IP mode file for STMicroelectronics.X-CUBE-TCPP.4.1.0
2024-09-12 21:55:53,336 [WARN] PackLoader:240 - Cannot read IP mode file for STMicroelectronics.X-CUBE-ALGOBUILD.1.3.0
2024-09-12 21:55:53,423 [WARN] PackLoader:240 - Cannot read IP mode file for STMicroelectronics.X-CUBE-AZRTOS-G0.1.1.0
2024-09-12 21:55:53,478 [WARN] PackLoader:240 - Cannot read IP mode file for STMicroelectronics.X-CUBE-SAFEA1.1.2.2
2024-09-12 21:55:53,657 [INFO] WebApp:220 - Starting web application
2024-09-12 21:55:53,658 [INFO] WebApp:578 - Web application path used C:\ST\STM32CubeIDE_1.11.0\STM32CubeIDE\plugins\com.st.stm32cube.common.mx_6.12.0.202406281431\db\plugins\mcufinder\reactClient1\index.html
2024-09-12 21:55:53,882 [WARN] PackLoader:240 - Cannot read IP mode file for STMicroelectronics.X-CUBE-NFC4.3.0.0
2024-09-12 21:55:53,918 [WARN] PackLoader:240 - Cannot read IP mode file for EmbeddedOffice.I-CUBE-FS-RTOS.1.0.1
2024-09-12 21:55:53,919 [ERROR] ConditionMgr:805 - Attr not supported : Dmpu
2024-09-12 21:55:53,920 [ERROR] ConditionMgr:805 - Attr not supported : Dmpu
2024-09-12 21:55:53,920 [ERROR] ConditionMgr:805 - Attr not supported : Dmpu
2024-09-12 21:55:53,921 [ERROR] ConditionMgr:805 - Attr not supported : Dmpu
2024-09-12 21:55:53,921 [ERROR] ConditionMgr:805 - Attr not supported : Dmpu
2024-09-12 21:55:53,921 [ERROR] ConditionMgr:805 - Attr not supported : Dmpu
2024-09-12 21:55:53,921 [ERROR] ConditionMgr:805 - Attr not supported : Dmpu
2024-09-12 21:55:53,921 [ERROR] ConditionMgr:805 - Attr not supported : Dmpu
2024-09-12 21:55:53,922 [ERROR] ConditionMgr:805 - Attr not supported : Dmpu
2024-09-12 21:55:53,922 [ERROR] ConditionMgr:805 - Attr not supported : Dmpu
2024-09-12 21:55:53,922 [ERROR] ConditionMgr:805 - Attr not supported : Dmpu
2024-09-12 21:55:53,922 [ERROR] ConditionMgr:805 - Attr not supported : Dmpu
2024-09-12 21:55:53,923 [ERROR] ConditionMgr:805 - Attr not supported : Dmpu
2024-09-12 21:55:53,923 [ERROR] ConditionMgr:805 - Attr not supported : Dmpu
2024-09-12 21:55:53,923 [ERROR] ConditionMgr:805 - Attr not supported : Dmpu
2024-09-12 21:55:53,923 [ERROR] ConditionMgr:805 - Attr not supported : Dmpu
2024-09-12 21:55:53,924 [ERROR] ConditionMgr:805 - Attr not supported : Dmpu
2024-09-12 21:55:53,924 [ERROR] ConditionMgr:805 - Attr not supported : Dmpu
2024-09-12 21:55:53,925 [ERROR] ConditionMgr:805 - Attr not supported : Dmpu
2024-09-12 21:55:53,925 [ERROR] ConditionMgr:805 - Attr not supported : Dmpu
2024-09-12 21:55:53,925 [ERROR] ConditionMgr:805 - Attr not supported : Dmpu
2024-09-12 21:55:53,926 [ERROR] ConditionMgr:805 - Attr not supported : Dmpu
2024-09-12 21:55:53,926 [ERROR] ConditionMgr:805 - Attr not supported : Dmpu
2024-09-12 21:55:53,926 [ERROR] ConditionMgr:805 - Attr not supported : Dmpu
2024-09-12 21:55:53,927 [ERROR] ConditionMgr:805 - Attr not supported : Dmpu
2024-09-12 21:55:53,927 [ERROR] ConditionMgr:805 - Attr not supported : Dmpu
2024-09-12 21:55:53,927 [ERROR] ConditionMgr:805 - Attr not supported : Dmpu
2024-09-12 21:55:53,927 [ERROR] ConditionMgr:805 - Attr not supported : Dmpu
2024-09-12 21:55:53,928 [ERROR] ConditionMgr:805 - Attr not supported : Dmpu
2024-09-12 21:55:53,928 [ERROR] ConditionMgr:805 - Attr not supported : Dmpu
2024-09-12 21:55:53,928 [ERROR] ConditionMgr:805 - Attr not supported : Dmpu
2024-09-12 21:55:53,928 [ERROR] ConditionMgr:805 - Attr not supported : Dmpu
2024-09-12 21:55:53,930 [ERROR] ConditionMgr:805 - Attr not supported : Dmpu
2024-09-12 21:55:53,930 [ERROR] ConditionMgr:805 - Attr not supported : Dmpu
2024-09-12 21:55:53,930 [ERROR] ConditionMgr:805 - Attr not supported : Dmpu
2024-09-12 21:55:53,930 [ERROR] ConditionMgr:805 - Attr not supported : Dmpu
2024-09-12 21:55:53,931 [ERROR] ConditionMgr:805 - Attr not supported : Dmpu
2024-09-12 21:55:53,931 [ERROR] ConditionMgr:805 - Attr not supported : Dmpu
2024-09-12 21:55:53,931 [ERROR] ConditionMgr:805 - Attr not supported : Dmpu
2024-09-12 21:55:53,932 [ERROR] ConditionMgr:805 - Attr not supported : Dmpu
2024-09-12 21:55:53,932 [ERROR] ConditionMgr:805 - Attr not supported : Dmpu
2024-09-12 21:55:53,932 [ERROR] ConditionMgr:805 - Attr not supported : Dmpu
2024-09-12 21:55:53,932 [ERROR] ConditionMgr:805 - Attr not supported : Dmpu
2024-09-12 21:55:53,933 [ERROR] ConditionMgr:805 - Attr not supported : Dmpu
2024-09-12 21:55:53,933 [ERROR] ConditionMgr:805 - Attr not supported : Dmpu
2024-09-12 21:55:53,933 [ERROR] ConditionMgr:805 - Attr not supported : Dmpu
2024-09-12 21:55:53,933 [ERROR] ConditionMgr:805 - Attr not supported : Dmpu
2024-09-12 21:55:53,934 [ERROR] ConditionMgr:805 - Attr not supported : Dmpu
2024-09-12 21:55:53,934 [ERROR] ConditionMgr:805 - Attr not supported : Dmpu
2024-09-12 21:55:53,934 [ERROR] ConditionMgr:805 - Attr not supported : Dmpu
2024-09-12 21:55:53,934 [ERROR] ConditionMgr:805 - Attr not supported : Dmpu
2024-09-12 21:55:53,935 [ERROR] ConditionMgr:805 - Attr not supported : Dmpu
2024-09-12 21:55:53,935 [ERROR] ConditionMgr:805 - Attr not supported : Dmpu
2024-09-12 21:55:53,935 [ERROR] ConditionMgr:805 - Attr not supported : Dmpu
2024-09-12 21:55:53,935 [ERROR] ConditionMgr:805 - Attr not supported : Dmpu
2024-09-12 21:55:53,936 [ERROR] ConditionMgr:805 - Attr not supported : Dmpu
2024-09-12 21:55:53,936 [ERROR] ConditionMgr:805 - Attr not supported : Dmpu
2024-09-12 21:55:53,936 [ERROR] ConditionMgr:805 - Attr not supported : Dmpu
2024-09-12 21:55:53,937 [ERROR] ConditionMgr:805 - Attr not supported : Dmpu
2024-09-12 21:55:53,937 [ERROR] ConditionMgr:805 - Attr not supported : Dmpu
2024-09-12 21:55:53,937 [ERROR] ConditionMgr:805 - Attr not supported : Dmpu
2024-09-12 21:55:53,937 [ERROR] ConditionMgr:805 - Attr not supported : Dmpu
2024-09-12 21:55:53,938 [ERROR] ConditionMgr:805 - Attr not supported : Dmpu
2024-09-12 21:55:53,938 [ERROR] ConditionMgr:805 - Attr not supported : Dmpu
2024-09-12 21:55:53,963 [WARN] PackLoader:240 - Cannot read IP mode file for STMicroelectronics.X-CUBE-BLEMGR.3.0.0
2024-09-12 21:55:53,986 [WARN] PackLoader:240 - Cannot read IP mode file for RealThread.X-CUBE-RT-Thread_Nano.4.1.1
2024-09-12 21:55:54,000 [WARN] PackLoader:240 - Cannot read IP mode file for STMicroelectronics.FP-ATR-SIGFOX1.3.2.0
2024-09-12 21:55:54,021 [WARN] PackLoader:240 - Cannot read IP mode file for STMicroelectronics.X-CUBE-EEPRMA1.5.1.0
2024-09-12 21:55:54,138 [INFO] UserAuth:417 - Internet connection configuration mode: 1
2024-09-12 21:55:54,152 [WARN] PackLoader:240 - Cannot read IP mode file for SEGGER.I-CUBE-embOS.1.3.1
2024-09-12 21:55:54,318 [WARN] PackLoader:240 - Cannot read IP mode file for STMicroelectronics.X-CUBE-ALGOBUILD.1.4.0
2024-09-12 21:55:54,337 [WARN] PackLoader:240 - Cannot read IP mode file for STMicroelectronics.X-CUBE-GNSS1.6.0.0
2024-09-12 21:55:54,411 [WARN] PackLoader:240 - Cannot read IP mode file for STMicroelectronics.X-CUBE-AZRTOS-F4.1.1.0
2024-09-12 21:55:54,436 [WARN] PackLoader:240 - Cannot read IP mode file for wolfSSL.I-CUBE-wolfSSL.5.6.4
2024-09-12 21:55:54,454 [WARN] PackLoader:240 - Cannot read IP mode file for STMicroelectronics.X-CUBE-FREERTOS.1.2.0
2024-09-12 21:55:54,469 [WARN] PackLoader:240 - Cannot read IP mode file for wolfSSL.I-CUBE-wolfSSL.5.6.6
2024-09-12 21:55:54,549 [WARN] PackLoader:240 - Cannot read IP mode file for STMicroelectronics.X-CUBE-AZRTOS-L5.2.0.0
2024-09-12 21:55:54,582 [WARN] PackLoader:240 - Cannot read IP mode file for STMicroelectronics.X-CUBE-EEPRMA1.4.2.0
2024-09-12 21:55:54,627 [WARN] PackLoader:240 - Cannot read IP mode file for STMicroelectronics.X-CUBE-NFC6.3.1.0
2024-09-12 21:55:54,675 [WARN] PackLoader:240 - Cannot read IP mode file for ITTIA_DB.I-CUBE-ITTIADB.8.8.0
2024-09-12 21:55:54,741 [WARN] PackLoader:240 - Cannot read IP mode file for STMicroelectronics.X-CUBE-BLEMGR.2.0.0
2024-09-12 21:55:54,782 [WARN] PackLoader:240 - Cannot read IP mode file for STMicroelectronics.X-CUBE-DPower.1.2.0
2024-09-12 21:55:54,843 [WARN] PackLoader:240 - Cannot read IP mode file for STMicroelectronics.X-CUBE-AI.9.0.0
2024-09-12 21:55:54,940 [WARN] ConditionMgr:438 - getConditionDescription Invalid condition id : UX DEVICE CLASS RTOS Condition cause : null
2024-09-12 21:55:54,943 [WARN] ConditionMgr:438 - getConditionDescription Invalid condition id : UX DEVICE CLASS RTOS Condition cause : null
2024-09-12 21:55:54,961 [WARN] PackLoader:240 - Cannot read IP mode file for STMicroelectronics.X-CUBE-AZRTOS-H7.3.1.0
2024-09-12 21:55:54,965 [WARN] ConditionMgr:1039 - genDependencies : Invalid condition id : UX DEVICE CLASS RTOS Condition cause : null
2024-09-12 21:55:54,966 [WARN] ConditionMgr:1039 - genDependencies : Invalid condition id : UX DEVICE CLASS RTOS Condition cause : null
2024-09-12 21:55:54,968 [WARN] ConditionMgr:1039 - genDependencies : Invalid condition id : UX DEVICE CLASS RTOS Condition cause : null
2024-09-12 21:55:54,970 [WARN] ConditionMgr:1039 - genDependencies : Invalid condition id : UX DEVICE CLASS RTOS Condition cause : null
2024-09-12 21:55:54,970 [WARN] ConditionMgr:1039 - genDependencies : Invalid condition id : UX DEVICE CLASS RTOS Condition cause : null
2024-09-12 21:55:54,995 [WARN] PackLoader:240 - Cannot read IP mode file for STMicroelectronics.X-CUBE-NFC7.1.0.1
2024-09-12 21:55:55,014 [WARN] PackLoader:240 - Cannot read IP mode file for wolfSSL.I-CUBE-wolfTPM.3.2.0
2024-09-12 21:55:55,035 [WARN] PackLoader:240 - Cannot read IP mode file for STMicroelectronics.X-CUBE-NFC6.3.0.0
2024-09-12 21:55:55,075 [WARN] PackLoader:240 - Cannot read IP mode file for STMicroelectronics.X-CUBE-EEPRMA1.4.1.0
2024-09-12 21:55:55,090 [WARN] PackLoader:240 - Cannot read IP mode file for STMicroelectronics.X-CUBE-AI.8.1.0
2024-09-12 21:55:55,155 [WARN] ConditionMgr:438 - getConditionDescription Invalid condition id : LAN8742 Phy interface Condition cause : null
2024-09-12 21:55:55,158 [WARN] PackLoader:240 - Cannot read IP mode file for STMicroelectronics.X-CUBE-AZRTOS-L4.2.0.0
2024-09-12 21:55:55,165 [WARN] ConditionMgr:1039 - genDependencies : Invalid condition id : LAN8742 Phy interface Condition cause : null
2024-09-12 21:55:55,166 [WARN] ConditionMgr:1039 - genDependencies : Invalid condition id : LAN8742 Phy interface Condition cause : null
2024-09-12 21:55:55,169 [WARN] ConditionMgr:1039 - genDependencies : Invalid condition id : LAN8742 Phy interface Condition cause : null
2024-09-12 21:55:55,192 [WARN] PackLoader:240 - Cannot read IP mode file for STMicroelectronics.X-CUBE-SFXS2LP1.4.0.0
2024-09-12 21:55:55,209 [WARN] PackLoader:240 - Cannot read IP mode file for STMicroelectronics.X-CUBE-ISPU.1.1.0
2024-09-12 21:55:55,281 [WARN] PackLoader:240 - Cannot read IP mode file for STMicroelectronics.X-CUBE-AZRTOS-H7.3.3.0
2024-09-12 21:55:55,339 [WARN] ConditionMgr:438 - getConditionDescription Invalid condition id : UX DEVICE CLASS RTOS Condition cause : null
2024-09-12 21:55:55,341 [WARN] ConditionMgr:438 - getConditionDescription Invalid condition id : UX DEVICE CLASS RTOS Condition cause : null
2024-09-12 21:55:55,349 [WARN] PackLoader:240 - Cannot read IP mode file for STMicroelectronics.X-CUBE-AZRTOS-WB.2.0.0
2024-09-12 21:55:55,351 [WARN] ConditionMgr:1039 - genDependencies : Invalid condition id : UX DEVICE CLASS RTOS Condition cause : null
2024-09-12 21:55:55,352 [WARN] ConditionMgr:1039 - genDependencies : Invalid condition id : UX DEVICE CLASS RTOS Condition cause : null
2024-09-12 21:55:55,353 [WARN] ConditionMgr:1039 - genDependencies : Invalid condition id : UX DEVICE CLASS RTOS Condition cause : null
2024-09-12 21:55:55,354 [WARN] ConditionMgr:1039 - genDependencies : Invalid condition id : UX DEVICE CLASS RTOS Condition cause : null
2024-09-12 21:55:55,354 [WARN] ConditionMgr:1039 - genDependencies : Invalid condition id : UX DEVICE CLASS RTOS Condition cause : null
2024-09-12 21:55:55,372 [WARN] PackLoader:240 - Cannot read IP mode file for STMicroelectronics.X-CUBE-GNSS1.7.0.0
2024-09-12 21:55:55,399 [WARN] PackLoader:240 - Cannot read IP mode file for STMicroelectronics.FP-SNS-STBOX1.2.0.0
2024-09-12 21:55:55,441 [WARN] PackLoader:240 - Cannot read IP mode file for STMicroelectronics.X-CUBE-SUBG2.5.0.0
2024-09-12 21:55:55,473 [WARN] PackLoader:240 - Cannot read IP mode file for Cesanta.I-CUBE-Mongoose.7.13.0
2024-09-12 21:55:55,516 [WARN] PackLoader:240 - Cannot read IP mode file for STMicroelectronics.X-CUBE-TOF1.3.3.1
2024-09-12 21:55:55,622 [WARN] PackLoader:240 - Cannot read IP mode file for STMicroelectronics.X-CUBE-AZRTOS-G4.2.0.0
2024-09-12 21:55:55,675 [WARN] PackLoader:240 - Cannot read IP mode file for Infineon.AIROC-Wi-Fi-Bluetooth-STM32.1.5.1
2024-09-12 21:55:55,700 [WARN] PackLoader:240 - Cannot read IP mode file for STMicroelectronics.FP-SNS-MOTENVWB1.1.3.0
2024-09-12 21:55:55,715 [WARN] PackLoader:240 - Cannot read IP mode file for STMicroelectronics.FP-SNS-MOTENVWB1.1.3.1
2024-09-12 21:55:55,726 [WARN] PackLoader:240 - Cannot read IP mode file for STMicroelectronics.X-CUBE-ISPU.2.0.0
2024-09-12 21:55:55,742 [WARN] PackLoader:240 - Cannot read IP mode file for STMicroelectronics.X-CUBE-ALS.1.0.2
2024-09-12 21:55:55,902 [WARN] PackLoader:240 - Cannot read IP mode file for STMicroelectronics.X-CUBE-MEMS1.10.0.0
2024-09-12 21:55:56,306 [WARN] PackLoader:240 - Cannot read IP mode file for STMicroelectronics.X-CUBE-FREERTOS.1.1.0
2024-09-12 21:55:56,324 [WARN] PackLoader:240 - Cannot read IP mode file for STMicroelectronics.X-CUBE-TOUCHGFX.4.24.0
2024-09-12 21:55:56,337 [WARN] PackLoader:240 - Cannot read IP mode file for portGmbH.I-Cube-SoM-uGOAL.1.1.0
2024-09-12 21:55:56,345 [WARN] PackLoader:240 - Cannot read IP mode file for STMicroelectronics.X-CUBE-ALS.1.0.1
2024-09-12 21:55:56,402 [WARN] PackLoader:240 - Cannot read IP mode file for STMicroelectronics.X-CUBE-AZRTOS-H7RS.1.0.0
2024-09-12 21:55:56,421 [WARN] PackLoader:240 - Cannot read IP mode file for STMicroelectronics.FP-ATR-ASTRA1.2.0.0
2024-09-12 21:55:56,455 [WARN] PackLoader:240 - Cannot read IP mode file for STMicroelectronics.X-CUBE-TOF1.3.4.2
2024-09-12 21:55:56,514 [WARN] PackLoader:240 - Cannot read IP mode file for STMicroelectronics.X-CUBE-TOF1.3.4.0
2024-09-12 21:55:56,580 [WARN] PackLoader:240 - Cannot read IP mode file for STMicroelectronics.X-CUBE-TOF1.3.4.1
2024-09-12 21:55:56,687 [WARN] PackLoader:240 - Cannot read IP mode file for STMicroelectronics.X-CUBE-AZRTOS-H7.3.2.0
2024-09-12 21:55:56,708 [WARN] PackLoader:240 - Cannot read IP mode file for wolfSSL.I-CUBE-wolfSSH.1.4.17
2024-09-12 21:55:56,709 [INFO] ThirdParty:978 - Integrity check success = true
2024-09-12 21:55:56,710 [INFO] IntegrityCheckThread:100 - exiting critical section [integrity check]
2024-09-12 21:55:56,710 [INFO] IntegrityCheckThread:103 - End integrity checks thread
