2024-03-25 17:56:13,020 [INFO] Activator:176 - 


2024-03-25 17:56:13,020 [INFO] Activator:177 - !SESSION log4j initialized
2024-03-25 17:56:18,847 [INFO] LogOutputStream:77 - [STDOUT_REDIRECT] 
2024-03-25 17:56:24,786 [INFO] ApplicationProperties:184 - Using Application install path: C:\ST\STM32CubeIDE_1.11.0\STM32CubeIDE\plugins\com.st.stm32cube.common.mx_6.11.0.202403141607
2024-03-25 17:56:24,851 [INFO] DbMcusXml:78 - Set database path to: C:\ST\STM32CubeIDE_1.11.0\STM32CubeIDE\plugins\com.st.stm32cube.common.mx_6.11.0.202403141607\\db\/mcu/
2024-03-25 17:56:24,851 [INFO] ApiDb:274 - Set plugin database path to: C:\ST\STM32CubeIDE_1.11.0\STM32CubeIDE\plugins\com.st.stm32cube.common.mx_6.11.0.202403141607\\db\/plugins/boardmanager/
2024-03-25 17:56:24,851 [WARN] ApiDb:259 - Overriding images path with different value:  => C:\ST\STM32CubeIDE_1.11.0\STM32CubeIDE\plugins\com.st.stm32cube.common.mx_6.11.0.202403141607\\db\/plugins/mcufinder/images/
2024-03-25 17:56:24,869 [INFO] ApiDb:250 - Set database path to: C:\Users\ayoub\.stmcufinder\plugins\mcufinder//mcu/
2024-03-25 17:56:24,873 [INFO] DbMcusAds:125 - Set database path to: C:\Users\ayoub\.stmcufinder\plugins\mcufinder//mcu/
2024-03-25 17:56:24,877 [INFO] CrossReferenceDbSqlite:203 - Set database path to: C:\Users\ayoub\.stmcufinder\plugins\mcufinder//mcu/cs/
2024-03-25 17:56:25,232 [INFO] RulesReader:64 - Compatibility file has been processed (297 Rules)
2024-03-25 17:56:25,477 [INFO] DbMcusXml:78 - Set database path to: C:\ST\STM32CubeIDE_1.11.0\STM32CubeIDE\plugins\com.st.stm32cube.common.mx_6.11.0.202403141607\\db\/mcu/
2024-03-25 17:56:25,477 [INFO] ApiDb:274 - Set plugin database path to: C:\ST\STM32CubeIDE_1.11.0\STM32CubeIDE\plugins\com.st.stm32cube.common.mx_6.11.0.202403141607\\db\/plugins/boardmanager/
2024-03-25 17:56:25,477 [INFO] ApiDb:261 - Set plugin images path to: C:\ST\STM32CubeIDE_1.11.0\STM32CubeIDE\plugins\com.st.stm32cube.common.mx_6.11.0.202403141607\\db\/plugins/mcufinder/images/
2024-03-25 17:56:25,477 [WARN] DbFile:41 - Overriding database path with different value: C:\Users\ayoub\.stmcufinder\plugins\mcufinder/ => C:\Users\ayoub\.stmcufinder\plugins\mcufinder
2024-03-25 17:56:25,477 [INFO] ApiDb:250 - Set database path to: C:\Users\ayoub\.stmcufinder\plugins\mcufinder//mcu/
2024-03-25 17:56:25,477 [WARN] DbFile:41 - Overriding database path with different value: C:\Users\ayoub\.stmcufinder\plugins\mcufinder/ => C:\Users\ayoub\.stmcufinder\plugins\mcufinder
2024-03-25 17:56:25,477 [INFO] DbMcusAds:125 - Set database path to: C:\Users\ayoub\.stmcufinder\plugins\mcufinder//mcu/
2024-03-25 17:56:25,477 [WARN] DbFile:41 - Overriding database path with different value: C:\Users\ayoub\.stmcufinder\plugins\mcufinder/ => C:\Users\ayoub\.stmcufinder\plugins\mcufinder
2024-03-25 17:56:25,490 [WARN] DbFile:41 - Overriding database path with different value: C:\Users\ayoub\.stmcufinder\plugins\mcufinder/ => C:\Users\ayoub\.stmcufinder\plugins\mcufinder
2024-03-25 17:56:25,490 [INFO] CrossReferenceDbSqlite:203 - Set database path to: C:\Users\ayoub\.stmcufinder\plugins\mcufinder//mcu/cs/
2024-03-25 17:56:25,711 [INFO] MainPanel:264 - HeapMemory: 268435456
2024-03-25 17:56:25,915 [INFO] DbMcusXml:78 - Set database path to: C:\ST\STM32CubeIDE_1.11.0\STM32CubeIDE\plugins\com.st.stm32cube.common.mx_6.11.0.202403141607\\db\/mcu/
2024-03-25 17:56:25,915 [INFO] ApiDb:274 - Set plugin database path to: C:\ST\STM32CubeIDE_1.11.0\STM32CubeIDE\plugins\com.st.stm32cube.common.mx_6.11.0.202403141607\\db\/plugins/boardmanager/
2024-03-25 17:56:25,915 [INFO] ApiDb:261 - Set plugin images path to: C:\ST\STM32CubeIDE_1.11.0\STM32CubeIDE\plugins\com.st.stm32cube.common.mx_6.11.0.202403141607\\db\/plugins/mcufinder/images/
2024-03-25 17:56:25,915 [WARN] DbFile:41 - Overriding database path with different value: C:\Users\ayoub\.stmcufinder\plugins\mcufinder/ => C:\Users\ayoub\.stmcufinder\plugins\mcufinder
2024-03-25 17:56:25,915 [INFO] ApiDb:250 - Set database path to: C:\Users\ayoub\.stmcufinder\plugins\mcufinder//mcu/
2024-03-25 17:56:25,915 [WARN] DbFile:41 - Overriding database path with different value: C:\Users\ayoub\.stmcufinder\plugins\mcufinder/ => C:\Users\ayoub\.stmcufinder\plugins\mcufinder
2024-03-25 17:56:25,915 [INFO] DbMcusAds:125 - Set database path to: C:\Users\ayoub\.stmcufinder\plugins\mcufinder//mcu/
2024-03-25 17:56:25,915 [WARN] DbFile:41 - Overriding database path with different value: C:\Users\ayoub\.stmcufinder\plugins\mcufinder/ => C:\Users\ayoub\.stmcufinder\plugins\mcufinder
2024-03-25 17:56:25,915 [WARN] DbFile:41 - Overriding database path with different value: C:\Users\ayoub\.stmcufinder\plugins\mcufinder/ => C:\Users\ayoub\.stmcufinder\plugins\mcufinder
2024-03-25 17:56:25,915 [INFO] CrossReferenceDbSqlite:203 - Set database path to: C:\Users\ayoub\.stmcufinder\plugins\mcufinder//mcu/cs/
2024-03-25 17:56:25,963 [INFO] ApplicationProperties:184 - Using Application install path: C:\ST\STM32CubeIDE_1.11.0\STM32CubeIDE\plugins\com.st.stm32cube.common.mx_6.11.0.202403141607
2024-03-25 17:56:25,963 [INFO] PluginManage:196 - Search for loadable plugins [exclusion list=, ]
2024-03-25 17:56:25,978 [INFO] PluginManage:310 - Check plugin analytics
2024-03-25 17:56:26,483 [INFO] AnalyticsPlugin:253 - Accepted Software Licenses: 
2024-03-25 17:56:26,498 [INFO] AnalyticsPlugin:255 - Accepted CMSIS Pack Licenses: 
2024-03-25 17:56:26,498 [INFO] AnalyticsPlugin:257 - Accepted Firmware Licenses: FW.F4.1.27.0,FW.H7.1.11.0
2024-03-25 17:56:26,501 [INFO] PluginManage:359 - Loaded plugin analytics (category:tool,tabindex:-1)
2024-03-25 17:56:26,501 [INFO] PluginManage:310 - Check plugin cadmodel
2024-03-25 17:56:26,514 [INFO] CADModel:105 - Init CAD model plugin
2024-03-25 17:56:26,514 [INFO] PluginManage:359 - Loaded plugin cadmodel (category:power,tabindex:5)
2024-03-25 17:56:26,514 [INFO] PluginManage:310 - Check plugin clock
2024-03-25 17:56:26,545 [INFO] PluginManage:359 - Loaded plugin clock (category:base,tabindex:2)
2024-03-25 17:56:26,545 [INFO] PluginManage:310 - Check plugin ddr
2024-03-25 17:56:26,545 [INFO] PluginManage:359 - Loaded plugin ddr (category:tool,tabindex:6)
2024-03-25 17:56:26,545 [INFO] PluginManage:310 - Check plugin filemanager
2024-03-25 17:56:27,034 [INFO] PluginManage:359 - Loaded plugin filemanager (category:base,tabindex:10)
2024-03-25 17:56:27,034 [INFO] PluginManage:310 - Check plugin ipmanager
2024-03-25 17:56:27,065 [INFO] PluginManage:359 - Loaded plugin ipmanager (category:base,tabindex:5)
2024-03-25 17:56:27,065 [INFO] PluginManage:310 - Check plugin lpbam
2024-03-25 17:56:27,081 [INFO] PluginManage:359 - Loaded plugin lpbam (category:base,tabindex:0)
2024-03-25 17:56:27,081 [INFO] PluginManage:310 - Check plugin memorymap
2024-03-25 17:56:27,128 [INFO] PluginManage:359 - Loaded plugin memorymap (category:base,tabindex:4)
2024-03-25 17:56:27,128 [INFO] PluginManage:310 - Check plugin pinoutandconfiguration
2024-03-25 17:56:27,168 [INFO] PluginManage:359 - Loaded plugin pinoutandconfiguration (category:base,tabindex:1)
2024-03-25 17:56:27,168 [INFO] PluginManage:310 - Check plugin pinoutconfig
2024-03-25 17:56:27,523 [WARN] SupportedApi:132 - Cannot load RTOS API schema: s4s-elt-must-match.1: The content of 'definitions' must match (annotation?, (simpleType | complexType)?, (unique | key | keyref)*)). A problem was found starting at: attribute.
2024-03-25 17:56:28,135 [INFO] PluginManage:359 - Loaded plugin pinoutconfig (category:base,tabindex:0)
2024-03-25 17:56:28,135 [INFO] PluginManage:310 - Check plugin power
2024-03-25 17:56:28,167 [INFO] PluginManage:359 - Loaded plugin power (category:power,tabindex:4)
2024-03-25 17:56:28,167 [INFO] PluginManage:310 - Check plugin projectmanager
2024-03-25 17:56:28,229 [INFO] PluginManage:359 - Loaded plugin projectmanager (category:projectmanager,tabindex:3)
2024-03-25 17:56:28,229 [INFO] PluginManage:310 - Check plugin thirdparty
2024-03-25 17:56:28,591 [INFO] PluginManage:359 - Loaded plugin thirdparty (category:base,tabindex:-1)
2024-03-25 17:56:28,591 [WARN] IntegrityCheckThread:84 - waiting for thirdparty lock release [integrity check]
2024-03-25 17:56:28,591 [INFO] PluginManage:310 - Check plugin tools
2024-03-25 17:56:28,591 [INFO] IntegrityCheckThread:86 - entering critical section [integrity check]
2024-03-25 17:56:28,591 [INFO] ThirdPartyUpdaterWithRetryManager:70 - Updater plugin not ready yet. [1/15]
2024-03-25 17:56:28,591 [INFO] PluginManage:359 - Loaded plugin tools (category:base,tabindex:7)
2024-03-25 17:56:28,591 [INFO] PluginManage:310 - Check plugin tutovideos
2024-03-25 17:56:28,998 [INFO] PluginManage:359 - Loaded plugin tutovideos (category:base,tabindex:-1)
2024-03-25 17:56:28,998 [INFO] PluginManage:310 - Check plugin updater
2024-03-25 17:56:29,016 [INFO] PluginManage:359 - Loaded plugin updater (category:base,tabindex:12)
2024-03-25 17:56:29,030 [INFO] PluginManage:310 - Check plugin userauth
2024-03-25 17:56:29,032 [INFO] UserAuth:114 - Init User Auth plugin
2024-03-25 17:56:29,032 [INFO] PluginManage:359 - Loaded plugin userauth (category:base,tabindex:14)
2024-03-25 17:56:29,032 [INFO] PluginManage:283 - PluginManage : Loaded plugins [17]
2024-03-25 17:56:29,519 [INFO] PinOutPanel:1561 - setPackage(No Configuration,No Configuration)
2024-03-25 17:56:29,693 [INFO] CADModel:165 - CPN selected for project level
2024-03-25 17:56:29,693 [INFO] CADModel:114 - Register for checkConnection events
2024-03-25 17:56:29,750 [INFO] IPUIPlugin:80 - create IPUIPlugin
2024-03-25 17:56:29,750 [INFO] PluginManager:220 - loadIPPluginJar : add adc
2024-03-25 17:56:29,751 [INFO] IPUIPlugin:80 - create IPUIPlugin
2024-03-25 17:56:29,751 [INFO] PluginManager:220 - loadIPPluginJar : add aes
2024-03-25 17:56:29,761 [INFO] IPUIPlugin:80 - create IPUIPlugin
2024-03-25 17:56:29,761 [INFO] PluginManager:220 - loadIPPluginJar : add can
2024-03-25 17:56:29,764 [INFO] IPUIPlugin:80 - create IPUIPlugin
2024-03-25 17:56:29,764 [INFO] PluginManager:220 - loadIPPluginJar : add comp
2024-03-25 17:56:29,768 [INFO] IPUIPlugin:80 - create IPUIPlugin
2024-03-25 17:56:29,768 [INFO] PluginManager:220 - loadIPPluginJar : add cryp
2024-03-25 17:56:29,774 [INFO] IPUIPlugin:80 - create IPUIPlugin
2024-03-25 17:56:29,774 [INFO] PluginManager:220 - loadIPPluginJar : add dfsdm
2024-03-25 17:56:29,789 [INFO] IPUIPlugin:80 - create IPUIPlugin
2024-03-25 17:56:29,792 [INFO] PluginManager:220 - loadIPPluginJar : add dma
2024-03-25 17:56:29,794 [INFO] IPUIPlugin:80 - create IPUIPlugin
2024-03-25 17:56:29,794 [INFO] PluginManager:220 - loadIPPluginJar : add dma3
2024-03-25 17:56:29,804 [INFO] IPUIPlugin:80 - create IPUIPlugin
2024-03-25 17:56:29,806 [INFO] PluginManager:220 - loadIPPluginJar : add extmemmanager
2024-03-25 17:56:29,807 [INFO] IPUIPlugin:80 - create IPUIPlugin
2024-03-25 17:56:29,807 [INFO] PluginManager:220 - loadIPPluginJar : add fatfs
2024-03-25 17:56:29,820 [INFO] IPUIPlugin:80 - create IPUIPlugin
2024-03-25 17:56:29,821 [INFO] PluginManager:220 - loadIPPluginJar : add fmc
2024-03-25 17:56:29,821 [INFO] IPUIPlugin:80 - create IPUIPlugin
2024-03-25 17:56:29,821 [INFO] PluginManager:220 - loadIPPluginJar : add freertos
2024-03-25 17:56:29,836 [INFO] IPUIPlugin:80 - create IPUIPlugin
2024-03-25 17:56:29,836 [INFO] PluginManager:220 - loadIPPluginJar : add genericplugin
2024-03-25 17:56:29,836 [INFO] IPUIPlugin:80 - create IPUIPlugin
2024-03-25 17:56:29,836 [INFO] PluginManager:220 - loadIPPluginJar : add gfxmmu
2024-03-25 17:56:29,852 [INFO] IPUIPlugin:80 - create IPUIPlugin
2024-03-25 17:56:29,852 [INFO] PluginManager:220 - loadIPPluginJar : add gic
2024-03-25 17:56:29,864 [INFO] IPUIPlugin:80 - create IPUIPlugin
2024-03-25 17:56:29,864 [INFO] PluginManager:220 - loadIPPluginJar : add gpio
2024-03-25 17:56:29,868 [INFO] IPUIPlugin:80 - create IPUIPlugin
2024-03-25 17:56:29,868 [INFO] PluginManager:220 - loadIPPluginJar : add gtzc
2024-03-25 17:56:29,868 [INFO] IPUIPlugin:80 - create IPUIPlugin
2024-03-25 17:56:29,868 [INFO] PluginManager:220 - loadIPPluginJar : add hash
2024-03-25 17:56:29,885 [INFO] IPUIPlugin:80 - create IPUIPlugin
2024-03-25 17:56:29,885 [INFO] PluginManager:220 - loadIPPluginJar : add i2c
2024-03-25 17:56:29,888 [INFO] IPUIPlugin:80 - create IPUIPlugin
2024-03-25 17:56:29,888 [INFO] PluginManager:220 - loadIPPluginJar : add i2s
2024-03-25 17:56:29,888 [INFO] IPUIPlugin:80 - create IPUIPlugin
2024-03-25 17:56:29,888 [INFO] PluginManager:220 - loadIPPluginJar : add i3c
2024-03-25 17:56:29,900 [INFO] IPUIPlugin:80 - create IPUIPlugin
2024-03-25 17:56:29,900 [INFO] PluginManager:220 - loadIPPluginJar : add ipddr
2024-03-25 17:56:29,915 [INFO] IPUIPlugin:80 - create IPUIPlugin
2024-03-25 17:56:29,915 [INFO] PluginManager:220 - loadIPPluginJar : add linkedlist
2024-03-25 17:56:29,915 [INFO] IPUIPlugin:80 - create IPUIPlugin
2024-03-25 17:56:29,915 [INFO] PluginManager:220 - loadIPPluginJar : add lorawan
2024-03-25 17:56:29,915 [INFO] IPUIPlugin:80 - create IPUIPlugin
2024-03-25 17:56:29,915 [INFO] PluginManager:220 - loadIPPluginJar : add ltdc
2024-03-25 17:56:29,931 [INFO] IPUIPlugin:80 - create IPUIPlugin
2024-03-25 17:56:29,931 [INFO] PluginManager:220 - loadIPPluginJar : add mdma
2024-03-25 17:56:29,947 [INFO] IPUIPlugin:80 - create IPUIPlugin
2024-03-25 17:56:29,947 [INFO] PluginManager:220 - loadIPPluginJar : add nvic
2024-03-25 17:56:29,957 [INFO] IPUIPlugin:80 - create IPUIPlugin
2024-03-25 17:56:29,957 [INFO] PluginManager:220 - loadIPPluginJar : add opamp
2024-03-25 17:56:29,966 [INFO] IPUIPlugin:80 - create IPUIPlugin
2024-03-25 17:56:29,966 [INFO] PluginManager:220 - loadIPPluginJar : add openamp
2024-03-25 17:56:29,970 [INFO] IPUIPlugin:80 - create IPUIPlugin
2024-03-25 17:56:29,970 [INFO] PluginManager:220 - loadIPPluginJar : add pdm2pcm
2024-03-25 17:56:29,978 [INFO] IPUIPlugin:80 - create IPUIPlugin
2024-03-25 17:56:29,994 [INFO] PluginManager:220 - loadIPPluginJar : add plateformsettings
2024-03-25 17:56:29,994 [INFO] IPUIPlugin:80 - create IPUIPlugin
2024-03-25 17:56:29,994 [INFO] PluginManager:220 - loadIPPluginJar : add quadspi
2024-03-25 17:56:30,010 [INFO] IPUIPlugin:80 - create IPUIPlugin
2024-03-25 17:56:30,010 [INFO] PluginManager:220 - loadIPPluginJar : add resmgrutility
2024-03-25 17:56:30,010 [INFO] IPUIPlugin:80 - create IPUIPlugin
2024-03-25 17:56:30,010 [INFO] PluginManager:220 - loadIPPluginJar : add sai
2024-03-25 17:56:30,025 [INFO] IPUIPlugin:80 - create IPUIPlugin
2024-03-25 17:56:30,025 [INFO] PluginManager:220 - loadIPPluginJar : add spi
2024-03-25 17:56:30,025 [INFO] IPUIPlugin:80 - create IPUIPlugin
2024-03-25 17:56:30,025 [INFO] PluginManager:220 - loadIPPluginJar : add stm32_wpan
2024-03-25 17:56:30,041 [INFO] IPUIPlugin:80 - create IPUIPlugin
2024-03-25 17:56:30,041 [INFO] PluginManager:220 - loadIPPluginJar : add tim
2024-03-25 17:56:30,041 [INFO] IPUIPlugin:80 - create IPUIPlugin
2024-03-25 17:56:30,041 [INFO] PluginManager:220 - loadIPPluginJar : add touchsensing
2024-03-25 17:56:30,041 [INFO] IPUIPlugin:80 - create IPUIPlugin
2024-03-25 17:56:30,041 [INFO] PluginManager:220 - loadIPPluginJar : add tracer_emb
2024-03-25 17:56:30,041 [INFO] IPUIPlugin:80 - create IPUIPlugin
2024-03-25 17:56:30,041 [INFO] PluginManager:220 - loadIPPluginJar : add ts
2024-03-25 17:56:30,057 [INFO] IPUIPlugin:80 - create IPUIPlugin
2024-03-25 17:56:30,057 [INFO] PluginManager:220 - loadIPPluginJar : add tsc
2024-03-25 17:56:30,066 [INFO] IPUIPlugin:80 - create IPUIPlugin
2024-03-25 17:56:30,066 [INFO] PluginManager:220 - loadIPPluginJar : add ucpd
2024-03-25 17:56:30,072 [INFO] IPUIPlugin:80 - create IPUIPlugin
2024-03-25 17:56:30,072 [INFO] PluginManager:220 - loadIPPluginJar : add usart
2024-03-25 17:56:30,072 [INFO] IPUIPlugin:80 - create IPUIPlugin
2024-03-25 17:56:30,072 [INFO] PluginManager:220 - loadIPPluginJar : add usbx
2024-03-25 17:56:30,309 [INFO] CADModel:165 - CPN selected for project level
2024-03-25 17:56:30,309 [INFO] CADModel:114 - Register for checkConnection events
2024-03-25 17:56:30,309 [FATAL] Updater:308 - Updater called before beeing initialized
2024-03-25 17:56:30,309 [ERROR] CADModel:125 - Updater not yet initialized, retry later 
2024-03-25 17:56:30,638 [INFO] CADModel:165 - CPN selected for project level
2024-03-25 17:56:30,638 [INFO] CADModel:114 - Register for checkConnection events
2024-03-25 17:56:30,638 [FATAL] Updater:308 - Updater called before beeing initialized
2024-03-25 17:56:30,638 [ERROR] CADModel:125 - Updater not yet initialized, retry later 
2024-03-25 17:56:30,638 [FATAL] Updater:308 - Updater called before beeing initialized
2024-03-25 17:56:30,906 [FATAL] Updater:308 - Updater called before beeing initialized
2024-03-25 17:56:30,921 [INFO] DbMcusAds:53 - JSON generation date=Wed Nov 29 11:52:27 WEST 2023 (1701255147349)
2024-03-25 17:56:30,921 [FATAL] Updater:308 - Updater called before beeing initialized
2024-03-25 17:56:31,032 [WARN] DetailPanel:346 - Failed to get advertising image, set to default
2024-03-25 17:56:31,290 [FATAL] Updater:308 - Updater called before beeing initialized
2024-03-25 17:56:31,303 [FATAL] Updater:308 - Updater called before beeing initialized
2024-03-25 17:56:31,303 [FATAL] Updater:308 - Updater called before beeing initialized
2024-03-25 17:56:31,303 [WARN] DetailPanel:346 - Failed to get advertising image, set to default
2024-03-25 17:56:31,303 [FATAL] Updater:308 - Updater called before beeing initialized
2024-03-25 17:56:31,494 [ERROR] Updater:1120 - MainUpdater not yet initialized. External WinMGr cannot be set.
2024-03-25 17:56:31,494 [INFO] Updater:1056 - Updater Version found : 6.11.0
2024-03-25 17:56:31,568 [INFO] ApplicationProperties:184 - Using Application install path: C:\ST\STM32CubeIDE_1.11.0\STM32CubeIDE\plugins\com.st.stm32cube.common.mx_6.11.0.202403141607
2024-03-25 17:56:31,604 [INFO] ThirdPartyUpdaterWithRetryManager:70 - Updater plugin not ready yet. [2/15]
2024-03-25 17:56:33,213 [ERROR] LogOutputStream:75 - [STDERR_REDIRECT] Mar 25, 2024 5:56:33 PM java.util.prefs.WindowsPreferences <init>
2024-03-25 17:56:33,213 [ERROR] LogOutputStream:75 - [STDERR_REDIRECT] WARNING: Could not open/create prefs root node Software\JavaSoft\Prefs at root 0xffffffff80000002. Windows RegCreateKeyEx(...) returned error code 5.
2024-03-25 17:56:33,213 [ERROR] LogOutputStream:75 - [STDERR_REDIRECT] 
2024-03-25 17:56:34,441 [INFO] MainUpdater:2873 - connection check result : 10
2024-03-25 17:56:34,441 [INFO] MainUpdater:290 - Updater Check For Update Now.
2024-03-25 17:56:34,441 [INFO] MicroXplorer:498 - Change Database Version : DB.6.0.110
2024-03-25 17:56:34,470 [INFO] McuFinderGlobals:63 - Set McuFinder mode to 2 (CubeIDE integrated)
2024-03-25 17:56:34,470 [INFO] UserAuth:179 - activating auth plugin
2024-03-25 17:56:34,484 [INFO] UserAuth:415 - Internet connection configuration mode: 1
2024-03-25 17:56:34,551 [INFO] JxBrowserEngine:152 - Initiate JxBrowser Engine with user profile folder
2024-03-25 17:56:34,609 [WARN] MainUpdater:1194 - Updater busy. Cannot search thirdparties
2024-03-25 17:56:34,609 [INFO] ThirdPartyUpdaterWithRetryManager:96 - Updater plugin is busy. [1/15]
2024-03-25 17:56:35,105 [INFO] CheckServerUpdateThread:120 - End of CheckServer Thread
2024-03-25 17:56:37,253 [INFO] WebApp:161 - Instantiating new browser for Auth
2024-03-25 17:56:39,026 [WARN] PackLoader:240 - Cannot read IP mode file for STMicroelectronics.X-CUBE-SMBUS.2.1.0
2024-03-25 17:56:39,092 [WARN] PackLoader:240 - Cannot read IP mode file for STMicroelectronics.X-CUBE-TOUCHGFX.4.23.0
2024-03-25 17:56:39,456 [WARN] PackLoader:240 - Cannot read IP mode file for STMicroelectronics.X-CUBE-AZRTOS-F7.1.1.0
2024-03-25 17:56:39,620 [WARN] PackLoader:240 - Cannot read IP mode file for emotas.I-CUBE-CANOPEN.1.3.0
2024-03-25 17:56:39,642 [WARN] PackLoader:240 - Cannot read IP mode file for STMicroelectronics.X-CUBE-TOUCHGFX.4.22.1
2024-03-25 17:56:39,988 [WARN] PackLoader:240 - Cannot read IP mode file for STMicroelectronics.X-CUBE-BLEMGR.3.1.0
2024-03-25 17:56:40,220 [INFO] LogOutputStream:77 - [STDOUT_REDIRECT] 1 : Invalid condition id : UX_CORESTACK_Condition cause : null
2024-03-25 17:56:40,223 [INFO] LogOutputStream:77 - [STDOUT_REDIRECT] 1 : Invalid condition id : UX_CORESTACK_Condition cause : null
2024-03-25 17:56:40,235 [INFO] LogOutputStream:77 - [STDOUT_REDIRECT] 1 : Invalid condition id : UX_CORESTACK_Condition cause : null
2024-03-25 17:56:40,244 [INFO] LogOutputStream:77 - [STDOUT_REDIRECT] 1 : Invalid condition id : UX_CORESTACK_Condition cause : null
2024-03-25 17:56:40,252 [INFO] LogOutputStream:77 - [STDOUT_REDIRECT] 1 : Invalid condition id : UX_CORESTACK_Condition cause : null
2024-03-25 17:56:40,292 [WARN] PackLoader:240 - Cannot read IP mode file for STMicroelectronics.X-CUBE-AZRTOS-WL.2.0.0
2024-03-25 17:56:40,361 [WARN] PackLoader:240 - Cannot read IP mode file for WES.I-CUBE-Cesium.1.3.0
2024-03-25 17:56:40,451 [WARN] PackLoader:240 - Cannot read IP mode file for STMicroelectronics.X-CUBE-BLE2.3.3.0
2024-03-25 17:56:40,493 [WARN] PackLoader:240 - Cannot read IP mode file for STMicroelectronics.X-CUBE-ALGOBUILD.1.3.0
2024-03-25 17:56:40,679 [WARN] PackLoader:240 - Cannot read IP mode file for STMicroelectronics.X-CUBE-AZRTOS-G0.1.1.0
2024-03-25 17:56:40,730 [WARN] PackLoader:240 - Cannot read IP mode file for STMicroelectronics.X-CUBE-NFC4.3.0.0
2024-03-25 17:56:40,869 [WARN] PackLoader:240 - Cannot read IP mode file for STMicroelectronics.X-CUBE-BLEMGR.3.0.0
2024-03-25 17:56:40,956 [WARN] PackLoader:240 - Cannot read IP mode file for STMicroelectronics.FP-ATR-SIGFOX1.3.2.0
2024-03-25 17:56:40,993 [WARN] PackLoader:240 - Cannot read IP mode file for STMicroelectronics.X-CUBE-EEPRMA1.5.1.0
2024-03-25 17:56:41,251 [WARN] PackLoader:240 - Cannot read IP mode file for SEGGER.I-CUBE-embOS.1.3.1
2024-03-25 17:56:41,650 [WARN] PackLoader:240 - Cannot read IP mode file for STMicroelectronics.X-CUBE-GNSS1.6.0.0
2024-03-25 17:56:41,730 [WARN] PackLoader:240 - Cannot read IP mode file for STMicroelectronics.X-CUBE-AZRTOS-F4.1.1.0
2024-03-25 17:56:41,760 [WARN] PackLoader:240 - Cannot read IP mode file for wolfSSL.I-CUBE-wolfSSL.5.6.4
2024-03-25 17:56:41,862 [WARN] PackLoader:240 - Cannot read IP mode file for STMicroelectronics.X-CUBE-AZRTOS-L5.2.0.0
2024-03-25 17:56:41,891 [INFO] WebApp:779 - Register for checkConnection events
2024-03-25 17:56:41,891 [INFO] WebApp:414 - Apply proxy settings
2024-03-25 17:56:41,891 [INFO] WebApp:499 - Chromium requires no authentication
2024-03-25 17:56:41,922 [WARN] PackLoader:240 - Cannot read IP mode file for STMicroelectronics.X-CUBE-EEPRMA1.4.2.0
2024-03-25 17:56:41,953 [WARN] PackLoader:240 - Cannot read IP mode file for STMicroelectronics.X-CUBE-NFC6.3.1.0
2024-03-25 17:56:41,968 [INFO] WebApp:442 - Direct internet connection detected
2024-03-25 17:56:42,018 [WARN] PackLoader:240 - Cannot read IP mode file for ITTIA_DB.I-CUBE-ITTIADB.8.8.0
2024-03-25 17:56:42,063 [WARN] PackLoader:240 - Cannot read IP mode file for STMicroelectronics.X-CUBE-BLEMGR.2.0.0
2024-03-25 17:56:42,281 [WARN] ConditionMgr:438 - getConditionDescription Invalid condition id : UX DEVICE CLASS RTOS Condition cause : null
2024-03-25 17:56:42,285 [WARN] ConditionMgr:438 - getConditionDescription Invalid condition id : UX DEVICE CLASS RTOS Condition cause : null
2024-03-25 17:56:42,319 [WARN] PackLoader:240 - Cannot read IP mode file for STMicroelectronics.X-CUBE-AZRTOS-H7.3.1.0
2024-03-25 17:56:42,327 [WARN] ConditionMgr:1039 - genDependencies : Invalid condition id : UX DEVICE CLASS RTOS Condition cause : null
2024-03-25 17:56:42,331 [WARN] ConditionMgr:1039 - genDependencies : Invalid condition id : UX DEVICE CLASS RTOS Condition cause : null
2024-03-25 17:56:42,334 [WARN] ConditionMgr:1039 - genDependencies : Invalid condition id : UX DEVICE CLASS RTOS Condition cause : null
2024-03-25 17:56:42,334 [WARN] ConditionMgr:1039 - genDependencies : Invalid condition id : UX DEVICE CLASS RTOS Condition cause : null
2024-03-25 17:56:42,334 [WARN] ConditionMgr:1039 - genDependencies : Invalid condition id : UX DEVICE CLASS RTOS Condition cause : null
2024-03-25 17:56:42,363 [WARN] PackLoader:240 - Cannot read IP mode file for STMicroelectronics.X-CUBE-NFC7.1.0.1
2024-03-25 17:56:42,403 [WARN] PackLoader:240 - Cannot read IP mode file for STMicroelectronics.X-CUBE-NFC6.3.0.0
2024-03-25 17:56:42,428 [WARN] PackLoader:240 - Cannot read IP mode file for STMicroelectronics.X-CUBE-EEPRMA1.4.1.0
2024-03-25 17:56:42,516 [WARN] ConditionMgr:438 - getConditionDescription Invalid condition id : LAN8742 Phy interface Condition cause : null
2024-03-25 17:56:42,523 [WARN] PackLoader:240 - Cannot read IP mode file for STMicroelectronics.X-CUBE-AZRTOS-L4.2.0.0
2024-03-25 17:56:42,524 [WARN] ConditionMgr:1039 - genDependencies : Invalid condition id : LAN8742 Phy interface Condition cause : null
2024-03-25 17:56:42,531 [WARN] ConditionMgr:1039 - genDependencies : Invalid condition id : LAN8742 Phy interface Condition cause : null
2024-03-25 17:56:42,531 [WARN] ConditionMgr:1039 - genDependencies : Invalid condition id : LAN8742 Phy interface Condition cause : null
2024-03-25 17:56:42,561 [WARN] PackLoader:240 - Cannot read IP mode file for STMicroelectronics.X-CUBE-SFXS2LP1.4.0.0
2024-03-25 17:56:42,586 [WARN] PackLoader:240 - Cannot read IP mode file for STMicroelectronics.X-CUBE-ISPU.1.1.0
2024-03-25 17:56:42,681 [WARN] ConditionMgr:438 - getConditionDescription Invalid condition id : UX DEVICE CLASS RTOS Condition cause : null
2024-03-25 17:56:42,687 [WARN] ConditionMgr:438 - getConditionDescription Invalid condition id : UX DEVICE CLASS RTOS Condition cause : null
2024-03-25 17:56:42,722 [WARN] PackLoader:240 - Cannot read IP mode file for STMicroelectronics.X-CUBE-AZRTOS-WB.2.0.0
2024-03-25 17:56:42,729 [WARN] ConditionMgr:1039 - genDependencies : Invalid condition id : UX DEVICE CLASS RTOS Condition cause : null
2024-03-25 17:56:42,729 [WARN] ConditionMgr:1039 - genDependencies : Invalid condition id : UX DEVICE CLASS RTOS Condition cause : null
2024-03-25 17:56:42,729 [WARN] ConditionMgr:1039 - genDependencies : Invalid condition id : UX DEVICE CLASS RTOS Condition cause : null
2024-03-25 17:56:42,729 [WARN] ConditionMgr:1039 - genDependencies : Invalid condition id : UX DEVICE CLASS RTOS Condition cause : null
2024-03-25 17:56:42,729 [WARN] ConditionMgr:1039 - genDependencies : Invalid condition id : UX DEVICE CLASS RTOS Condition cause : null
2024-03-25 17:56:42,794 [WARN] PackLoader:240 - Cannot read IP mode file for STMicroelectronics.X-CUBE-SUBG2.5.0.0
2024-03-25 17:56:42,876 [WARN] PackLoader:240 - Cannot read IP mode file for STMicroelectronics.X-CUBE-TOF1.3.3.1
2024-03-25 17:56:43,014 [WARN] PackLoader:240 - Cannot read IP mode file for STMicroelectronics.X-CUBE-AZRTOS-G4.2.0.0
2024-03-25 17:56:43,046 [WARN] PackLoader:240 - Cannot read IP mode file for Infineon.AIROC-Wi-Fi-Bluetooth-STM32.1.5.1
2024-03-25 17:56:43,089 [WARN] PackLoader:240 - Cannot read IP mode file for STMicroelectronics.FP-SNS-MOTENVWB1.1.3.0
2024-03-25 17:56:43,093 [WARN] PackLoader:240 - Cannot read IP mode file for STMicroelectronics.FP-SNS-MOTENVWB1.1.3.1
2024-03-25 17:56:43,109 [INFO] WebApp:192 - Starting web application
2024-03-25 17:56:43,109 [INFO] WebApp:544 - Web application path used C:\ST\STM32CubeIDE_1.11.0\STM32CubeIDE\plugins\com.st.stm32cube.common.mx_6.11.0.202403141607\db\plugins\mcufinder\reactClient1\index.html
2024-03-25 17:56:43,109 [WARN] PackLoader:240 - Cannot read IP mode file for STMicroelectronics.X-CUBE-ISPU.2.0.0
2024-03-25 17:56:43,482 [WARN] PackLoader:240 - Cannot read IP mode file for STMicroelectronics.X-CUBE-MEMS1.10.0.0
2024-03-25 17:56:44,650 [WARN] PackLoader:240 - Cannot read IP mode file for portGmbH.I-Cube-SoM-uGOAL.1.1.0
2024-03-25 17:56:44,665 [WARN] PackLoader:240 - Cannot read IP mode file for STMicroelectronics.X-CUBE-ALS.1.0.1
2024-03-25 17:56:44,707 [WARN] PackLoader:240 - Cannot read IP mode file for STMicroelectronics.X-CUBE-TOF1.3.4.0
2024-03-25 17:56:44,808 [WARN] PackLoader:240 - Cannot read IP mode file for STMicroelectronics.X-CUBE-TOF1.3.4.1
2024-03-25 17:56:44,935 [WARN] PackLoader:240 - Cannot read IP mode file for STMicroelectronics.X-CUBE-AZRTOS-H7.3.2.0
2024-03-25 17:56:44,950 [INFO] ThirdParty:978 - Integrity check success = true
2024-03-25 17:56:44,950 [INFO] IntegrityCheckThread:100 - exiting critical section [integrity check]
2024-03-25 17:56:44,950 [INFO] IntegrityCheckThread:103 - End integrity checks thread
2024-03-25 17:59:59,350 [ERROR] LogOutputStream:75 - [STDERR_REDIRECT] 
2024-03-25 17:59:59,350 [ERROR] LogOutputStream:75 - [STDERR_REDIRECT] 
