2024-09-18 00:37:07,862 [INFO] WebApp:189 - Connection lost
2024-09-18 00:38:28,477 [INFO] WebApp:186 - Connection restablished
2024-09-18 00:38:31,295 [INFO] WebApp:189 - Connection lost
2024-09-18 00:38:31,480 [INFO] WebApp:186 - Connection restablished
2024-09-18 00:52:11,308 [INFO] WebApp:189 - Connection lost
2024-09-18 00:52:11,820 [INFO] WebApp:186 - Connection restablished
2024-09-18 01:42:07,297 [INFO] WebApp:189 - Connection lost
2024-09-18 01:42:07,655 [INFO] WebApp:186 - Connection restablished
2024-09-18 02:30:03,376 [INFO] McuFinderGlobals:63 - Set McuFinder mode to 2 (CubeIDE integrated)
2024-09-18 02:30:03,379 [INFO] MainUpdater:2873 - connection check result : 10
2024-09-18 02:30:03,381 [INFO] McuFinderGlobals:76 - Set McuFinderConnectedMode to true
2024-09-18 02:30:04,754 [INFO] ServerAccessManage:473 - Download File mcusAds.json._tmp_
2024-09-18 02:30:04,872 [INFO] LoadUrlFilesThread:156 - End of LoadUrlFiles Thread
2024-09-18 02:30:05,881 [INFO] ServerAccessManage:473 - Download File cube-finder-db.zip
2024-09-18 02:30:48,084 [INFO] FileExtend:240 - Unzip File : cube-finder-db.zip
2024-09-18 02:30:48,085 [INFO] FileExtend:255 - Standard Zip Deflate
2024-09-18 02:30:49,122 [INFO] LoadUrlFilesThread:156 - End of LoadUrlFiles Thread
2024-09-18 02:30:49,916 [INFO] ServerAccessManage:473 - Download File crdb.zip
2024-09-18 02:30:51,312 [INFO] FileExtend:240 - Unzip File : crdb.zip
2024-09-18 02:30:51,313 [INFO] FileExtend:255 - Standard Zip Deflate
2024-09-18 02:30:51,450 [INFO] LoadUrlFilesThread:156 - End of LoadUrlFiles Thread
2024-09-18 02:30:51,754 [INFO] ServerAccessManage:473 - Download File tutoVideoDB.zip
2024-09-18 02:30:52,259 [INFO] FileExtend:240 - Unzip File : tutoVideoDB.zip
2024-09-18 02:30:52,259 [INFO] FileExtend:255 - Standard Zip Deflate
2024-09-18 02:30:52,377 [INFO] LoadUrlFilesThread:156 - End of LoadUrlFiles Thread
2024-09-18 02:30:52,380 [WARN] DbFile:41 - Overriding database path with different value: C:\Users\ayoub\.stmcufinder\plugins\mcufinder/ => C:\Users\ayoub\.stmcufinder\plugins\mcufinder
2024-09-18 02:30:52,620 [INFO] ServerAccessManage:473 - Download File api_config.json
2024-09-18 02:30:52,740 [INFO] LoadUrlFilesThread:156 - End of LoadUrlFiles Thread
2024-09-18 02:30:52,747 [INFO] DbMcusAds:53 - JSON generation date=Mon Sep 16 15:39:53 WEST 2024 (1726497593759)
2024-09-18 02:30:53,177 [INFO] ServerAccessManage:473 - Download File 
2024-09-18 02:30:53,262 [INFO] LoadUrlFilesThread:185 - End of LoadServerUrlFiles without Thread
2024-09-18 02:30:53,262 [INFO] TargetSelectorAdapter:259 - Refresh data is successful
2024-09-18 02:30:53,417 [INFO] ApiDb:581 - Connected to CubeFinder SQLite database (C:\Users\ayoub\.stmcufinder\plugins\mcufinder\mcu\cube-finder-db.db)
2024-09-18 02:30:53,539 [INFO] ApiDb:668 - CubeFinder database Data Model version=2.1
2024-09-18 02:30:53,541 [INFO] ApiDb:669 - CubeFinder database Configuration version=3.0.39
2024-09-18 02:30:53,543 [INFO] ApiDb:670 - CubeFinder database generation date=2024-08-06 (1722941618)
2024-09-18 02:30:53,543 [INFO] ApiDb:671 - CubeFinder database FW Pack versions=[FP-ATR-ASTRA1_V2.0.0, FP-SNS-FLIGHT1_V5.0.2, FP-SNS-MOTENV1_V5.0.0, FP-SNS-MOTENVWB1_V1.4.0, FP-SNS-SMARTAG2_V1.2.0, FP-SNS-STBOX1_V2.0.0, STM32Cube_FW_C0_V1.2.0, STM32Cube_FW_F4_V1.28.0, STM32Cube_FW_F7_V1.17.2, STM32Cube_FW_G0_V1.6.2, STM32Cube_FW_G4_V1.6.0, STM32Cube_FW_H5_V1.3.0, STM32Cube_FW_H7RS_V1.1.0, STM32Cube_FW_H7_V1.11.2, STM32Cube_FW_L0_V1.12.2, STM32Cube_FW_L5_V1.5.1, STM32Cube_FW_U0_V1.1.0, STM32Cube_FW_U5_V1.6.0, STM32Cube_FW_WB0_V1.0.0, STM32Cube_FW_WBA_V1.4.1, STM32Cube_FW_WB_V1.20.0, STM32Cube_FW_WL_V1.3.0, X-CUBE-ALGOBUILD_V1.4.0, X-CUBE-ALS_V1.0.2, X-CUBE-AZRTOS-F4_V1.1.0, X-CUBE-AZRTOS-F7_V1.1.0, X-CUBE-AZRTOS-G0_V1.1.0, X-CUBE-AZRTOS-G4_V2.0.0, X-CUBE-AZRTOS-H7RS_V1.0.0, X-CUBE-AZRTOS-H7_V3.2.0, X-CUBE-AZRTOS-L4_V2.0.0, X-CUBE-AZRTOS-L5_V1.1.0, X-CUBE-AZRTOS-WB_V2.0.0, X-CUBE-AZRTOS-WL_V2.0.0, X-CUBE-BLE1_V7.0.0, X-CUBE-BLE2_V3.3.0, X-CUBE-BLEMGR_V3.1.0, X-CUBE-EEPRMA1_V5.1.0, X-CUBE-FREERTOS_V1.2.0, X-CUBE-GNSS1_V6.0.0, X-CUBE-MEMS1_V10.0.0, X-CUBE-NFC4_V3.0.0, X-CUBE-NFC7_V1.0.1, X-CUBE-SFXS2LP1_V4.0.0, X-CUBE-SUBG2_V5.0.0, X-CUBE-TOF1_V3.4.2]
2024-09-18 02:30:58,331 [INFO] ApiDb:240 - Found 646 in-development CPN: [B-G473E-ZEST1S, B-WB1M-WPAN1, B-WL5M-SUBG1, NUCLEO-C031C6, NUCLEO-C071RB, NUCLEO-H503RB, NUCLEO-H533RE, NUCLEO-H563ZI, NUCLEO-H7S3L8, NUCLEO-U031R8, NUCLEO-U083RC, NUCLEO-U545RE-Q, NUCLEO-U5A5ZJ-Q, NUCLEO-WB05KZ, NUCLEO-WB07CC, NUCLEO-WB09KE, NUCLEO-WBA52CG, NUCLEO-WBA55CG, STEVAL-PROTEUS1, STEVAL-SMARTAG2, STEVAL-STWINBX1, STM320518-EVAL, STM32C0116-DK, STM32C011D6Y3TR, STM32C011D6Y6TR, STM32C011F4P3, STM32C011F4P6, STM32C011F4U3, STM32C011F4U6TR, STM32C011F6P3, STM32C011F6P6, STM32C011F6U3, STM32C011F6U6TR, STM32C011J4M3, STM32C011J4M6, STM32C011J6M3, STM32C011J6M6, STM32C0316-DK, STM32C031C4T3, STM32C031C4T6, STM32C031C4U3, STM32C031C4U6, STM32C031C6T3, STM32C031C6T6, STM32C031C6U3, STM32C031C6U6, STM32C031F4P3, STM32C031F4P6, STM32C031F6P3, STM32C031F6P6, STM32C031G4U3, STM32C031G4U6, STM32C031G6U3, STM32C031G6U6, STM32C031K4T3, STM32C031K4T6, STM32C031K4U3, STM32C031K4U6, STM32C031K6T3, STM32C031K6T6, STM32C031K6U3, STM32C031K6U6, STM32C071C8T6, STM32C071C8T6N, STM32C071C8U6, STM32C071C8U6N, STM32C071CBT6, STM32C071CBT6N, STM32C071CBU6, STM32C071CBU6N, STM32C071F8P6, STM32C071F8P6N, STM32C071FBP6, STM32C071FBP6N, STM32C071FBY6TR, STM32C071G8U6, STM32C071G8U6N, STM32C071GBU6, STM32C071GBU6N, STM32C071K8T6, STM32C071K8T6N, STM32C071K8U6, STM32C071K8U6N, STM32C071KBT6, STM32C071KBT6N, STM32C071KBU6, STM32C071KBU6N, STM32C071R8T6, STM32C071R8T6N, STM32C071RBI6N, STM32C071RBT6, STM32C071RBT6N, STM32G071K8TXN, STM32G071K8UXN, STM32G081GBU6N, STM32G081KBT6N, STM32G081KBUXN, STM32G0B1CCT6N, STM32G0B1KCT6, STM32G0B1NEY6TR, STM32G0B1RCT6N, STM32G0C1CCT6, STM32G0C1CCT6N, STM32G0C1CCU6N, STM32G0C1CET6N, STM32G0C1CEU6N, STM32G0C1KCT6, STM32G0C1NEY6TR, STM32G0C1RCI6N, STM32G0C1RCT6N, STM32G0C1REI6N, STM32G0C1RET6N, STM32G0C1VCI6, STM32G0C1VEI6, STM32G411C6T3, STM32G411C6T6, STM32G411C6U3, STM32G411C6U6, STM32G411C8T3, STM32G411C8T6, STM32G411C8U3, STM32G411C8U6, STM32G411CBT3, STM32G411CBT6, STM32G411CBU3, STM32G411CBU6, STM32G411K6T3, STM32G411K6T6, STM32G411K6U3, STM32G411K6U6, STM32G411K8T3, STM32G411K8T6, STM32G411K8U3, STM32G411K8U6, STM32G411KBT3, STM32G411KBT6, STM32G411KBU3, STM32G411KBU6, STM32G411M6T3, STM32G411M6T6, STM32G411M8T3, STM32G411M8T6, STM32G411MBT3, STM32G411MBT6, STM32G411R6T3, STM32G411R6T6, STM32G411R8T3, STM32G411R8T6, STM32G411RBT3, STM32G411RBT6, STM32G414CBT3, STM32G414CBT6, STM32G414CBU3, STM32G414CBU6, STM32G414CCT3, STM32G414CCT6, STM32G414CCU3, STM32G414CCU6, STM32G414MBT3, STM32G414MBT6, STM32G414MCT3, STM32G414MCT6, STM32G414RBT3, STM32G414RBT6, STM32G414RCT3, STM32G414RCT6, STM32G414VBT3, STM32G414VBT6, STM32G414VCT3, STM32G414VCT6, STM32G431CBT3Z, STM32G431RBT3Z, STM32G471CCT6, STM32G471CCU6, STM32G471CET3, STM32G471CET6, STM32G471CEU3, STM32G471CEU6, STM32G471MCT6, STM32G471MET3, STM32G471MET6, STM32G471MEY6TR, STM32G471QCT6, STM32G471QET3, STM32G471RCT6, STM32G471RET3, STM32G471RET6, STM32G471VCH6, STM32G471VCI6, STM32G471VCT6, STM32G471VEH3, STM32G471VEH6, STM32G471VEI3, STM32G471VEI6, STM32G471VET3, STM32G471VET6, STM32G473QET3Z, STM32G473RET3Z, STM32G474CCT6, STM32G491RET3Z, STM32H503CBT6, STM32H503CBU6, STM32H503EBY6TR, STM32H503KBU6, STM32H503RBT6, STM32H523CCT6, STM32H523CCU6, STM32H523CET6, STM32H523CEU6, STM32H523HEY6TR, STM32H523RCT6, STM32H523RET6, STM32H523VCI6, STM32H523VCT6, STM32H523VEI6, STM32H523VET6, STM32H523ZCJ6, STM32H523ZCT6, STM32H523ZEJ6, STM32H523ZET6, STM32H533CET6, STM32H533CEU6, STM32H533HEY6TR, STM32H533RET6, STM32H533VEI6, STM32H533VET6, STM32H533ZEJ6, STM32H533ZET6, STM32H562AGI6, STM32H562AII6, STM32H562IGK6, STM32H562IGT6, STM32H562IIK6, STM32H562IIT6, STM32H562RGT6, STM32H562RGV6, STM32H562RIT6, STM32H562RIV6, STM32H562VGT6, STM32H562VIT6, STM32H562ZGT6, STM32H562ZIT6, STM32H563AGI6, STM32H563AII3Q, STM32H563AII6, STM32H563IGK6, STM32H563IGT6, STM32H563IIK3Q, STM32H563IIK6, STM32H563IIT3Q, STM32H563IIT6, STM32H563MIY3QTR, STM32H563RGT6, STM32H563RGV6, STM32H563RIT6, STM32H563RIV6, STM32H563VGT6, STM32H563VIT3Q, STM32H563VIT6, STM32H563ZGT6, STM32H563ZIT3Q, STM32H563ZIT6, STM32H573AII3Q, STM32H573AII6, STM32H573I-DK, STM32H573IIK3Q, STM32H573IIK6, STM32H573IIT3Q, STM32H573IIT6, STM32H573MIY3QTR, STM32H573RIT6, STM32H573RIV6, STM32H573VIT3Q, STM32H573VIT6, STM32H573ZIT3Q, STM32H573ZIT6, STM32H7R3A8I6, STM32H7R3I8K6, STM32H7R3I8T6, STM32H7R3L8H6, STM32H7R3L8H6H, STM32H7R3R8V6, STM32H7R3V8H6, STM32H7R3V8T6, STM32H7R3V8Y6TR, STM32H7R3Z8J6, STM32H7R3Z8T6, STM32H7R7A8I6, STM32H7R7I8K6, STM32H7R7I8T6, STM32H7R7L8H6, STM32H7R7L8H6H, STM32H7R7Z8J6, STM32H7S3A8I6, STM32H7S3I8K6, STM32H7S3I8T6, STM32H7S3L8H6, STM32H7S3L8H6H, STM32H7S3R8V6, STM32H7S3V8H6, STM32H7S3V8T6, STM32H7S3V8Y6TR, STM32H7S3Z8J6, STM32H7S3Z8T6, STM32H7S78-DK, STM32H7S7A8I6, STM32H7S7I8K6, STM32H7S7I8T6, STM32H7S7L8H6, STM32H7S7L8H6H, STM32H7S7Z8J6, STM32L4R5QGI6STR, STM32MP131AAE3, STM32MP131AAF3, STM32MP131AAG3, STM32MP131CAE3, STM32MP131CAF3, STM32MP131CAG3, STM32MP131DAE7, STM32MP131DAF7, STM32MP131DAG7, STM32MP131FAE7, STM32MP131FAF7, STM32MP131FAG7, STM32MP133AAE3, STM32MP133AAF3, STM32MP133AAG3, STM32MP133CAE3, STM32MP133CAF3, STM32MP133CAG3, STM32MP133DAE7, STM32MP133DAF7, STM32MP133DAG7, STM32MP133FAE7, STM32MP133FAF7, STM32MP133FAG7, STM32MP135AAE3, STM32MP135AAF3, STM32MP135AAG3, STM32MP135CAE3, STM32MP135CAF3, STM32MP135CAG3, STM32MP135DAE7, STM32MP135DAF7, STM32MP135DAG7, STM32MP135F-DK, STM32MP135FAE7, STM32MP135FAF7, STM32MP135FAF7T, STM32MP135FAF7U, STM32MP135FAG7, STM32MP251AAI3, STM32MP251AAK3, STM32MP251AAL3, STM32MP251CAI3, STM32MP251CAK3, STM32MP251CAL3, STM32MP251DAI3, STM32MP251DAK3, STM32MP251DAL3, STM32MP251FAI3, STM32MP251FAK3, STM32MP251FAL3, STM32MP253AAI3, STM32MP253AAK3, STM32MP253AAL3, STM32MP253CAI3, STM32MP253CAK3, STM32MP253CAL3, STM32MP253DAI3, STM32MP253DAK3, STM32MP253DAL3, STM32MP253FAI3, STM32MP253FAK3, STM32MP253FAL3, STM32MP255AAI3, STM32MP255AAK3, STM32MP255AAL3, STM32MP255CAI3, STM32MP255CAK3, STM32MP255CAL3, STM32MP255DAI3, STM32MP255DAK3, STM32MP255DAL3, STM32MP255FAI3, STM32MP255FAK3, STM32MP255FAL3, STM32MP257AAI3, STM32MP257AAK3, STM32MP257AAL3, STM32MP257CAI3, STM32MP257CAK3, STM32MP257CAL3, STM32MP257DAI3, STM32MP257DAK3, STM32MP257DAL3, STM32MP257F-DK, STM32MP257F-EV1, STM32MP257FAI3, STM32MP257FAK3, STM32MP257FAL3, STM32U031C6T6, STM32U031C6U6, STM32U031C8T6, STM32U031C8U6, STM32U031F4P6, STM32U031F6P6, STM32U031F8P6, STM32U031G6Y6TR, STM32U031G8Y6TR, STM32U031K4U6, STM32U031K6U6, STM32U031K8U6, STM32U031R6I6, STM32U031R6T6, STM32U031R8I6, STM32U031R8T6, STM32U073C8T6, STM32U073C8U6, STM32U073CBT6, STM32U073CBU6, STM32U073CCT6, STM32U073CCU6, STM32U073H8Y6TR, STM32U073HBY6TR, STM32U073HCY6TR, STM32U073K8U6, STM32U073KBU6, STM32U073KCU6, STM32U073M8I6, STM32U073M8T6, STM32U073MBI6, STM32U073MBT6, STM32U073MCI6, STM32U073MCT6, STM32U073R8I6, STM32U073R8T6, STM32U073RBI6, STM32U073RBT6, STM32U073RCI6, STM32U073RCT6, STM32U083C-DK, STM32U083CCT6, STM32U083CCU6, STM32U083HCY6TR, STM32U083KCU6, STM32U083MCI6, STM32U083MCT6, STM32U083RCI6, STM32U083RCT6, STM32U535CBT6, STM32U535CBT6Q, STM32U535CBU6, STM32U535CBU6Q, STM32U535CCT6, STM32U535CCT6Q, STM32U535CCU6, STM32U535CCU6Q, STM32U535CET6, STM32U535CET6Q, STM32U535CEU6, STM32U535CEU6Q, STM32U535JEY6QTR, STM32U535NCY6QTR, STM32U535NEY6QTR, STM32U535RBI6, STM32U535RBI6Q, STM32U535RBT6, STM32U535RBT6Q, STM32U535RCI6, STM32U535RCI6Q, STM32U535RCT6, STM32U535RCT6Q, STM32U535REI6, STM32U535REI6Q, STM32U535RET6, STM32U535RET6Q, STM32U535VCI6, STM32U535VCI6Q, STM32U535VCT6, STM32U535VCT6Q, STM32U535VEI6, STM32U535VEI6Q, STM32U535VET6, STM32U535VET6Q, STM32U545CET6, STM32U545CET6Q, STM32U545CEU6, STM32U545CEU6Q, STM32U545JEY6QTR, STM32U545NEY6QTR, STM32U545REI6, STM32U545REI6Q, STM32U545RET6, STM32U545RET6Q, STM32U545VEI6, STM32U545VEI6Q, STM32U545VET6, STM32U545VET6Q, STM32U595AIH6, STM32U595AIH6Q, STM32U595AJH6, STM32U595AJH6Q, STM32U595QII6, STM32U595QII6Q, STM32U595QJI6, STM32U595QJI6Q, STM32U595RIT6, STM32U595RIT6Q, STM32U595RJT6, STM32U595RJT6Q, STM32U595VIT6, STM32U595VIT6Q, STM32U595VJT6, STM32U595VJT6Q, STM32U595ZIT6, STM32U595ZIT6Q, STM32U595ZIY6QTR, STM32U595ZJT6, STM32U595ZJT6Q, STM32U595ZJY6QTR, STM32U599BJY6QTR, STM32U599NIH6Q, STM32U599NJH6Q, STM32U599VIT6Q, STM32U599VJT6, STM32U599VJT6Q, STM32U599ZIT6Q, STM32U599ZIY6QTR, STM32U599ZJT6Q, STM32U599ZJY6QTR, STM32U5A5AJH6, STM32U5A5AJH6Q, STM32U5A5QII3Q , STM32U5A5QJI6, STM32U5A5QJI6Q, STM32U5A5RJT6, STM32U5A5RJT6Q, STM32U5A5VJT6, STM32U5A5VJT6Q, STM32U5A5ZJT6, STM32U5A5ZJT6Q, STM32U5A5ZJY6QTR, STM32U5A9BJY6QTR, STM32U5A9J-DK, STM32U5A9NJH6Q, STM32U5A9VJT6Q, STM32U5A9ZJT6Q, STM32U5A9ZJY6QTR, STM32U5F7VIT6, STM32U5F7VIT6Q, STM32U5F7VJT6, STM32U5F7VJT6Q, STM32U5F9BJY6QTR, STM32U5F9NJH6Q, STM32U5F9VIT6Q, STM32U5F9VJT6Q, STM32U5F9ZIJ6QTR, STM32U5F9ZIT6Q, STM32U5F9ZJJ6QTR, STM32U5F9ZJT6Q, STM32U5G7VJT6, STM32U5G7VJT6Q, STM32U5G9BJY6QTR, STM32U5G9J-DK1, STM32U5G9J-DK2, STM32U5G9NJH6Q, STM32U5G9VJT6Q, STM32U5G9ZJJ6QTR, STM32U5G9ZJT6Q, STM32WB05KZV6TR, STM32WB05KZV7TR, STM32WB05TZF6TR, STM32WB05TZF7TR, STM32WB06CCF6TR, STM32WB06CCF7TR, STM32WB06CCV6TR, STM32WB06CCV7TR, STM32WB06KCV6TR, STM32WB06KCV7TR, STM32WB07CCF6TR, STM32WB07CCF7TR, STM32WB07CCV6TR, STM32WB07CCV7TR, STM32WB07KCV6TR, STM32WB07KCV7TR, STM32WB09KEV6TR, STM32WB09KEV7TR, STM32WB09TEF6TR, STM32WB09TEF7TR, STM32WB1MMCH6, STM32WBA50KGU6, STM32WBA50KGU6TR, STM32WBA52CEU6, STM32WBA52CEU6TR, STM32WBA52CEU7, STM32WBA52CEU7TR, STM32WBA52CGU6, STM32WBA52CGU6TR, STM32WBA52CGU6U, STM32WBA52CGU7, STM32WBA52CGU7TR, STM32WBA52KEU6, STM32WBA52KEU6TR, STM32WBA52KGU6, STM32WBA52KGU6TR, STM32WBA54CEU6, STM32WBA54CEU6TR, STM32WBA54CEU7, STM32WBA54CEU7TR, STM32WBA54CGU6, STM32WBA54CGU6TR, STM32WBA54CGU7, STM32WBA54CGU7TR, STM32WBA54KEU6, STM32WBA54KEU6TR, STM32WBA54KEU7, STM32WBA54KEU7TR, STM32WBA54KGU6, STM32WBA54KGU6TR, STM32WBA54KGU7, STM32WBA54KGU7TR, STM32WBA55CEU6, STM32WBA55CEU6TR, STM32WBA55CEU7, STM32WBA55CEU7TR, STM32WBA55CGU6, STM32WBA55CGU6TR, STM32WBA55CGU6U, STM32WBA55CGU7, STM32WBA55CGU7TR, STM32WBA55G-DK1, STM32WBA55HEF6, STM32WBA55HEF7, STM32WBA55HGF6, STM32WBA55HGF7, STM32WBA55UEI6, STM32WBA55UEI6TR, STM32WBA55UEI7, STM32WBA55UEI7TR, STM32WBA55UGI6, STM32WBA55UGI6TR, STM32WBA55UGI7, STM32WBA55UGI7TR, STM32WL5MOCH6, STM32WL5MOCH6TR]
2024-09-18 02:30:58,337 [INFO] DbMcus:218 - Found 4251 MCUs, 4251 are supported
2024-09-18 02:30:58,340 [INFO] ApiDb:423 - Load user favorites file C:\Users\ayoub/.stm32cubeide/favorites.mcus.txt: 0 item(s)
2024-09-18 02:30:58,340 [INFO] ApiDb:427 - User favorites MCUs=[]
2024-09-18 02:30:58,340 [INFO] DbMcus:224 - Set 0 / 0 favorites MCUs
2024-09-18 02:30:59,039 [INFO] ApiDb:668 - CubeFinder database Data Model version=2.1
2024-09-18 02:30:59,040 [INFO] ApiDb:669 - CubeFinder database Configuration version=3.0.39
2024-09-18 02:30:59,040 [INFO] ApiDb:670 - CubeFinder database generation date=2024-08-06 (1722941618)
2024-09-18 02:30:59,040 [INFO] ApiDb:671 - CubeFinder database FW Pack versions=[FP-ATR-ASTRA1_V2.0.0, FP-SNS-FLIGHT1_V5.0.2, FP-SNS-MOTENV1_V5.0.0, FP-SNS-MOTENVWB1_V1.4.0, FP-SNS-SMARTAG2_V1.2.0, FP-SNS-STBOX1_V2.0.0, STM32Cube_FW_C0_V1.2.0, STM32Cube_FW_F4_V1.28.0, STM32Cube_FW_F7_V1.17.2, STM32Cube_FW_G0_V1.6.2, STM32Cube_FW_G4_V1.6.0, STM32Cube_FW_H5_V1.3.0, STM32Cube_FW_H7RS_V1.1.0, STM32Cube_FW_H7_V1.11.2, STM32Cube_FW_L0_V1.12.2, STM32Cube_FW_L5_V1.5.1, STM32Cube_FW_U0_V1.1.0, STM32Cube_FW_U5_V1.6.0, STM32Cube_FW_WB0_V1.0.0, STM32Cube_FW_WBA_V1.4.1, STM32Cube_FW_WB_V1.20.0, STM32Cube_FW_WL_V1.3.0, X-CUBE-ALGOBUILD_V1.4.0, X-CUBE-ALS_V1.0.2, X-CUBE-AZRTOS-F4_V1.1.0, X-CUBE-AZRTOS-F7_V1.1.0, X-CUBE-AZRTOS-G0_V1.1.0, X-CUBE-AZRTOS-G4_V2.0.0, X-CUBE-AZRTOS-H7RS_V1.0.0, X-CUBE-AZRTOS-H7_V3.2.0, X-CUBE-AZRTOS-L4_V2.0.0, X-CUBE-AZRTOS-L5_V1.1.0, X-CUBE-AZRTOS-WB_V2.0.0, X-CUBE-AZRTOS-WL_V2.0.0, X-CUBE-BLE1_V7.0.0, X-CUBE-BLE2_V3.3.0, X-CUBE-BLEMGR_V3.1.0, X-CUBE-EEPRMA1_V5.1.0, X-CUBE-FREERTOS_V1.2.0, X-CUBE-GNSS1_V6.0.0, X-CUBE-MEMS1_V10.0.0, X-CUBE-NFC4_V3.0.0, X-CUBE-NFC7_V1.0.1, X-CUBE-SFXS2LP1_V4.0.0, X-CUBE-SUBG2_V5.0.0, X-CUBE-TOF1_V3.4.2]
2024-09-18 02:30:59,151 [INFO] DbBoardsSqlite:226 - include board P-NUCLEO-WB55-NUCLEO as a kit item of type 'Nucleo-64'
2024-09-18 02:30:59,152 [INFO] DbBoardsSqlite:226 - include board P-NUCLEO-WB55-USBDONGLE as a kit item of type 'Nucleo USB Dongle'
2024-09-18 02:30:59,152 [INFO] DbBoardsSqlite:226 - include board STEVAL-IDP005V1 as a kit item of type 'Evaluation Board'
2024-09-18 02:30:59,153 [INFO] DbBoardsSqlite:226 - include board STEVAL-IDP005V2 as a kit item of type 'Evaluation Board'
2024-09-18 02:30:59,244 [INFO] ApiDb:240 - Found 646 in-development CPN: [B-G473E-ZEST1S, B-WB1M-WPAN1, B-WL5M-SUBG1, NUCLEO-C031C6, NUCLEO-C071RB, NUCLEO-H503RB, NUCLEO-H533RE, NUCLEO-H563ZI, NUCLEO-H7S3L8, NUCLEO-U031R8, NUCLEO-U083RC, NUCLEO-U545RE-Q, NUCLEO-U5A5ZJ-Q, NUCLEO-WB05KZ, NUCLEO-WB07CC, NUCLEO-WB09KE, NUCLEO-WBA52CG, NUCLEO-WBA55CG, STEVAL-PROTEUS1, STEVAL-SMARTAG2, STEVAL-STWINBX1, STM320518-EVAL, STM32C0116-DK, STM32C011D6Y3TR, STM32C011D6Y6TR, STM32C011F4P3, STM32C011F4P6, STM32C011F4U3, STM32C011F4U6TR, STM32C011F6P3, STM32C011F6P6, STM32C011F6U3, STM32C011F6U6TR, STM32C011J4M3, STM32C011J4M6, STM32C011J6M3, STM32C011J6M6, STM32C0316-DK, STM32C031C4T3, STM32C031C4T6, STM32C031C4U3, STM32C031C4U6, STM32C031C6T3, STM32C031C6T6, STM32C031C6U3, STM32C031C6U6, STM32C031F4P3, STM32C031F4P6, STM32C031F6P3, STM32C031F6P6, STM32C031G4U3, STM32C031G4U6, STM32C031G6U3, STM32C031G6U6, STM32C031K4T3, STM32C031K4T6, STM32C031K4U3, STM32C031K4U6, STM32C031K6T3, STM32C031K6T6, STM32C031K6U3, STM32C031K6U6, STM32C071C8T6, STM32C071C8T6N, STM32C071C8U6, STM32C071C8U6N, STM32C071CBT6, STM32C071CBT6N, STM32C071CBU6, STM32C071CBU6N, STM32C071F8P6, STM32C071F8P6N, STM32C071FBP6, STM32C071FBP6N, STM32C071FBY6TR, STM32C071G8U6, STM32C071G8U6N, STM32C071GBU6, STM32C071GBU6N, STM32C071K8T6, STM32C071K8T6N, STM32C071K8U6, STM32C071K8U6N, STM32C071KBT6, STM32C071KBT6N, STM32C071KBU6, STM32C071KBU6N, STM32C071R8T6, STM32C071R8T6N, STM32C071RBI6N, STM32C071RBT6, STM32C071RBT6N, STM32G071K8TXN, STM32G071K8UXN, STM32G081GBU6N, STM32G081KBT6N, STM32G081KBUXN, STM32G0B1CCT6N, STM32G0B1KCT6, STM32G0B1NEY6TR, STM32G0B1RCT6N, STM32G0C1CCT6, STM32G0C1CCT6N, STM32G0C1CCU6N, STM32G0C1CET6N, STM32G0C1CEU6N, STM32G0C1KCT6, STM32G0C1NEY6TR, STM32G0C1RCI6N, STM32G0C1RCT6N, STM32G0C1REI6N, STM32G0C1RET6N, STM32G0C1VCI6, STM32G0C1VEI6, STM32G411C6T3, STM32G411C6T6, STM32G411C6U3, STM32G411C6U6, STM32G411C8T3, STM32G411C8T6, STM32G411C8U3, STM32G411C8U6, STM32G411CBT3, STM32G411CBT6, STM32G411CBU3, STM32G411CBU6, STM32G411K6T3, STM32G411K6T6, STM32G411K6U3, STM32G411K6U6, STM32G411K8T3, STM32G411K8T6, STM32G411K8U3, STM32G411K8U6, STM32G411KBT3, STM32G411KBT6, STM32G411KBU3, STM32G411KBU6, STM32G411M6T3, STM32G411M6T6, STM32G411M8T3, STM32G411M8T6, STM32G411MBT3, STM32G411MBT6, STM32G411R6T3, STM32G411R6T6, STM32G411R8T3, STM32G411R8T6, STM32G411RBT3, STM32G411RBT6, STM32G414CBT3, STM32G414CBT6, STM32G414CBU3, STM32G414CBU6, STM32G414CCT3, STM32G414CCT6, STM32G414CCU3, STM32G414CCU6, STM32G414MBT3, STM32G414MBT6, STM32G414MCT3, STM32G414MCT6, STM32G414RBT3, STM32G414RBT6, STM32G414RCT3, STM32G414RCT6, STM32G414VBT3, STM32G414VBT6, STM32G414VCT3, STM32G414VCT6, STM32G431CBT3Z, STM32G431RBT3Z, STM32G471CCT6, STM32G471CCU6, STM32G471CET3, STM32G471CET6, STM32G471CEU3, STM32G471CEU6, STM32G471MCT6, STM32G471MET3, STM32G471MET6, STM32G471MEY6TR, STM32G471QCT6, STM32G471QET3, STM32G471RCT6, STM32G471RET3, STM32G471RET6, STM32G471VCH6, STM32G471VCI6, STM32G471VCT6, STM32G471VEH3, STM32G471VEH6, STM32G471VEI3, STM32G471VEI6, STM32G471VET3, STM32G471VET6, STM32G473QET3Z, STM32G473RET3Z, STM32G474CCT6, STM32G491RET3Z, STM32H503CBT6, STM32H503CBU6, STM32H503EBY6TR, STM32H503KBU6, STM32H503RBT6, STM32H523CCT6, STM32H523CCU6, STM32H523CET6, STM32H523CEU6, STM32H523HEY6TR, STM32H523RCT6, STM32H523RET6, STM32H523VCI6, STM32H523VCT6, STM32H523VEI6, STM32H523VET6, STM32H523ZCJ6, STM32H523ZCT6, STM32H523ZEJ6, STM32H523ZET6, STM32H533CET6, STM32H533CEU6, STM32H533HEY6TR, STM32H533RET6, STM32H533VEI6, STM32H533VET6, STM32H533ZEJ6, STM32H533ZET6, STM32H562AGI6, STM32H562AII6, STM32H562IGK6, STM32H562IGT6, STM32H562IIK6, STM32H562IIT6, STM32H562RGT6, STM32H562RGV6, STM32H562RIT6, STM32H562RIV6, STM32H562VGT6, STM32H562VIT6, STM32H562ZGT6, STM32H562ZIT6, STM32H563AGI6, STM32H563AII3Q, STM32H563AII6, STM32H563IGK6, STM32H563IGT6, STM32H563IIK3Q, STM32H563IIK6, STM32H563IIT3Q, STM32H563IIT6, STM32H563MIY3QTR, STM32H563RGT6, STM32H563RGV6, STM32H563RIT6, STM32H563RIV6, STM32H563VGT6, STM32H563VIT3Q, STM32H563VIT6, STM32H563ZGT6, STM32H563ZIT3Q, STM32H563ZIT6, STM32H573AII3Q, STM32H573AII6, STM32H573I-DK, STM32H573IIK3Q, STM32H573IIK6, STM32H573IIT3Q, STM32H573IIT6, STM32H573MIY3QTR, STM32H573RIT6, STM32H573RIV6, STM32H573VIT3Q, STM32H573VIT6, STM32H573ZIT3Q, STM32H573ZIT6, STM32H7R3A8I6, STM32H7R3I8K6, STM32H7R3I8T6, STM32H7R3L8H6, STM32H7R3L8H6H, STM32H7R3R8V6, STM32H7R3V8H6, STM32H7R3V8T6, STM32H7R3V8Y6TR, STM32H7R3Z8J6, STM32H7R3Z8T6, STM32H7R7A8I6, STM32H7R7I8K6, STM32H7R7I8T6, STM32H7R7L8H6, STM32H7R7L8H6H, STM32H7R7Z8J6, STM32H7S3A8I6, STM32H7S3I8K6, STM32H7S3I8T6, STM32H7S3L8H6, STM32H7S3L8H6H, STM32H7S3R8V6, STM32H7S3V8H6, STM32H7S3V8T6, STM32H7S3V8Y6TR, STM32H7S3Z8J6, STM32H7S3Z8T6, STM32H7S78-DK, STM32H7S7A8I6, STM32H7S7I8K6, STM32H7S7I8T6, STM32H7S7L8H6, STM32H7S7L8H6H, STM32H7S7Z8J6, STM32L4R5QGI6STR, STM32MP131AAE3, STM32MP131AAF3, STM32MP131AAG3, STM32MP131CAE3, STM32MP131CAF3, STM32MP131CAG3, STM32MP131DAE7, STM32MP131DAF7, STM32MP131DAG7, STM32MP131FAE7, STM32MP131FAF7, STM32MP131FAG7, STM32MP133AAE3, STM32MP133AAF3, STM32MP133AAG3, STM32MP133CAE3, STM32MP133CAF3, STM32MP133CAG3, STM32MP133DAE7, STM32MP133DAF7, STM32MP133DAG7, STM32MP133FAE7, STM32MP133FAF7, STM32MP133FAG7, STM32MP135AAE3, STM32MP135AAF3, STM32MP135AAG3, STM32MP135CAE3, STM32MP135CAF3, STM32MP135CAG3, STM32MP135DAE7, STM32MP135DAF7, STM32MP135DAG7, STM32MP135F-DK, STM32MP135FAE7, STM32MP135FAF7, STM32MP135FAF7T, STM32MP135FAF7U, STM32MP135FAG7, STM32MP251AAI3, STM32MP251AAK3, STM32MP251AAL3, STM32MP251CAI3, STM32MP251CAK3, STM32MP251CAL3, STM32MP251DAI3, STM32MP251DAK3, STM32MP251DAL3, STM32MP251FAI3, STM32MP251FAK3, STM32MP251FAL3, STM32MP253AAI3, STM32MP253AAK3, STM32MP253AAL3, STM32MP253CAI3, STM32MP253CAK3, STM32MP253CAL3, STM32MP253DAI3, STM32MP253DAK3, STM32MP253DAL3, STM32MP253FAI3, STM32MP253FAK3, STM32MP253FAL3, STM32MP255AAI3, STM32MP255AAK3, STM32MP255AAL3, STM32MP255CAI3, STM32MP255CAK3, STM32MP255CAL3, STM32MP255DAI3, STM32MP255DAK3, STM32MP255DAL3, STM32MP255FAI3, STM32MP255FAK3, STM32MP255FAL3, STM32MP257AAI3, STM32MP257AAK3, STM32MP257AAL3, STM32MP257CAI3, STM32MP257CAK3, STM32MP257CAL3, STM32MP257DAI3, STM32MP257DAK3, STM32MP257DAL3, STM32MP257F-DK, STM32MP257F-EV1, STM32MP257FAI3, STM32MP257FAK3, STM32MP257FAL3, STM32U031C6T6, STM32U031C6U6, STM32U031C8T6, STM32U031C8U6, STM32U031F4P6, STM32U031F6P6, STM32U031F8P6, STM32U031G6Y6TR, STM32U031G8Y6TR, STM32U031K4U6, STM32U031K6U6, STM32U031K8U6, STM32U031R6I6, STM32U031R6T6, STM32U031R8I6, STM32U031R8T6, STM32U073C8T6, STM32U073C8U6, STM32U073CBT6, STM32U073CBU6, STM32U073CCT6, STM32U073CCU6, STM32U073H8Y6TR, STM32U073HBY6TR, STM32U073HCY6TR, STM32U073K8U6, STM32U073KBU6, STM32U073KCU6, STM32U073M8I6, STM32U073M8T6, STM32U073MBI6, STM32U073MBT6, STM32U073MCI6, STM32U073MCT6, STM32U073R8I6, STM32U073R8T6, STM32U073RBI6, STM32U073RBT6, STM32U073RCI6, STM32U073RCT6, STM32U083C-DK, STM32U083CCT6, STM32U083CCU6, STM32U083HCY6TR, STM32U083KCU6, STM32U083MCI6, STM32U083MCT6, STM32U083RCI6, STM32U083RCT6, STM32U535CBT6, STM32U535CBT6Q, STM32U535CBU6, STM32U535CBU6Q, STM32U535CCT6, STM32U535CCT6Q, STM32U535CCU6, STM32U535CCU6Q, STM32U535CET6, STM32U535CET6Q, STM32U535CEU6, STM32U535CEU6Q, STM32U535JEY6QTR, STM32U535NCY6QTR, STM32U535NEY6QTR, STM32U535RBI6, STM32U535RBI6Q, STM32U535RBT6, STM32U535RBT6Q, STM32U535RCI6, STM32U535RCI6Q, STM32U535RCT6, STM32U535RCT6Q, STM32U535REI6, STM32U535REI6Q, STM32U535RET6, STM32U535RET6Q, STM32U535VCI6, STM32U535VCI6Q, STM32U535VCT6, STM32U535VCT6Q, STM32U535VEI6, STM32U535VEI6Q, STM32U535VET6, STM32U535VET6Q, STM32U545CET6, STM32U545CET6Q, STM32U545CEU6, STM32U545CEU6Q, STM32U545JEY6QTR, STM32U545NEY6QTR, STM32U545REI6, STM32U545REI6Q, STM32U545RET6, STM32U545RET6Q, STM32U545VEI6, STM32U545VEI6Q, STM32U545VET6, STM32U545VET6Q, STM32U595AIH6, STM32U595AIH6Q, STM32U595AJH6, STM32U595AJH6Q, STM32U595QII6, STM32U595QII6Q, STM32U595QJI6, STM32U595QJI6Q, STM32U595RIT6, STM32U595RIT6Q, STM32U595RJT6, STM32U595RJT6Q, STM32U595VIT6, STM32U595VIT6Q, STM32U595VJT6, STM32U595VJT6Q, STM32U595ZIT6, STM32U595ZIT6Q, STM32U595ZIY6QTR, STM32U595ZJT6, STM32U595ZJT6Q, STM32U595ZJY6QTR, STM32U599BJY6QTR, STM32U599NIH6Q, STM32U599NJH6Q, STM32U599VIT6Q, STM32U599VJT6, STM32U599VJT6Q, STM32U599ZIT6Q, STM32U599ZIY6QTR, STM32U599ZJT6Q, STM32U599ZJY6QTR, STM32U5A5AJH6, STM32U5A5AJH6Q, STM32U5A5QII3Q , STM32U5A5QJI6, STM32U5A5QJI6Q, STM32U5A5RJT6, STM32U5A5RJT6Q, STM32U5A5VJT6, STM32U5A5VJT6Q, STM32U5A5ZJT6, STM32U5A5ZJT6Q, STM32U5A5ZJY6QTR, STM32U5A9BJY6QTR, STM32U5A9J-DK, STM32U5A9NJH6Q, STM32U5A9VJT6Q, STM32U5A9ZJT6Q, STM32U5A9ZJY6QTR, STM32U5F7VIT6, STM32U5F7VIT6Q, STM32U5F7VJT6, STM32U5F7VJT6Q, STM32U5F9BJY6QTR, STM32U5F9NJH6Q, STM32U5F9VIT6Q, STM32U5F9VJT6Q, STM32U5F9ZIJ6QTR, STM32U5F9ZIT6Q, STM32U5F9ZJJ6QTR, STM32U5F9ZJT6Q, STM32U5G7VJT6, STM32U5G7VJT6Q, STM32U5G9BJY6QTR, STM32U5G9J-DK1, STM32U5G9J-DK2, STM32U5G9NJH6Q, STM32U5G9VJT6Q, STM32U5G9ZJJ6QTR, STM32U5G9ZJT6Q, STM32WB05KZV6TR, STM32WB05KZV7TR, STM32WB05TZF6TR, STM32WB05TZF7TR, STM32WB06CCF6TR, STM32WB06CCF7TR, STM32WB06CCV6TR, STM32WB06CCV7TR, STM32WB06KCV6TR, STM32WB06KCV7TR, STM32WB07CCF6TR, STM32WB07CCF7TR, STM32WB07CCV6TR, STM32WB07CCV7TR, STM32WB07KCV6TR, STM32WB07KCV7TR, STM32WB09KEV6TR, STM32WB09KEV7TR, STM32WB09TEF6TR, STM32WB09TEF7TR, STM32WB1MMCH6, STM32WBA50KGU6, STM32WBA50KGU6TR, STM32WBA52CEU6, STM32WBA52CEU6TR, STM32WBA52CEU7, STM32WBA52CEU7TR, STM32WBA52CGU6, STM32WBA52CGU6TR, STM32WBA52CGU6U, STM32WBA52CGU7, STM32WBA52CGU7TR, STM32WBA52KEU6, STM32WBA52KEU6TR, STM32WBA52KGU6, STM32WBA52KGU6TR, STM32WBA54CEU6, STM32WBA54CEU6TR, STM32WBA54CEU7, STM32WBA54CEU7TR, STM32WBA54CGU6, STM32WBA54CGU6TR, STM32WBA54CGU7, STM32WBA54CGU7TR, STM32WBA54KEU6, STM32WBA54KEU6TR, STM32WBA54KEU7, STM32WBA54KEU7TR, STM32WBA54KGU6, STM32WBA54KGU6TR, STM32WBA54KGU7, STM32WBA54KGU7TR, STM32WBA55CEU6, STM32WBA55CEU6TR, STM32WBA55CEU7, STM32WBA55CEU7TR, STM32WBA55CGU6, STM32WBA55CGU6TR, STM32WBA55CGU6U, STM32WBA55CGU7, STM32WBA55CGU7TR, STM32WBA55G-DK1, STM32WBA55HEF6, STM32WBA55HEF7, STM32WBA55HGF6, STM32WBA55HGF7, STM32WBA55UEI6, STM32WBA55UEI6TR, STM32WBA55UEI7, STM32WBA55UEI7TR, STM32WBA55UGI6, STM32WBA55UGI6TR, STM32WBA55UGI7, STM32WBA55UGI7TR, STM32WL5MOCH6, STM32WL5MOCH6TR]
2024-09-18 02:30:59,604 [INFO] BoardInfo:889 - No configuration file found for board P-NUCLEO-WB55
2024-09-18 02:30:59,606 [INFO] DbBoards:161 - Kit is not supported: P-NUCLEO-WB55
2024-09-18 02:30:59,623 [INFO] BoardInfo:889 - No configuration file found for board STEVAL-BFA001V1B
2024-09-18 02:30:59,623 [INFO] DbBoards:161 - Kit is not supported: STEVAL-BFA001V1B
2024-09-18 02:30:59,627 [INFO] BoardInfo:889 - No configuration file found for board STEVAL-BFA001V2B
2024-09-18 02:30:59,629 [INFO] DbBoards:161 - Kit is not supported: STEVAL-BFA001V2B
2024-09-18 02:31:00,093 [INFO] DbBoards:168 - Found 201 boards, 198 are supported
2024-09-18 02:31:00,093 [INFO] DbBoards:169 - Found 201 boards, 25 of them is supported for  Bsp
2024-09-18 02:31:00,103 [INFO] ApiDb:423 - Load user favorites file C:\Users\ayoub/.stm32cubeide/favorites.boards.txt: 0 item(s)
2024-09-18 02:31:00,103 [INFO] ApiDb:427 - User favorites Boards=[]
2024-09-18 02:31:00,103 [INFO] DbBoards:198 - Set 0 / 0 favorites Boards
2024-09-18 02:31:00,107 [INFO] ApiDb:668 - CubeFinder database Data Model version=2.1
2024-09-18 02:31:00,107 [INFO] ApiDb:669 - CubeFinder database Configuration version=3.0.39
2024-09-18 02:31:00,107 [INFO] ApiDb:670 - CubeFinder database generation date=2024-08-06 (1722941618)
2024-09-18 02:31:00,107 [INFO] ApiDb:671 - CubeFinder database FW Pack versions=[FP-ATR-ASTRA1_V2.0.0, FP-SNS-FLIGHT1_V5.0.2, FP-SNS-MOTENV1_V5.0.0, FP-SNS-MOTENVWB1_V1.4.0, FP-SNS-SMARTAG2_V1.2.0, FP-SNS-STBOX1_V2.0.0, STM32Cube_FW_C0_V1.2.0, STM32Cube_FW_F4_V1.28.0, STM32Cube_FW_F7_V1.17.2, STM32Cube_FW_G0_V1.6.2, STM32Cube_FW_G4_V1.6.0, STM32Cube_FW_H5_V1.3.0, STM32Cube_FW_H7RS_V1.1.0, STM32Cube_FW_H7_V1.11.2, STM32Cube_FW_L0_V1.12.2, STM32Cube_FW_L5_V1.5.1, STM32Cube_FW_U0_V1.1.0, STM32Cube_FW_U5_V1.6.0, STM32Cube_FW_WB0_V1.0.0, STM32Cube_FW_WBA_V1.4.1, STM32Cube_FW_WB_V1.20.0, STM32Cube_FW_WL_V1.3.0, X-CUBE-ALGOBUILD_V1.4.0, X-CUBE-ALS_V1.0.2, X-CUBE-AZRTOS-F4_V1.1.0, X-CUBE-AZRTOS-F7_V1.1.0, X-CUBE-AZRTOS-G0_V1.1.0, X-CUBE-AZRTOS-G4_V2.0.0, X-CUBE-AZRTOS-H7RS_V1.0.0, X-CUBE-AZRTOS-H7_V3.2.0, X-CUBE-AZRTOS-L4_V2.0.0, X-CUBE-AZRTOS-L5_V1.1.0, X-CUBE-AZRTOS-WB_V2.0.0, X-CUBE-AZRTOS-WL_V2.0.0, X-CUBE-BLE1_V7.0.0, X-CUBE-BLE2_V3.3.0, X-CUBE-BLEMGR_V3.1.0, X-CUBE-EEPRMA1_V5.1.0, X-CUBE-FREERTOS_V1.2.0, X-CUBE-GNSS1_V6.0.0, X-CUBE-MEMS1_V10.0.0, X-CUBE-NFC4_V3.0.0, X-CUBE-NFC7_V1.0.1, X-CUBE-SFXS2LP1_V4.0.0, X-CUBE-SUBG2_V5.0.0, X-CUBE-TOF1_V3.4.2]
2024-09-18 02:31:01,732 [ERROR] DbExamplesSqlite:437 - Missing JSON key: board_cpn
2024-09-18 02:31:01,733 [ERROR] DbExamplesSqlite:437 - Missing JSON key: board_cpn
2024-09-18 02:31:01,735 [ERROR] DbExamplesSqlite:437 - Missing JSON key: board_cpn
2024-09-18 02:31:01,735 [ERROR] DbExamplesSqlite:437 - Missing JSON key: board_cpn
2024-09-18 02:31:02,138 [ERROR] DbExamplesSqlite:437 - Missing JSON key: board_cpn
2024-09-18 02:31:02,138 [ERROR] DbExamplesSqlite:437 - Missing JSON key: board_cpn
2024-09-18 02:31:02,139 [ERROR] DbExamplesSqlite:437 - Missing JSON key: board_cpn
2024-09-18 02:31:02,139 [ERROR] DbExamplesSqlite:437 - Missing JSON key: board_cpn
2024-09-18 02:31:02,139 [ERROR] DbExamplesSqlite:437 - Missing JSON key: board_cpn
2024-09-18 02:31:02,140 [ERROR] DbExamplesSqlite:437 - Missing JSON key: board_cpn
2024-09-18 02:31:02,140 [ERROR] DbExamplesSqlite:437 - Missing JSON key: board_cpn
2024-09-18 02:31:02,140 [ERROR] DbExamplesSqlite:437 - Missing JSON key: board_cpn
2024-09-18 02:31:02,141 [ERROR] DbExamplesSqlite:437 - Missing JSON key: board_cpn
2024-09-18 02:31:02,142 [INFO] DbExamplesSqlite:395 - Ignored 28 examples not supported by CubeIDE
2024-09-18 02:31:02,143 [INFO] DbExamplesSqlite:396 - Found 8608 examples active
2024-09-18 02:31:02,143 [INFO] DbExamplesSqlite:397 - Found 0 examples obsolete
2024-09-18 02:31:02,143 [INFO] DbExamplesSqlite:398 - Found 0 examples under development
2024-09-18 02:31:02,143 [INFO] DbExamplesSqlite:399 - Found 10 examples not building
2024-09-18 02:31:02,145 [INFO] DbExamples:125 - Found 8590 examples
2024-09-18 02:31:02,311 [ERROR] DbExamples:208 - Found 167 examples with invalid data (board or MCU)
2024-09-18 02:31:02,312 [INFO] DbExamples:222 - Found 108 boards with related examples
2024-09-18 02:31:02,314 [INFO] DbExamples:235 - Found 88 MCUs with related examples
2024-09-18 02:31:02,353 [INFO] ApiDb:423 - Load user favorites file C:\Users\ayoub/.stm32cubeide/favorites.examples.txt: 0 item(s)
2024-09-18 02:31:02,354 [INFO] ApiDb:427 - User favorites Examples=[]
2024-09-18 02:31:02,354 [INFO] DbExamples:250 - Set 0 / 0 favorites Examples
2024-09-18 02:31:02,713 [INFO] McuFinderGlobals:76 - Set McuFinderConnectedMode to true
2024-09-18 02:31:02,731 [INFO] MultiScanPanel:200 - Auto-refresh data requested => check proxy status ongoing
2024-09-18 02:31:02,740 [INFO] FinderPluginLoader:95 - Searching for filters in installed packs
2024-09-18 02:31:06,184 [INFO] LoadUrlFilesThread:185 - End of LoadServerUrlFiles without Thread
2024-09-18 02:31:06,317 [INFO] DetailPanel:341 - Set advertising image to C:/Users/ayoub/STM32Cube/Repository/\en.prom-stm32c071-usb-memories-mcu-finder.png
2024-09-18 02:31:13,379 [INFO] MultiScanPanel:200 - Auto-refresh data requested => check proxy status ongoing
2024-09-18 02:31:13,619 [INFO] LoadUrlFilesThread:185 - End of LoadServerUrlFiles without Thread
2024-09-18 02:31:13,619 [INFO] DetailPanel:341 - Set advertising image to C:/Users/ayoub/STM32Cube/Repository/\en.prom-stm32c071-usb-memories-mcu-finder.png
2024-09-18 02:31:13,642 [INFO] DbBoards:642 - Loading board mini-images...
2024-09-18 02:31:14,018 [ERROR] DbBoards:659 - Image file not found for board NUCLEO-C071RB: C:\Users\ayoub\.stmcufinder\plugins\mcufinder//mcu//boards_images/NUCLEO-C071RB.jpg
2024-09-18 02:31:15,405 [ERROR] DbBoards:659 - Image file not found for board NUCLEO-WB05KZ: C:\Users\ayoub\.stmcufinder\plugins\mcufinder//mcu//boards_images/NUCLEO-WB05KZ.jpg
2024-09-18 02:31:17,523 [INFO] DbBoards:665 - Loaded 199 board mini-images
2024-09-18 02:31:41,566 [INFO] MainUpdater:2873 - connection check result : 10
2024-09-18 02:31:41,567 [INFO] MainUpdater:2873 - connection check result : 10
2024-09-18 02:31:41,609 [INFO] RulesReader:64 - Compatibility file has been processed (297 Rules)
2024-09-18 02:31:41,626 [INFO] RulesReader:64 - Compatibility file has been processed (297 Rules)
2024-09-18 02:31:41,631 [INFO] MicroXplorer:468 - Change Database Path : 
2024-09-18 02:31:41,631 [INFO] MicroXplorer:498 - Change Database Version : DB.6.0.120
2024-09-18 02:31:41,640 [WARN] ThirdParty:871 - waiting for thirdparty lock release [close project]
2024-09-18 02:31:41,640 [INFO] ThirdParty:873 - entering critical section [close project]
2024-09-18 02:31:41,642 [INFO] ThirdParty:883 - exiting critical section [close project]
2024-09-18 02:31:41,645 [INFO] PinOutPanel:1561 - setPackage(No Configuration,No Configuration)
2024-09-18 02:31:41,652 [INFO] UtilMem:75 - Begin LoadConfig() Used Memory: 530374792 Bytes (833617920)
2024-09-18 02:31:41,663 [INFO] MicroXplorer:468 - Change Database Path : C:/Users/ayoub/.stm32cubemx/databases/DB.6.0.110/db/
2024-09-18 02:31:41,663 [INFO] MicroXplorer:498 - Change Database Version : DB.6.0.110
2024-09-18 02:31:41,666 [INFO] MicroXplorer:468 - Change Database Path : 
2024-09-18 02:31:41,667 [INFO] MicroXplorer:498 - Change Database Version : DB.6.0.120
2024-09-18 02:31:41,667 [INFO] OpenFileManager:332 - Change cursor
2024-09-18 02:31:41,702 [INFO] Mcu:2032 - Initializing MCU STM32H755ZITx STM32H755ZITx STM32H755ZIT6
2024-09-18 02:31:54,295 [INFO] Context:742 - Trying to add GPIOservice into a context  which must be forbidden
2024-09-18 02:31:54,295 [INFO] Context:742 - Trying to add GPIOservice into a context  which must be forbidden
2024-09-18 02:31:59,833 [INFO] ApiDbMcu:508 - Load IP Config File for NUCLEO-H755ZI-Q
2024-09-18 02:32:00,304 [INFO] Context:742 - Trying to add GPIOservice into a context  which must be forbidden
2024-09-18 02:32:00,305 [INFO] Context:742 - Trying to add GPIOservice into a context  which must be forbidden
2024-09-18 02:32:01,059 [INFO] RtosManager:555 - Registered RTOS mode: class=CMSIS, group=RTOS, mode=CMSIS_V1, owner=FREERTOS_M7
2024-09-18 02:32:01,061 [INFO] RtosManager:555 - Registered RTOS mode: class=CMSIS, group=RTOS2, mode=CMSIS_V2, owner=FREERTOS_M7
2024-09-18 02:32:01,062 [INFO] RtosManager:555 - Registered RTOS mode: class=RTOS, group=Core, mode=CMSIS_V1, owner=FREERTOS_M7
2024-09-18 02:32:01,062 [INFO] RtosManager:555 - Registered RTOS mode: class=RTOS, group=Core, mode=CMSIS_V2, owner=FREERTOS_M7
2024-09-18 02:32:01,063 [WARN] ModelIntegratedComponent:184 - Missing modes for component STMicroelectronics:FreeRTOS:0.0.1:STMicroelectronics:RTOS:FreeRTOS:Core:::10.2.0:
2024-09-18 02:32:01,086 [WARN] ModelIntegratedComponent:63 - No mode defined for component null
2024-09-18 02:32:01,086 [WARN] ModelIntegratedComponent:63 - No mode defined for component null
2024-09-18 02:32:01,087 [WARN] ModelIntegratedComponent:63 - No mode defined for component null
2024-09-18 02:32:01,087 [WARN] ModelIntegratedComponent:63 - No mode defined for component null
2024-09-18 02:32:01,087 [WARN] ModelIntegratedComponent:63 - No mode defined for component null
2024-09-18 02:32:01,087 [WARN] ModelIntegratedComponent:63 - No mode defined for component null
2024-09-18 02:32:01,087 [WARN] ModelIntegratedComponent:63 - No mode defined for component null
2024-09-18 02:32:01,088 [WARN] ModelIntegratedComponent:63 - No mode defined for component null
2024-09-18 02:32:01,088 [WARN] ModelIntegratedComponent:63 - No mode defined for component null
2024-09-18 02:32:01,088 [WARN] ModelIntegratedComponent:63 - No mode defined for component null
2024-09-18 02:32:01,088 [WARN] ModelIntegratedComponent:63 - No mode defined for component null
2024-09-18 02:32:01,088 [WARN] ModelIntegratedComponent:63 - No mode defined for component null
2024-09-18 02:32:01,088 [WARN] ModelIntegratedComponent:63 - No mode defined for component null
2024-09-18 02:32:01,088 [WARN] ModelIntegratedComponent:63 - No mode defined for component null
2024-09-18 02:32:01,089 [WARN] ModelIntegratedComponent:63 - No mode defined for component null
2024-09-18 02:32:01,089 [WARN] ModelIntegratedComponent:63 - No mode defined for component null
2024-09-18 02:32:01,089 [WARN] ModelIntegratedComponent:63 - No mode defined for component null
2024-09-18 02:32:01,089 [WARN] ModelIntegratedComponent:63 - No mode defined for component null
2024-09-18 02:32:01,089 [WARN] ModelIntegratedComponent:63 - No mode defined for component null
2024-09-18 02:32:01,089 [WARN] ModelIntegratedComponent:63 - No mode defined for component null
2024-09-18 02:32:01,089 [WARN] ModelIntegratedComponent:63 - No mode defined for component null
2024-09-18 02:32:01,089 [WARN] ModelIntegratedComponent:63 - No mode defined for component null
2024-09-18 02:32:01,089 [WARN] ModelIntegratedComponent:63 - No mode defined for component null
2024-09-18 02:32:01,090 [WARN] ModelIntegratedComponent:63 - No mode defined for component null
2024-09-18 02:32:01,090 [WARN] ModelIntegratedComponent:63 - No mode defined for component null
2024-09-18 02:32:01,090 [WARN] ModelIntegratedComponent:63 - No mode defined for component null
2024-09-18 02:32:01,091 [WARN] ModelIntegratedComponent:63 - No mode defined for component null
2024-09-18 02:32:01,091 [WARN] ModelIntegratedComponent:63 - No mode defined for component null
2024-09-18 02:32:01,091 [WARN] ModelIntegratedComponent:63 - No mode defined for component null
2024-09-18 02:32:01,091 [WARN] ModelIntegratedComponent:63 - No mode defined for component null
2024-09-18 02:32:01,091 [WARN] ModelIntegratedComponent:63 - No mode defined for component null
2024-09-18 02:32:01,091 [WARN] ModelIntegratedComponent:63 - No mode defined for component null
2024-09-18 02:32:01,091 [WARN] ModelIntegratedComponent:63 - No mode defined for component null
2024-09-18 02:32:01,091 [WARN] ModelIntegratedComponent:63 - No mode defined for component null
2024-09-18 02:32:01,091 [WARN] ModelIntegratedComponent:63 - No mode defined for component null
2024-09-18 02:32:01,092 [WARN] ModelPack:524 - Component already loaded: STMicroelectronics:HAL Drivers:0.0.0:STMicroelectronics:Device:STMicro_Driver:XSPI:HAL::0.0.1:HAL_XSPI
2024-09-18 02:32:01,717 [INFO] RtosManager:555 - Registered RTOS mode: class=CMSIS, group=RTOS, mode=CMSIS_V1, owner=FREERTOS_M4
2024-09-18 02:32:01,719 [INFO] RtosManager:555 - Registered RTOS mode: class=CMSIS, group=RTOS2, mode=CMSIS_V2, owner=FREERTOS_M4
2024-09-18 02:32:01,719 [INFO] RtosManager:555 - Registered RTOS mode: class=RTOS, group=Core, mode=CMSIS_V1, owner=FREERTOS_M4
2024-09-18 02:32:01,719 [INFO] RtosManager:555 - Registered RTOS mode: class=RTOS, group=Core, mode=CMSIS_V2, owner=FREERTOS_M4
2024-09-18 02:32:01,719 [WARN] ModelIntegratedComponent:184 - Missing modes for component STMicroelectronics:FreeRTOS:0.0.1:STMicroelectronics:RTOS:FreeRTOS:Core:::10.2.0:
2024-09-18 02:32:01,727 [WARN] ModelIntegratedComponent:63 - No mode defined for component null
2024-09-18 02:32:01,727 [WARN] ModelIntegratedComponent:63 - No mode defined for component null
2024-09-18 02:32:01,728 [WARN] ModelIntegratedComponent:63 - No mode defined for component null
2024-09-18 02:32:01,728 [WARN] ModelIntegratedComponent:63 - No mode defined for component null
2024-09-18 02:32:01,728 [WARN] ModelIntegratedComponent:63 - No mode defined for component null
2024-09-18 02:32:01,728 [WARN] ModelIntegratedComponent:63 - No mode defined for component null
2024-09-18 02:32:01,728 [WARN] ModelIntegratedComponent:63 - No mode defined for component null
2024-09-18 02:32:01,729 [WARN] ModelIntegratedComponent:63 - No mode defined for component null
2024-09-18 02:32:01,730 [WARN] ModelIntegratedComponent:63 - No mode defined for component null
2024-09-18 02:32:01,730 [WARN] ModelIntegratedComponent:63 - No mode defined for component null
2024-09-18 02:32:01,730 [WARN] ModelIntegratedComponent:63 - No mode defined for component null
2024-09-18 02:32:01,730 [WARN] ModelIntegratedComponent:63 - No mode defined for component null
2024-09-18 02:32:01,730 [WARN] ModelIntegratedComponent:63 - No mode defined for component null
2024-09-18 02:32:01,730 [WARN] ModelIntegratedComponent:63 - No mode defined for component null
2024-09-18 02:32:01,730 [WARN] ModelIntegratedComponent:63 - No mode defined for component null
2024-09-18 02:32:01,730 [WARN] ModelIntegratedComponent:63 - No mode defined for component null
2024-09-18 02:32:01,730 [WARN] ModelIntegratedComponent:63 - No mode defined for component null
2024-09-18 02:32:01,730 [WARN] ModelIntegratedComponent:63 - No mode defined for component null
2024-09-18 02:32:01,731 [WARN] ModelIntegratedComponent:63 - No mode defined for component null
2024-09-18 02:32:01,731 [WARN] ModelIntegratedComponent:63 - No mode defined for component null
2024-09-18 02:32:01,731 [WARN] ModelIntegratedComponent:63 - No mode defined for component null
2024-09-18 02:32:01,731 [WARN] ModelIntegratedComponent:63 - No mode defined for component null
2024-09-18 02:32:01,731 [WARN] ModelIntegratedComponent:63 - No mode defined for component null
2024-09-18 02:32:01,732 [WARN] ModelIntegratedComponent:63 - No mode defined for component null
2024-09-18 02:32:01,732 [WARN] ModelIntegratedComponent:63 - No mode defined for component null
2024-09-18 02:32:01,732 [WARN] ModelIntegratedComponent:63 - No mode defined for component null
2024-09-18 02:32:01,733 [WARN] ModelIntegratedComponent:63 - No mode defined for component null
2024-09-18 02:32:01,733 [WARN] ModelIntegratedComponent:63 - No mode defined for component null
2024-09-18 02:32:01,733 [WARN] ModelIntegratedComponent:63 - No mode defined for component null
2024-09-18 02:32:01,733 [WARN] ModelIntegratedComponent:63 - No mode defined for component null
2024-09-18 02:32:01,733 [WARN] ModelIntegratedComponent:63 - No mode defined for component null
2024-09-18 02:32:01,733 [WARN] ModelIntegratedComponent:63 - No mode defined for component null
2024-09-18 02:32:01,734 [WARN] ModelIntegratedComponent:63 - No mode defined for component null
2024-09-18 02:32:01,734 [WARN] ModelIntegratedComponent:63 - No mode defined for component null
2024-09-18 02:32:01,734 [WARN] ModelIntegratedComponent:63 - No mode defined for component null
2024-09-18 02:32:01,735 [WARN] ModelPack:524 - Component already loaded: STMicroelectronics:HAL Drivers:0.0.0:STMicroelectronics:Device:STMicro_Driver:XSPI:HAL::0.0.1:HAL_XSPI
2024-09-18 02:32:02,242 [INFO] ThirdPartyModel:298 - Start build external matchings
2024-09-18 02:32:05,320 [INFO] ThirdPartyModel:316 - End build external matchings
2024-09-18 02:32:05,364 [INFO] ThirdPartyModel:298 - Start build external matchings
2024-09-18 02:32:08,115 [INFO] ThirdPartyModel:316 - End build external matchings
2024-09-18 02:32:08,544 [INFO] UtilMem:75 - End LoadConfig() Used Memory: 704412672 Bytes (1073741824)
2024-09-18 02:32:35,171 [INFO] BspBoardWizard:571 - Analytics plugin initialized with success
2024-09-18 02:32:35,173 [INFO] BspBoardWizard:571 - Analytics plugin initialized with success
2024-09-18 02:32:35,176 [INFO] BspBoardWizard:571 - Analytics plugin initialized with success
2024-09-18 02:32:35,345 [WARN] ThirdParty:833 - waiting for thirdparty lock release [change project]
2024-09-18 02:32:35,346 [INFO] ThirdParty:835 - entering critical section [change project]
2024-09-18 02:32:35,346 [INFO] ThirdParty:1030 - CMSIS Pack Vendor :STMicroelectronics USBPD 4.1
2024-09-18 02:32:35,346 [INFO] ThirdParty:1030 - CMSIS Pack Vendor :STMicroelectronics X-CUBE-GNSS1 6.0.0
2024-09-18 02:32:35,346 [INFO] ThirdParty:1030 - CMSIS Pack Vendor :STMicroelectronics USB_HOST 2.0.0
2024-09-18 02:32:35,346 [INFO] ThirdParty:1030 - CMSIS Pack Vendor :STMicroelectronics FP-SNS-MOTENVWB1 1.4.0
2024-09-18 02:32:35,346 [INFO] ThirdParty:1030 - CMSIS Pack Vendor :STMicroelectronics X-CUBE-AZRTOS-F4 1.1.0
2024-09-18 02:32:35,346 [INFO] ThirdParty:1030 - CMSIS Pack Vendor :STMicroelectronics LIBJPEG 8.0.0
2024-09-18 02:32:35,346 [INFO] ThirdParty:1030 - CMSIS Pack Vendor :wolfSSL I-CUBE-wolfSSL 5.6.4
2024-09-18 02:32:35,346 [INFO] ThirdParty:1030 - CMSIS Pack Vendor :STMicroelectronics X-CUBE-SMBUS 2.1.0
2024-09-18 02:32:35,346 [INFO] ThirdParty:1030 - CMSIS Pack Vendor :STMicroelectronics X-CUBE-ISPU 2.1.0
2024-09-18 02:32:35,346 [INFO] ThirdParty:1030 - CMSIS Pack Vendor :STMicroelectronics X-CUBE-FREERTOS 1.2.0
2024-09-18 02:32:35,346 [INFO] ThirdParty:1030 - CMSIS Pack Vendor :wolfSSL I-CUBE-wolfSSL 5.6.6
2024-09-18 02:32:35,346 [INFO] ThirdParty:1030 - CMSIS Pack Vendor :STMicroelectronics X-CUBE-TOUCHGFX 4.23.0
2024-09-18 02:32:35,346 [INFO] ThirdParty:1030 - CMSIS Pack Vendor :STMicroelectronics X-CUBE-TOUCHGFX 4.23.2
2024-09-18 02:32:35,346 [INFO] ThirdParty:1030 - CMSIS Pack Vendor :STMicroelectronics X-CUBE-AZRTOS-F7 1.1.0
2024-09-18 02:32:35,346 [INFO] ThirdParty:1030 - CMSIS Pack Vendor :STMicroelectronics X-CUBE-AZRTOS-L5 2.0.0
2024-09-18 02:32:35,346 [INFO] ThirdParty:1030 - CMSIS Pack Vendor :STMicroelectronics USB_DEVICE 2.0.0
2024-09-18 02:32:35,346 [INFO] ThirdParty:1030 - CMSIS Pack Vendor :STMicroelectronics X-CUBE-EEPRMA1 4.2.0
2024-09-18 02:32:35,346 [INFO] ThirdParty:1030 - CMSIS Pack Vendor :STMicroelectronics X-CUBE-NFC6 3.1.0
2024-09-18 02:32:35,346 [INFO] ThirdParty:1030 - CMSIS Pack Vendor :ITTIA_DB I-CUBE-ITTIADB 8.8.0
2024-09-18 02:32:35,346 [INFO] ThirdParty:1030 - CMSIS Pack Vendor :STMicroelectronics FP-SNS-MOTENV1 4.3.2
2024-09-18 02:32:35,347 [INFO] ThirdParty:1030 - CMSIS Pack Vendor :STMicroelectronics X-CUBE-MEMS1 11.0.0
2024-09-18 02:32:35,347 [INFO] ThirdParty:1030 - CMSIS Pack Vendor :STMicroelectronics FreeRTOS 0.0.1
2024-09-18 02:32:35,347 [INFO] ThirdParty:1030 - CMSIS Pack Vendor :STMicroelectronics X-CUBE-BLEMGR 2.0.0
2024-09-18 02:32:35,347 [INFO] ThirdParty:1030 - CMSIS Pack Vendor :STMicroelectronics X-CUBE-DPower 1.2.0
2024-09-18 02:32:35,347 [INFO] ThirdParty:1030 - CMSIS Pack Vendor :STMicroelectronics FP-SNS-FLIGHT1 5.0.2
2024-09-18 02:32:35,347 [INFO] ThirdParty:1030 - CMSIS Pack Vendor :STMicroelectronics X-CUBE-AI 9.0.0
2024-09-18 02:32:35,347 [INFO] ThirdParty:1030 - CMSIS Pack Vendor :STMicroelectronics X-CUBE-AZRTOS-H7 3.1.0
2024-09-18 02:32:35,347 [INFO] ThirdParty:1030 - CMSIS Pack Vendor :STMicroelectronics PDM2PCM 3.3.0
2024-09-18 02:32:35,347 [INFO] ThirdParty:1030 - CMSIS Pack Vendor :STMicroelectronics X-CUBE-DISPLAY 3.0.0
2024-09-18 02:32:35,347 [INFO] ThirdParty:1030 - CMSIS Pack Vendor :STMicroelectronics X-CUBE-BLE1 7.0.0
2024-09-18 02:32:35,347 [INFO] ThirdParty:1030 - CMSIS Pack Vendor :STMicroelectronics HAL Drivers 0.0.0
2024-09-18 02:32:35,347 [INFO] ThirdParty:1030 - CMSIS Pack Vendor :emotas I-CUBE-CANOPEN 1.3.0
2024-09-18 02:32:35,347 [INFO] ThirdParty:1030 - CMSIS Pack Vendor :STMicroelectronics X-CUBE-NFC7 1.0.1
2024-09-18 02:32:35,347 [INFO] ThirdParty:1030 - CMSIS Pack Vendor :STMicroelectronics MBEDTLS 2.14.1
2024-09-18 02:32:35,347 [INFO] ThirdParty:1030 - CMSIS Pack Vendor :STMicroelectronics X-CUBE-TOUCHGFX 4.22.1
2024-09-18 02:32:35,347 [INFO] ThirdParty:1030 - CMSIS Pack Vendor :wolfSSL I-CUBE-wolfTPM 3.2.0
2024-09-18 02:32:35,347 [INFO] ThirdParty:1030 - CMSIS Pack Vendor :STMicroelectronics X-CUBE-NFC6 3.0.0
2024-09-18 02:32:35,347 [INFO] ThirdParty:1030 - CMSIS Pack Vendor :STMicroelectronics X-CUBE-EEPRMA1 4.1.0
2024-09-18 02:32:35,347 [INFO] ThirdParty:1030 - CMSIS Pack Vendor :STMicroelectronics X-CUBE-BLEMGR 3.1.0
2024-09-18 02:32:35,347 [INFO] ThirdParty:1030 - CMSIS Pack Vendor :STMicroelectronics FP-SNS-SMARTAG2 1.2.0
2024-09-18 02:32:35,347 [INFO] ThirdParty:1030 - CMSIS Pack Vendor :STMicroelectronics X-CUBE-AZRTOS-WL 2.0.0
2024-09-18 02:32:35,347 [INFO] ThirdParty:1030 - CMSIS Pack Vendor :STMicroelectronics FP-SNS-MOTENV1 5.0.0
2024-09-18 02:32:35,347 [INFO] ThirdParty:1030 - CMSIS Pack Vendor :STMicroelectronics USB_DEVICE 1.0.0
2024-09-18 02:32:35,348 [INFO] ThirdParty:1030 - CMSIS Pack Vendor :STMicroelectronics X-CUBE-AI 8.1.0
2024-09-18 02:32:35,348 [INFO] ThirdParty:1030 - CMSIS Pack Vendor :wolfSSL I-CUBE-wolfMQTT 1.19.0
2024-09-18 02:32:35,348 [INFO] ThirdParty:1030 - CMSIS Pack Vendor :STMicroelectronics X-CUBE-AZRTOS-L4 2.0.0
2024-09-18 02:32:35,348 [INFO] ThirdParty:1030 - CMSIS Pack Vendor :STMicroelectronics ThreadX 0.0.2
2024-09-18 02:32:35,348 [INFO] ThirdParty:1030 - CMSIS Pack Vendor :WES I-CUBE-Cesium 1.3.0
2024-09-18 02:32:35,348 [INFO] ThirdParty:1030 - CMSIS Pack Vendor :STMicroelectronics lwIP 2.1.2
2024-09-18 02:32:35,348 [INFO] ThirdParty:1030 - CMSIS Pack Vendor :STMicroelectronics X-CUBE-SFXS2LP1 4.0.0
2024-09-18 02:32:35,348 [INFO] ThirdParty:1030 - CMSIS Pack Vendor :STMicroelectronics X-CUBE-BLE2 3.3.0
2024-09-18 02:32:35,348 [INFO] ThirdParty:1030 - CMSIS Pack Vendor :STMicroelectronics PDM2PCM 3.2.0
2024-09-18 02:32:35,348 [INFO] ThirdParty:1030 - CMSIS Pack Vendor :STMicroelectronics X-CUBE-ISPU 1.1.0
2024-09-18 02:32:35,348 [INFO] ThirdParty:1030 - CMSIS Pack Vendor :STMicroelectronics X-CUBE-AZRTOS-H7 3.3.0
2024-09-18 02:32:35,348 [INFO] ThirdParty:1030 - CMSIS Pack Vendor :STMicroelectronics USB_DEVICE 3.0.0
2024-09-18 02:32:35,348 [INFO] ThirdParty:1030 - CMSIS Pack Vendor :STMicroelectronics X-CUBE-TCPP 4.1.0
2024-09-18 02:32:35,348 [INFO] ThirdParty:1030 - CMSIS Pack Vendor :STMicroelectronics X-CUBE-AZRTOS-WB 2.0.0
2024-09-18 02:32:35,348 [INFO] ThirdParty:1030 - CMSIS Pack Vendor :STMicroelectronics X-CUBE-GNSS1 7.0.0
2024-09-18 02:32:35,348 [INFO] ThirdParty:1030 - CMSIS Pack Vendor :STMicroelectronics FP-SNS-STBOX1 2.0.0
2024-09-18 02:32:35,348 [INFO] ThirdParty:1030 - CMSIS Pack Vendor :STMicroelectronics X-CUBE-ALGOBUILD 1.3.0
2024-09-18 02:32:35,348 [INFO] ThirdParty:1030 - CMSIS Pack Vendor :STMicroelectronics X-CUBE-AZRTOS-G0 1.1.0
2024-09-18 02:32:35,348 [INFO] ThirdParty:1030 - CMSIS Pack Vendor :STMicroelectronics X-CUBE-SAFEA1 1.2.2
2024-09-18 02:32:35,348 [INFO] ThirdParty:1030 - CMSIS Pack Vendor :STMicroelectronics X-CUBE-NFC4 3.0.0
2024-09-18 02:32:35,348 [INFO] ThirdParty:1030 - CMSIS Pack Vendor :STMicroelectronics X-CUBE-SUBG2 5.0.0
2024-09-18 02:32:35,348 [INFO] ThirdParty:1030 - CMSIS Pack Vendor :STMicroelectronics STM32_WPAN 1.0.0
2024-09-18 02:32:35,348 [INFO] ThirdParty:1030 - CMSIS Pack Vendor :EmbeddedOffice I-CUBE-FS-RTOS 1.0.1
2024-09-18 02:32:35,348 [INFO] ThirdParty:1030 - CMSIS Pack Vendor :STMicroelectronics lwIP 2.0.3
2024-09-18 02:32:35,349 [INFO] ThirdParty:1030 - CMSIS Pack Vendor :Cesanta I-CUBE-Mongoose 7.13.0
2024-09-18 02:32:35,349 [INFO] ThirdParty:1030 - CMSIS Pack Vendor :STMicroelectronics USB_HOST 1.0.0
2024-09-18 02:32:35,349 [INFO] ThirdParty:1030 - CMSIS Pack Vendor :STMicroelectronics X-CUBE-TOF1 3.3.1
2024-09-18 02:32:35,349 [INFO] ThirdParty:1030 - CMSIS Pack Vendor :STMicroelectronics X-CUBE-AZRTOS-G4 2.0.0
2024-09-18 02:32:35,349 [INFO] ThirdParty:1030 - CMSIS Pack Vendor :STMicroelectronics PDM2PCM 3.1.0
2024-09-18 02:32:35,349 [INFO] ThirdParty:1030 - CMSIS Pack Vendor :Infineon AIROC-Wi-Fi-Bluetooth-STM32 1.5.1
2024-09-18 02:32:35,349 [INFO] ThirdParty:1030 - CMSIS Pack Vendor :STMicroelectronics X-CUBE-BLEMGR 3.0.0
2024-09-18 02:32:35,349 [INFO] ThirdParty:1030 - CMSIS Pack Vendor :STMicroelectronics FP-SNS-MOTENVWB1 1.3.0
2024-09-18 02:32:35,349 [INFO] ThirdParty:1030 - CMSIS Pack Vendor :RealThread X-CUBE-RT-Thread_Nano 4.1.1
2024-09-18 02:32:35,349 [INFO] ThirdParty:1030 - CMSIS Pack Vendor :STMicroelectronics FP-SNS-MOTENVWB1 1.3.1
2024-09-18 02:32:35,349 [INFO] ThirdParty:1030 - CMSIS Pack Vendor :STMicroelectronics FP-ATR-SIGFOX1 3.2.0
2024-09-18 02:32:35,349 [INFO] ThirdParty:1030 - CMSIS Pack Vendor :STMicroelectronics X-CUBE-ISPU 2.0.0
2024-09-18 02:32:35,349 [INFO] ThirdParty:1030 - CMSIS Pack Vendor :STMicroelectronics X-CUBE-EEPRMA1 5.1.0
2024-09-18 02:32:35,349 [INFO] ThirdParty:1030 - CMSIS Pack Vendor :STMicroelectronics MBEDTLS 2.16.2
2024-09-18 02:32:35,349 [INFO] ThirdParty:1030 - CMSIS Pack Vendor :STMicroelectronics X-CUBE-ALS 1.0.2
2024-09-18 02:32:35,349 [INFO] ThirdParty:1030 - CMSIS Pack Vendor :STMicroelectronics X-CUBE-MEMS1 10.0.0
2024-09-18 02:32:35,349 [INFO] ThirdParty:1030 - CMSIS Pack Vendor :STMicroelectronics X-CUBE-FREERTOS 1.1.0
2024-09-18 02:32:35,349 [INFO] ThirdParty:1030 - CMSIS Pack Vendor :STMicroelectronics X-CUBE-TOUCHGFX 4.24.0
2024-09-18 02:32:35,349 [INFO] ThirdParty:1030 - CMSIS Pack Vendor :portGmbH I-Cube-SoM-uGOAL 1.1.0
2024-09-18 02:32:35,349 [INFO] ThirdParty:1030 - CMSIS Pack Vendor :STMicroelectronics X-CUBE-ALS 1.0.1
2024-09-18 02:32:35,349 [INFO] ThirdParty:1030 - CMSIS Pack Vendor :STMicroelectronics ThreadX 1.0.0
2024-09-18 02:32:35,349 [INFO] ThirdParty:1030 - CMSIS Pack Vendor :SEGGER I-CUBE-embOS 1.3.1
2024-09-18 02:32:35,349 [INFO] ThirdParty:1030 - CMSIS Pack Vendor :STMicroelectronics X-CUBE-ALGOBUILD 1.4.0
2024-09-18 02:32:35,349 [INFO] ThirdParty:1030 - CMSIS Pack Vendor :STMicroelectronics X-CUBE-AZRTOS-H7RS 1.0.0
2024-09-18 02:32:35,349 [INFO] ThirdParty:1030 - CMSIS Pack Vendor :STMicroelectronics FP-ATR-ASTRA1 2.0.0
2024-09-18 02:32:35,349 [INFO] ThirdParty:1030 - CMSIS Pack Vendor :STMicroelectronics X-CUBE-TOF1 3.4.2
2024-09-18 02:32:35,349 [INFO] ThirdParty:1030 - CMSIS Pack Vendor :STMicroelectronics X-CUBE-TOF1 3.4.0
2024-09-18 02:32:35,349 [INFO] ThirdParty:1030 - CMSIS Pack Vendor :STMicroelectronics X-CUBE-TOF1 3.4.1
2024-09-18 02:32:35,349 [INFO] ThirdParty:1030 - CMSIS Pack Vendor :STMicroelectronics X-CUBE-AZRTOS-H7 3.2.0
2024-09-18 02:32:35,349 [INFO] ThirdParty:1030 - CMSIS Pack Vendor :wolfSSL I-CUBE-wolfSSH 1.4.17
2024-09-18 02:32:35,349 [INFO] ThirdParty:841 - exiting critical section [change project]
2024-09-18 02:32:37,859 [INFO] PinOutPanel:1561 - setPackage(No Configuration,No Configuration)
2024-09-18 02:32:37,864 [INFO] PinOutPanel:1561 - setPackage(STM32H755ZITx,LQFP144)
2024-09-18 02:32:41,559 [INFO] UtilMem:75 - Before build in PCC Used Memory: 685570448 Bytes (1073741824)
2024-09-18 02:32:44,816 [INFO] UtilMem:75 - After build in PCC Used Memory: 843905424 Bytes (1073741824)
2024-09-18 02:32:44,966 [INFO] IPUIPlugin:80 - create IPUIPlugin
2024-09-18 02:32:44,966 [INFO] IPUIPlugin:80 - create IPUIPlugin
2024-09-18 02:32:44,967 [INFO] IPUIPlugin:80 - create IPUIPlugin
2024-09-18 02:32:44,967 [INFO] IPUIPlugin:80 - create IPUIPlugin
2024-09-18 02:32:44,968 [INFO] IPUIPlugin:80 - create IPUIPlugin
2024-09-18 02:32:44,968 [INFO] IPUIPlugin:80 - create IPUIPlugin
2024-09-18 02:32:44,969 [INFO] IPUIPlugin:80 - create IPUIPlugin
2024-09-18 02:32:44,975 [INFO] IPUIPlugin:80 - create IPUIPlugin
2024-09-18 02:32:44,976 [INFO] IPUIPlugin:80 - create IPUIPlugin
2024-09-18 02:32:44,977 [INFO] IPUIPlugin:80 - create IPUIPlugin
2024-09-18 02:32:44,978 [INFO] IPUIPlugin:80 - create IPUIPlugin
2024-09-18 02:32:44,979 [INFO] IPUIPlugin:80 - create IPUIPlugin
2024-09-18 02:32:44,981 [INFO] IPUIPlugin:80 - create IPUIPlugin
2024-09-18 02:32:44,981 [INFO] IPUIPlugin:80 - create IPUIPlugin
2024-09-18 02:32:44,981 [INFO] IPUIPlugin:80 - create IPUIPlugin
2024-09-18 02:32:44,982 [INFO] IPUIPlugin:80 - create IPUIPlugin
2024-09-18 02:32:44,983 [INFO] IPUIPlugin:80 - create IPUIPlugin
2024-09-18 02:32:44,983 [INFO] IPUIPlugin:80 - create IPUIPlugin
2024-09-18 02:32:44,983 [INFO] IPUIPlugin:80 - create IPUIPlugin
2024-09-18 02:32:44,984 [INFO] IPUIPlugin:80 - create IPUIPlugin
2024-09-18 02:32:44,985 [INFO] IPUIPlugin:80 - create IPUIPlugin
2024-09-18 02:32:44,985 [INFO] IPUIPlugin:80 - create IPUIPlugin
2024-09-18 02:32:44,989 [INFO] IPUIPlugin:80 - create IPUIPlugin
2024-09-18 02:32:44,991 [INFO] IPUIPlugin:80 - create IPUIPlugin
2024-09-18 02:32:44,993 [INFO] IPUIPlugin:80 - create IPUIPlugin
2024-09-18 02:32:44,994 [INFO] IPUIPlugin:80 - create IPUIPlugin
2024-09-18 02:32:44,995 [INFO] IPUIPlugin:80 - create IPUIPlugin
2024-09-18 02:32:44,996 [INFO] IPUIPlugin:80 - create IPUIPlugin
2024-09-18 02:32:44,998 [INFO] IPUIPlugin:80 - create IPUIPlugin
2024-09-18 02:32:44,999 [INFO] IPUIPlugin:80 - create IPUIPlugin
2024-09-18 02:32:44,999 [INFO] IPUIPlugin:80 - create IPUIPlugin
2024-09-18 02:32:44,999 [INFO] IPUIPlugin:80 - create IPUIPlugin
2024-09-18 02:32:45,000 [INFO] IPUIPlugin:80 - create IPUIPlugin
2024-09-18 02:32:45,000 [INFO] IPUIPlugin:80 - create IPUIPlugin
2024-09-18 02:32:45,000 [INFO] IPUIPlugin:80 - create IPUIPlugin
2024-09-18 02:32:45,001 [INFO] IPUIPlugin:80 - create IPUIPlugin
2024-09-18 02:32:45,002 [INFO] IPUIPlugin:80 - create IPUIPlugin
2024-09-18 02:32:45,004 [INFO] IPUIPlugin:80 - create IPUIPlugin
2024-09-18 02:32:45,007 [INFO] IPUIPlugin:80 - create IPUIPlugin
2024-09-18 02:32:45,009 [INFO] IPUIPlugin:80 - create IPUIPlugin
2024-09-18 02:32:45,012 [INFO] IPUIPlugin:80 - create IPUIPlugin
2024-09-18 02:32:45,014 [INFO] IPUIPlugin:80 - create IPUIPlugin
2024-09-18 02:32:45,015 [INFO] IPUIPlugin:80 - create IPUIPlugin
2024-09-18 02:32:45,017 [INFO] IPUIPlugin:80 - create IPUIPlugin
2024-09-18 02:32:45,018 [INFO] IPUIPlugin:80 - create IPUIPlugin
2024-09-18 02:32:45,023 [INFO] IPUIPlugin:80 - create IPUIPlugin
2024-09-18 02:32:45,024 [INFO] IPUIPlugin:80 - create IPUIPlugin
2024-09-18 02:32:45,027 [INFO] IPUIPlugin:80 - create IPUIPlugin
2024-09-18 02:32:45,029 [INFO] IPUIPlugin:80 - create IPUIPlugin
2024-09-18 02:32:45,030 [INFO] IPUIPlugin:80 - create IPUIPlugin
2024-09-18 02:32:45,032 [INFO] IPUIPlugin:80 - create IPUIPlugin
2024-09-18 02:32:45,034 [INFO] IPUIPlugin:80 - create IPUIPlugin
2024-09-18 02:32:45,035 [INFO] IPUIPlugin:80 - create IPUIPlugin
2024-09-18 02:32:45,038 [INFO] IPUIPlugin:80 - create IPUIPlugin
2024-09-18 02:32:45,040 [INFO] IPUIPlugin:80 - create IPUIPlugin
2024-09-18 02:32:45,046 [INFO] IPUIPlugin:80 - create IPUIPlugin
2024-09-18 02:32:45,047 [INFO] IPUIPlugin:80 - create IPUIPlugin
2024-09-18 02:32:45,049 [INFO] IPUIPlugin:80 - create IPUIPlugin
2024-09-18 02:32:45,050 [INFO] IPUIPlugin:80 - create IPUIPlugin
2024-09-18 02:32:45,052 [INFO] IPUIPlugin:80 - create IPUIPlugin
2024-09-18 02:32:45,056 [INFO] IPUIPlugin:80 - create IPUIPlugin
2024-09-18 02:32:45,059 [INFO] IPUIPlugin:80 - create IPUIPlugin
2024-09-18 02:32:45,062 [INFO] IPUIPlugin:80 - create IPUIPlugin
2024-09-18 02:32:45,065 [INFO] IPUIPlugin:80 - create IPUIPlugin
2024-09-18 02:32:45,068 [INFO] IPUIPlugin:80 - create IPUIPlugin
2024-09-18 02:32:45,074 [INFO] IPUIPlugin:80 - create IPUIPlugin
2024-09-18 02:32:45,079 [INFO] IPUIPlugin:80 - create IPUIPlugin
2024-09-18 02:32:45,081 [INFO] IPUIPlugin:80 - create IPUIPlugin
2024-09-18 02:32:45,082 [INFO] IPUIPlugin:80 - create IPUIPlugin
2024-09-18 02:32:45,083 [INFO] IPUIPlugin:80 - create IPUIPlugin
2024-09-18 02:32:45,085 [INFO] IPUIPlugin:80 - create IPUIPlugin
2024-09-18 02:32:45,093 [INFO] IPUIPlugin:80 - create IPUIPlugin
2024-09-18 02:32:45,097 [INFO] IPUIPlugin:80 - create IPUIPlugin
2024-09-18 02:32:45,098 [INFO] IPUIPlugin:80 - create IPUIPlugin
2024-09-18 02:32:45,101 [INFO] IPUIPlugin:80 - create IPUIPlugin
2024-09-18 02:32:45,106 [INFO] IPUIPlugin:80 - create IPUIPlugin
2024-09-18 02:32:45,109 [INFO] IPUIPlugin:80 - create IPUIPlugin
2024-09-18 02:32:45,111 [INFO] IPUIPlugin:80 - create IPUIPlugin
2024-09-18 02:32:45,112 [INFO] IPUIPlugin:80 - create IPUIPlugin
2024-09-18 02:32:45,116 [INFO] IPUIPlugin:80 - create IPUIPlugin
2024-09-18 02:32:45,118 [INFO] IPUIPlugin:80 - create IPUIPlugin
2024-09-18 02:32:45,126 [INFO] IPUIPlugin:80 - create IPUIPlugin
2024-09-18 02:32:45,129 [INFO] IPUIPlugin:80 - create IPUIPlugin
2024-09-18 02:32:45,131 [INFO] IPUIPlugin:80 - create IPUIPlugin
2024-09-18 02:32:45,133 [INFO] IPUIPlugin:80 - create IPUIPlugin
2024-09-18 02:32:45,134 [INFO] IPUIPlugin:80 - create IPUIPlugin
2024-09-18 02:32:45,136 [INFO] IPUIPlugin:80 - create IPUIPlugin
2024-09-18 02:32:45,141 [INFO] IPUIPlugin:80 - create IPUIPlugin
2024-09-18 02:32:45,144 [INFO] IPUIPlugin:80 - create IPUIPlugin
2024-09-18 02:32:45,146 [INFO] IPUIPlugin:80 - create IPUIPlugin
2024-09-18 02:32:45,147 [INFO] IPUIPlugin:80 - create IPUIPlugin
2024-09-18 02:32:45,149 [INFO] IPUIPlugin:80 - create IPUIPlugin
2024-09-18 02:32:45,152 [INFO] IPUIPlugin:80 - create IPUIPlugin
2024-09-18 02:32:45,159 [INFO] IPUIPlugin:80 - create IPUIPlugin
2024-09-18 02:32:45,162 [INFO] IPUIPlugin:80 - create IPUIPlugin
2024-09-18 02:32:45,164 [INFO] IPUIPlugin:80 - create IPUIPlugin
2024-09-18 02:32:45,165 [INFO] IPUIPlugin:80 - create IPUIPlugin
2024-09-18 02:32:45,167 [INFO] IPUIPlugin:80 - create IPUIPlugin
2024-09-18 02:32:45,170 [INFO] IPUIPlugin:80 - create IPUIPlugin
2024-09-18 02:32:45,175 [INFO] IPUIPlugin:80 - create IPUIPlugin
2024-09-18 02:32:45,178 [INFO] IPUIPlugin:80 - create IPUIPlugin
2024-09-18 02:32:45,182 [INFO] IPUIPlugin:80 - create IPUIPlugin
2024-09-18 02:32:45,184 [INFO] IPUIPlugin:80 - create IPUIPlugin
2024-09-18 02:32:45,191 [INFO] IPUIPlugin:80 - create IPUIPlugin
2024-09-18 02:32:45,194 [INFO] IPUIPlugin:80 - create IPUIPlugin
2024-09-18 02:32:45,198 [INFO] IPUIPlugin:80 - create IPUIPlugin
2024-09-18 02:32:45,202 [INFO] IPUIPlugin:80 - create IPUIPlugin
2024-09-18 02:32:45,211 [INFO] IPUIPlugin:80 - create IPUIPlugin
2024-09-18 02:32:45,214 [INFO] IPUIPlugin:80 - create IPUIPlugin
2024-09-18 02:32:45,218 [INFO] IPUIPlugin:80 - create IPUIPlugin
2024-09-18 02:32:45,226 [INFO] IPUIPlugin:80 - create IPUIPlugin
2024-09-18 02:32:45,230 [INFO] IPUIPlugin:80 - create IPUIPlugin
2024-09-18 02:32:45,233 [INFO] IPUIPlugin:80 - create IPUIPlugin
2024-09-18 02:32:45,349 [INFO] ApiDbMcu:508 - Load IP Config File for PDM2PCM
2024-09-18 02:32:45,382 [INFO] ApiDbMcu:508 - Load IP Config File for PDM2PCM
2024-09-18 02:32:45,977 [INFO] CADModel:165 - CPN selected for project levelSTM32H755ZIT6
2024-09-18 02:32:45,977 [INFO] CADModel:114 - Register for checkConnection events
2024-09-18 02:32:46,028 [INFO] OpenFileManager:363 - Restore cursor
2024-09-18 02:32:49,053 [INFO] UtilMem:75 - End SaveConfig() Used Memory: 668308456 Bytes (1073741824)
2024-09-18 02:32:49,334 [INFO] UtilMem:75 - End SaveConfig() Used Memory: 692952040 Bytes (1073741824)
2024-09-18 02:32:51,542 [INFO] BlockDiagram:2766 - set Specific Code input for plugin: RCC
2024-09-18 02:32:51,543 [INFO] BlockDiagram:2766 - set Specific Code input for plugin: SYS
2024-09-18 02:32:51,543 [INFO] BlockDiagram:2766 - set Specific Code input for plugin: NVIC2
2024-09-18 02:32:51,548 [INFO] BlockDiagram:2766 - set Specific Code input for plugin: SYS_M4
2024-09-18 02:32:51,548 [INFO] BlockDiagram:2766 - set Specific Code input for plugin: NUCLEO-H755ZI-Q
2024-09-18 02:32:51,548 [INFO] BlockDiagram:2766 - set Specific Code input for plugin: NVIC1
2024-09-18 02:32:51,551 [INFO] CodeGenerator:807 - code generatio: config db path: C:\ST\STM32CubeIDE_1.11.0\STM32CubeIDE\plugins\com.st.stm32cube.common.mx_6.12.0.202406281431\\db\
2024-09-18 02:32:51,959 [INFO] CodeGenerator:1531 - *******************Project context M7 selected
2024-09-18 02:32:52,553 [INFO] CodeEngine:255 - oldGeneratedFile, D:\ST_WorkSpace\Project\Application\MXTmpFiles\license.tmp_save
2024-09-18 02:32:53,458 [INFO] CodeEngine:279 - Generated code: D:\ST_WorkSpace\Project\Application\MXTmpFiles\license.tmp
2024-09-18 02:32:53,728 [WARN] IPConfigManager:98 - WARNING: Missing Config File for NVIC1 ip!!
2024-09-18 02:32:53,807 [INFO] CodeEngine:255 - oldGeneratedFile, D:\ST_WorkSpace\Project\Application\CM7\MXTmpFiles\cortex.tmp_save
2024-09-18 02:32:54,249 [INFO] CodeEngine:279 - Generated code: D:\ST_WorkSpace\Project\Application\CM7\MXTmpFiles\cortex.tmp
2024-09-18 02:32:54,287 [INFO] CodeEngine:255 - oldGeneratedFile, D:\ST_WorkSpace\Project\Application\CM7\Core\Inc\stm32h7xx_nucleo_conf.h_save
2024-09-18 02:32:54,513 [INFO] CodeEngine:279 - Generated code: D:\ST_WorkSpace\Project\Application\CM7\Core\Inc\stm32h7xx_nucleo_conf.h
2024-09-18 02:32:54,525 [INFO] CodeEngine:255 - oldGeneratedFile, D:\ST_WorkSpace\Project\Application\CM7\MXTmpFiles\bsp_inc.tmp_save
2024-09-18 02:32:54,857 [INFO] CodeEngine:279 - Generated code: D:\ST_WorkSpace\Project\Application\CM7\MXTmpFiles\bsp_inc.tmp
2024-09-18 02:32:54,865 [INFO] CodeEngine:255 - oldGeneratedFile, D:\ST_WorkSpace\Project\Application\CM7\MXTmpFiles\bsp_common_vars.tmp_save
2024-09-18 02:32:55,140 [INFO] CodeEngine:279 - Generated code: D:\ST_WorkSpace\Project\Application\CM7\MXTmpFiles\bsp_common_vars.tmp
2024-09-18 02:32:55,148 [INFO] CodeEngine:255 - oldGeneratedFile, D:\ST_WorkSpace\Project\Application\CM7\MXTmpFiles\bsp_common_init.tmp_save
2024-09-18 02:32:55,361 [INFO] CodeEngine:279 - Generated code: D:\ST_WorkSpace\Project\Application\CM7\MXTmpFiles\bsp_common_init.tmp
2024-09-18 02:32:55,373 [INFO] CodeEngine:255 - oldGeneratedFile, D:\ST_WorkSpace\Project\Application\CM7\MXTmpFiles\bsp_common_demo_before_while.tmp_save
2024-09-18 02:32:55,637 [INFO] CodeEngine:279 - Generated code: D:\ST_WorkSpace\Project\Application\CM7\MXTmpFiles\bsp_common_demo_before_while.tmp
2024-09-18 02:32:55,648 [INFO] CodeEngine:255 - oldGeneratedFile, D:\ST_WorkSpace\Project\Application\CM7\MXTmpFiles\bsp_common_demo_inside_while.tmp_save
2024-09-18 02:32:55,889 [INFO] CodeEngine:279 - Generated code: D:\ST_WorkSpace\Project\Application\CM7\MXTmpFiles\bsp_common_demo_inside_while.tmp
2024-09-18 02:32:55,895 [INFO] CodeEngine:255 - oldGeneratedFile, D:\ST_WorkSpace\Project\Application\CM7\MXTmpFiles\bsp_common_demo_fct.tmp_save
2024-09-18 02:32:56,099 [INFO] CodeEngine:279 - Generated code: D:\ST_WorkSpace\Project\Application\CM7\MXTmpFiles\bsp_common_demo_fct.tmp
2024-09-18 02:32:56,157 [INFO] CodeEngine:255 - oldGeneratedFile, D:\ST_WorkSpace\Project\Application\CM7\Core\Src\stm32h7xx_it.c_save
2024-09-18 02:32:56,531 [INFO] CodeEngine:279 - Generated code: D:\ST_WorkSpace\Project\Application\CM7\Core\Src\stm32h7xx_it.c
2024-09-18 02:32:56,547 [INFO] CodeEngine:255 - oldGeneratedFile, D:\ST_WorkSpace\Project\Application\CM7\Core\Inc\stm32h7xx_it.h_save
2024-09-18 02:32:56,761 [INFO] CodeEngine:279 - Generated code: D:\ST_WorkSpace\Project\Application\CM7\Core\Inc\stm32h7xx_it.h
2024-09-18 02:32:56,896 [INFO] CodeEngine:255 - oldGeneratedFile, D:\ST_WorkSpace\Project\Application\CM7\Core\Src\stm32h7xx_hal_msp.c_save
2024-09-18 02:32:57,262 [INFO] CodeEngine:279 - Generated code: D:\ST_WorkSpace\Project\Application\CM7\Core\Src\stm32h7xx_hal_msp.c
2024-09-18 02:32:57,273 [INFO] CodeEngine:255 - oldGeneratedFile, D:\ST_WorkSpace\Project\Application\CM7\MXTmpFiles\system.tmp_save
2024-09-18 02:32:57,593 [INFO] CodeEngine:279 - Generated code: D:\ST_WorkSpace\Project\Application\CM7\MXTmpFiles\system.tmp
2024-09-18 02:32:57,621 [INFO] CodeEngine:311 - oldGeneratedFile, D:\ST_WorkSpace\Project\Application\CM7\Core\Inc\stm32h7xx_hal_conf.h_save
2024-09-18 02:32:57,836 [INFO] CodeEngine:335 - Generated code: D:\ST_WorkSpace\Project\Application\CM7\Core\Inc\stm32h7xx_hal_conf.h
2024-09-18 02:32:57,982 [WARN] IPConfigManager:3554 - IP not found : NVIC
2024-09-18 02:32:57,986 [WARN] CodeGenerator:4002 - IP not found : null
2024-09-18 02:32:58,001 [INFO] CodeEngine:255 - oldGeneratedFile, D:\ST_WorkSpace\Project\Application\CM7\Core\Inc\main.h_save
2024-09-18 02:32:58,344 [INFO] CodeEngine:279 - Generated code: D:\ST_WorkSpace\Project\Application\CM7\Core\Inc\main.h
2024-09-18 02:32:58,357 [INFO] CodeEngine:255 - oldGeneratedFile, D:\ST_WorkSpace\Project\Application\CM7\Core\Src\main.c_save
2024-09-18 02:32:58,793 [INFO] CodeEngine:279 - Generated code: D:\ST_WorkSpace\Project\Application\CM7\Core\Src\main.c
2024-09-18 02:32:59,088 [INFO] CodeGenerator:1531 - *******************Project context M4 selected
2024-09-18 02:32:59,408 [INFO] CodeEngine:255 - oldGeneratedFile, D:\ST_WorkSpace\Project\Application\MXTmpFiles\license.tmp_save
2024-09-18 02:32:59,655 [INFO] CodeEngine:279 - Generated code: D:\ST_WorkSpace\Project\Application\MXTmpFiles\license.tmp
2024-09-18 02:32:59,704 [WARN] IPConfigManager:98 - WARNING: Missing Config File for NVIC2 ip!!
2024-09-18 02:32:59,767 [INFO] CodeEngine:255 - oldGeneratedFile, D:\ST_WorkSpace\Project\Application\CM4\MXTmpFiles\cortex.tmp_save
2024-09-18 02:33:00,059 [INFO] CodeEngine:279 - Generated code: D:\ST_WorkSpace\Project\Application\CM4\MXTmpFiles\cortex.tmp
2024-09-18 02:33:00,097 [INFO] CodeEngine:255 - oldGeneratedFile, D:\ST_WorkSpace\Project\Application\CM4\Core\Inc\stm32h7xx_nucleo_conf.h_save
2024-09-18 02:33:00,396 [INFO] CodeEngine:279 - Generated code: D:\ST_WorkSpace\Project\Application\CM4\Core\Inc\stm32h7xx_nucleo_conf.h
2024-09-18 02:33:00,404 [INFO] CodeEngine:255 - oldGeneratedFile, D:\ST_WorkSpace\Project\Application\CM4\MXTmpFiles\bsp_inc.tmp_save
2024-09-18 02:33:00,568 [INFO] CodeEngine:279 - Generated code: D:\ST_WorkSpace\Project\Application\CM4\MXTmpFiles\bsp_inc.tmp
2024-09-18 02:33:00,610 [INFO] CodeEngine:255 - oldGeneratedFile, D:\ST_WorkSpace\Project\Application\CM4\Core\Src\stm32h7xx_it.c_save
2024-09-18 02:33:00,751 [INFO] CodeEngine:279 - Generated code: D:\ST_WorkSpace\Project\Application\CM4\Core\Src\stm32h7xx_it.c
2024-09-18 02:33:00,759 [INFO] CodeEngine:255 - oldGeneratedFile, D:\ST_WorkSpace\Project\Application\CM4\Core\Inc\stm32h7xx_it.h_save
2024-09-18 02:33:00,888 [INFO] CodeEngine:279 - Generated code: D:\ST_WorkSpace\Project\Application\CM4\Core\Inc\stm32h7xx_it.h
2024-09-18 02:33:00,954 [INFO] CodeEngine:255 - oldGeneratedFile, D:\ST_WorkSpace\Project\Application\CM4\Core\Src\stm32h7xx_hal_msp.c_save
2024-09-18 02:33:01,197 [INFO] CodeEngine:279 - Generated code: D:\ST_WorkSpace\Project\Application\CM4\Core\Src\stm32h7xx_hal_msp.c
2024-09-18 02:33:01,212 [INFO] CodeEngine:255 - oldGeneratedFile, D:\ST_WorkSpace\Project\Application\CM4\MXTmpFiles\system.tmp_save
2024-09-18 02:33:01,380 [INFO] CodeEngine:279 - Generated code: D:\ST_WorkSpace\Project\Application\CM4\MXTmpFiles\system.tmp
2024-09-18 02:33:01,397 [INFO] CodeEngine:311 - oldGeneratedFile, D:\ST_WorkSpace\Project\Application\CM4\Core\Inc\stm32h7xx_hal_conf.h_save
2024-09-18 02:33:01,522 [INFO] CodeEngine:335 - Generated code: D:\ST_WorkSpace\Project\Application\CM4\Core\Inc\stm32h7xx_hal_conf.h
2024-09-18 02:33:01,553 [WARN] IPConfigManager:3554 - IP not found : NVIC
2024-09-18 02:33:01,555 [WARN] CodeGenerator:4002 - IP not found : null
2024-09-18 02:33:01,567 [INFO] CodeEngine:255 - oldGeneratedFile, D:\ST_WorkSpace\Project\Application\CM4\Core\Inc\main.h_save
2024-09-18 02:33:01,685 [INFO] CodeEngine:279 - Generated code: D:\ST_WorkSpace\Project\Application\CM4\Core\Inc\main.h
2024-09-18 02:33:01,691 [INFO] CodeEngine:255 - oldGeneratedFile, D:\ST_WorkSpace\Project\Application\CM4\Core\Src\main.c_save
2024-09-18 02:33:01,853 [INFO] CodeEngine:279 - Generated code: D:\ST_WorkSpace\Project\Application\CM4\Core\Src\main.c
2024-09-18 02:33:02,579 [INFO] ProjectBuilder:3249 - Time for Copy HAL[1] : 351mS.
2024-09-18 02:33:02,613 [INFO] ProjectBuilder:4828 - Project Generator version: 4.4.0-B60
2024-09-18 02:33:02,776 [INFO] ConfigFileManager:1531 - The Die is : DIE450
