2024-09-04 13:46:34,338 [INFO] Activator:176 - 


2024-09-04 13:46:34,353 [INFO] Activator:177 - !SESSION log4j initialized
2024-09-04 13:46:45,846 [INFO] LogOutputStream:77 - [STDOUT_REDIRECT] 
2024-09-04 13:46:48,367 [INFO] ApplicationProperties:184 - Using Application install path: C:\ST\STM32CubeIDE_1.11.0\STM32CubeIDE\plugins\com.st.stm32cube.common.mx_6.12.0.202406281431
2024-09-04 13:46:48,412 [INFO] DbMcusXml:78 - Set database path to: C:\ST\STM32CubeIDE_1.11.0\STM32CubeIDE\plugins\com.st.stm32cube.common.mx_6.12.0.202406281431\\db\/mcu/
2024-09-04 13:46:48,413 [INFO] ApiDb:274 - Set plugin database path to: C:\ST\STM32CubeIDE_1.11.0\STM32CubeIDE\plugins\com.st.stm32cube.common.mx_6.12.0.202406281431\\db\/plugins/boardmanager/
2024-09-04 13:46:48,413 [WARN] ApiDb:259 - Overriding images path with different value:  => C:\ST\STM32CubeIDE_1.11.0\STM32CubeIDE\plugins\com.st.stm32cube.common.mx_6.12.0.202406281431\\db\/plugins/mcufinder/images/
2024-09-04 13:46:48,433 [INFO] ApiDb:250 - Set database path to: C:\Users\ayoub\.stmcufinder\plugins\mcufinder//mcu/
2024-09-04 13:46:48,435 [INFO] DbMcusAds:125 - Set database path to: C:\Users\ayoub\.stmcufinder\plugins\mcufinder//mcu/
2024-09-04 13:46:48,440 [INFO] CrossReferenceDbSqlite:203 - Set database path to: C:\Users\ayoub\.stmcufinder\plugins\mcufinder//mcu/cs/
2024-09-04 13:46:48,692 [INFO] RulesReader:64 - Compatibility file has been processed (297 Rules)
2024-09-04 13:46:48,859 [INFO] DbMcusXml:78 - Set database path to: C:\ST\STM32CubeIDE_1.11.0\STM32CubeIDE\plugins\com.st.stm32cube.common.mx_6.12.0.202406281431\\db\/mcu/
2024-09-04 13:46:48,860 [INFO] ApiDb:274 - Set plugin database path to: C:\ST\STM32CubeIDE_1.11.0\STM32CubeIDE\plugins\com.st.stm32cube.common.mx_6.12.0.202406281431\\db\/plugins/boardmanager/
2024-09-04 13:46:48,860 [INFO] ApiDb:261 - Set plugin images path to: C:\ST\STM32CubeIDE_1.11.0\STM32CubeIDE\plugins\com.st.stm32cube.common.mx_6.12.0.202406281431\\db\/plugins/mcufinder/images/
2024-09-04 13:46:48,860 [WARN] DbFile:41 - Overriding database path with different value: C:\Users\ayoub\.stmcufinder\plugins\mcufinder/ => C:\Users\ayoub\.stmcufinder\plugins\mcufinder
2024-09-04 13:46:48,861 [INFO] ApiDb:250 - Set database path to: C:\Users\ayoub\.stmcufinder\plugins\mcufinder//mcu/
2024-09-04 13:46:48,861 [WARN] DbFile:41 - Overriding database path with different value: C:\Users\ayoub\.stmcufinder\plugins\mcufinder/ => C:\Users\ayoub\.stmcufinder\plugins\mcufinder
2024-09-04 13:46:48,861 [INFO] DbMcusAds:125 - Set database path to: C:\Users\ayoub\.stmcufinder\plugins\mcufinder//mcu/
2024-09-04 13:46:48,861 [WARN] DbFile:41 - Overriding database path with different value: C:\Users\ayoub\.stmcufinder\plugins\mcufinder/ => C:\Users\ayoub\.stmcufinder\plugins\mcufinder
2024-09-04 13:46:48,861 [WARN] DbFile:41 - Overriding database path with different value: C:\Users\ayoub\.stmcufinder\plugins\mcufinder/ => C:\Users\ayoub\.stmcufinder\plugins\mcufinder
2024-09-04 13:46:48,861 [INFO] CrossReferenceDbSqlite:203 - Set database path to: C:\Users\ayoub\.stmcufinder\plugins\mcufinder//mcu/cs/
2024-09-04 13:46:49,027 [INFO] MainPanel:268 - HeapMemory: 268435456
2024-09-04 13:46:49,227 [INFO] DbMcusXml:78 - Set database path to: C:\ST\STM32CubeIDE_1.11.0\STM32CubeIDE\plugins\com.st.stm32cube.common.mx_6.12.0.202406281431\\db\/mcu/
2024-09-04 13:46:49,227 [INFO] ApiDb:274 - Set plugin database path to: C:\ST\STM32CubeIDE_1.11.0\STM32CubeIDE\plugins\com.st.stm32cube.common.mx_6.12.0.202406281431\\db\/plugins/boardmanager/
2024-09-04 13:46:49,227 [INFO] ApiDb:261 - Set plugin images path to: C:\ST\STM32CubeIDE_1.11.0\STM32CubeIDE\plugins\com.st.stm32cube.common.mx_6.12.0.202406281431\\db\/plugins/mcufinder/images/
2024-09-04 13:46:49,229 [WARN] DbFile:41 - Overriding database path with different value: C:\Users\ayoub\.stmcufinder\plugins\mcufinder/ => C:\Users\ayoub\.stmcufinder\plugins\mcufinder
2024-09-04 13:46:49,230 [INFO] ApiDb:250 - Set database path to: C:\Users\ayoub\.stmcufinder\plugins\mcufinder//mcu/
2024-09-04 13:46:49,230 [WARN] DbFile:41 - Overriding database path with different value: C:\Users\ayoub\.stmcufinder\plugins\mcufinder/ => C:\Users\ayoub\.stmcufinder\plugins\mcufinder
2024-09-04 13:46:49,230 [INFO] DbMcusAds:125 - Set database path to: C:\Users\ayoub\.stmcufinder\plugins\mcufinder//mcu/
2024-09-04 13:46:49,230 [WARN] DbFile:41 - Overriding database path with different value: C:\Users\ayoub\.stmcufinder\plugins\mcufinder/ => C:\Users\ayoub\.stmcufinder\plugins\mcufinder
2024-09-04 13:46:49,230 [WARN] DbFile:41 - Overriding database path with different value: C:\Users\ayoub\.stmcufinder\plugins\mcufinder/ => C:\Users\ayoub\.stmcufinder\plugins\mcufinder
2024-09-04 13:46:49,231 [INFO] CrossReferenceDbSqlite:203 - Set database path to: C:\Users\ayoub\.stmcufinder\plugins\mcufinder//mcu/cs/
2024-09-04 13:46:49,262 [INFO] ApplicationProperties:184 - Using Application install path: C:\ST\STM32CubeIDE_1.11.0\STM32CubeIDE\plugins\com.st.stm32cube.common.mx_6.12.0.202406281431
2024-09-04 13:46:49,265 [INFO] PluginManage:196 - Search for loadable plugins [exclusion list=, ]
2024-09-04 13:46:49,268 [INFO] PluginManage:310 - Check plugin analytics
2024-09-04 13:46:49,592 [INFO] AnalyticsPlugin:253 - Accepted Software Licenses: STM32CubeMX.6.11.0
2024-09-04 13:46:49,592 [INFO] AnalyticsPlugin:255 - Accepted CMSIS Pack Licenses: STMicroelectronics.X-CUBE-SAFEA1.1.2.2
2024-09-04 13:46:49,593 [INFO] AnalyticsPlugin:257 - Accepted Firmware Licenses: FW.F4.1.27.0,FW.H7.1.11.0
2024-09-04 13:46:49,599 [INFO] PluginManage:359 - Loaded plugin analytics (category:tool,tabindex:-1)
2024-09-04 13:46:49,599 [INFO] PluginManage:310 - Check plugin cadmodel
2024-09-04 13:46:49,611 [INFO] CADModel:105 - Init CAD model plugin
2024-09-04 13:46:49,612 [INFO] PluginManage:359 - Loaded plugin cadmodel (category:power,tabindex:5)
2024-09-04 13:46:49,612 [INFO] PluginManage:310 - Check plugin clock
2024-09-04 13:46:49,633 [INFO] PluginManage:359 - Loaded plugin clock (category:base,tabindex:2)
2024-09-04 13:46:49,633 [INFO] PluginManage:310 - Check plugin ddr
2024-09-04 13:46:49,639 [INFO] PluginManage:359 - Loaded plugin ddr (category:tool,tabindex:6)
2024-09-04 13:46:49,639 [INFO] PluginManage:310 - Check plugin filemanager
2024-09-04 13:46:49,906 [INFO] PluginManage:359 - Loaded plugin filemanager (category:base,tabindex:10)
2024-09-04 13:46:49,906 [INFO] PluginManage:310 - Check plugin ipmanager
2024-09-04 13:46:49,918 [INFO] PluginManage:359 - Loaded plugin ipmanager (category:base,tabindex:5)
2024-09-04 13:46:49,920 [INFO] PluginManage:310 - Check plugin lpbam
2024-09-04 13:46:49,934 [INFO] PluginManage:359 - Loaded plugin lpbam (category:base,tabindex:0)
2024-09-04 13:46:49,935 [INFO] PluginManage:310 - Check plugin memorymap
2024-09-04 13:46:49,958 [INFO] PluginManage:359 - Loaded plugin memorymap (category:base,tabindex:4)
2024-09-04 13:46:49,959 [INFO] PluginManage:310 - Check plugin pinoutandconfiguration
2024-09-04 13:46:49,974 [INFO] PluginManage:359 - Loaded plugin pinoutandconfiguration (category:base,tabindex:1)
2024-09-04 13:46:49,974 [INFO] PluginManage:310 - Check plugin pinoutconfig
2024-09-04 13:46:50,156 [WARN] SupportedApi:132 - Cannot load RTOS API schema: s4s-elt-must-match.1: The content of 'definitions' must match (annotation?, (simpleType | complexType)?, (unique | key | keyref)*)). A problem was found starting at: attribute.
2024-09-04 13:46:50,422 [INFO] PluginManage:359 - Loaded plugin pinoutconfig (category:base,tabindex:0)
2024-09-04 13:46:50,423 [INFO] PluginManage:310 - Check plugin power
2024-09-04 13:46:50,441 [INFO] PluginManage:359 - Loaded plugin power (category:power,tabindex:4)
2024-09-04 13:46:50,442 [INFO] PluginManage:310 - Check plugin projectmanager
2024-09-04 13:46:50,477 [INFO] PluginManage:359 - Loaded plugin projectmanager (category:projectmanager,tabindex:4)
2024-09-04 13:46:50,477 [INFO] PluginManage:310 - Check plugin rif
2024-09-04 13:46:50,487 [INFO] PluginManage:359 - Loaded plugin rif (category:base,tabindex:3)
2024-09-04 13:46:50,488 [INFO] PluginManage:310 - Check plugin thirdparty
2024-09-04 13:46:50,745 [WARN] IntegrityCheckThread:84 - waiting for thirdparty lock release [integrity check]
2024-09-04 13:46:50,745 [INFO] PluginManage:359 - Loaded plugin thirdparty (category:base,tabindex:-1)
2024-09-04 13:46:50,745 [INFO] IntegrityCheckThread:86 - entering critical section [integrity check]
2024-09-04 13:46:50,745 [INFO] PluginManage:310 - Check plugin tools
2024-09-04 13:46:50,746 [INFO] ThirdPartyUpdaterWithRetryManager:70 - Updater plugin not ready yet. [1/15]
2024-09-04 13:46:50,751 [INFO] PluginManage:359 - Loaded plugin tools (category:base,tabindex:7)
2024-09-04 13:46:50,752 [INFO] PluginManage:310 - Check plugin tutovideos
2024-09-04 13:46:51,098 [INFO] PluginManage:359 - Loaded plugin tutovideos (category:base,tabindex:-1)
2024-09-04 13:46:51,098 [INFO] PluginManage:310 - Check plugin updater
2024-09-04 13:46:51,125 [INFO] PluginManage:359 - Loaded plugin updater (category:base,tabindex:12)
2024-09-04 13:46:51,125 [INFO] PluginManage:310 - Check plugin userauth
2024-09-04 13:46:51,134 [INFO] UserAuth:113 - Init User Auth plugin
2024-09-04 13:46:51,134 [INFO] PluginManage:359 - Loaded plugin userauth (category:base,tabindex:14)
2024-09-04 13:46:51,135 [INFO] PluginManage:283 - PluginManage : Loaded plugins [18]
2024-09-04 13:46:51,476 [INFO] PinOutPanel:1561 - setPackage(No Configuration,No Configuration)
2024-09-04 13:46:51,631 [INFO] CADModel:165 - CPN selected for project level
2024-09-04 13:46:51,631 [INFO] CADModel:114 - Register for checkConnection events
2024-09-04 13:46:51,661 [INFO] IPUIPlugin:80 - create IPUIPlugin
2024-09-04 13:46:51,661 [INFO] PluginManager:220 - loadIPPluginJar : add adc
2024-09-04 13:46:51,666 [INFO] IPUIPlugin:80 - create IPUIPlugin
2024-09-04 13:46:51,666 [INFO] PluginManager:220 - loadIPPluginJar : add aes
2024-09-04 13:46:51,672 [INFO] IPUIPlugin:80 - create IPUIPlugin
2024-09-04 13:46:51,672 [INFO] PluginManager:220 - loadIPPluginJar : add can
2024-09-04 13:46:51,675 [INFO] IPUIPlugin:80 - create IPUIPlugin
2024-09-04 13:46:51,676 [INFO] PluginManager:220 - loadIPPluginJar : add comp
2024-09-04 13:46:51,680 [INFO] IPUIPlugin:80 - create IPUIPlugin
2024-09-04 13:46:51,681 [INFO] PluginManager:220 - loadIPPluginJar : add cryp
2024-09-04 13:46:51,686 [INFO] IPUIPlugin:80 - create IPUIPlugin
2024-09-04 13:46:51,686 [INFO] PluginManager:220 - loadIPPluginJar : add ddr_ctrl_phy
2024-09-04 13:46:51,691 [INFO] IPUIPlugin:80 - create IPUIPlugin
2024-09-04 13:46:51,691 [INFO] PluginManager:220 - loadIPPluginJar : add dfsdm
2024-09-04 13:46:51,700 [INFO] IPUIPlugin:80 - create IPUIPlugin
2024-09-04 13:46:51,700 [INFO] PluginManager:220 - loadIPPluginJar : add dma
2024-09-04 13:46:51,706 [INFO] IPUIPlugin:80 - create IPUIPlugin
2024-09-04 13:46:51,706 [INFO] PluginManager:220 - loadIPPluginJar : add dma3
2024-09-04 13:46:51,711 [INFO] IPUIPlugin:80 - create IPUIPlugin
2024-09-04 13:46:51,711 [INFO] PluginManager:220 - loadIPPluginJar : add extmemmanager
2024-09-04 13:46:51,714 [INFO] IPUIPlugin:80 - create IPUIPlugin
2024-09-04 13:46:51,714 [INFO] PluginManager:220 - loadIPPluginJar : add fatfs
2024-09-04 13:46:51,722 [INFO] IPUIPlugin:80 - create IPUIPlugin
2024-09-04 13:46:51,722 [INFO] PluginManager:220 - loadIPPluginJar : add fmc
2024-09-04 13:46:51,733 [INFO] IPUIPlugin:80 - create IPUIPlugin
2024-09-04 13:46:51,734 [INFO] PluginManager:220 - loadIPPluginJar : add freertos
2024-09-04 13:46:51,737 [INFO] IPUIPlugin:80 - create IPUIPlugin
2024-09-04 13:46:51,738 [INFO] PluginManager:220 - loadIPPluginJar : add genericplugin
2024-09-04 13:46:51,742 [INFO] IPUIPlugin:80 - create IPUIPlugin
2024-09-04 13:46:51,742 [INFO] PluginManager:220 - loadIPPluginJar : add gfxmmu
2024-09-04 13:46:51,750 [INFO] IPUIPlugin:80 - create IPUIPlugin
2024-09-04 13:46:51,750 [INFO] PluginManager:220 - loadIPPluginJar : add gic
2024-09-04 13:46:51,757 [INFO] IPUIPlugin:80 - create IPUIPlugin
2024-09-04 13:46:51,757 [INFO] PluginManager:220 - loadIPPluginJar : add gpio
2024-09-04 13:46:51,761 [INFO] IPUIPlugin:80 - create IPUIPlugin
2024-09-04 13:46:51,761 [INFO] PluginManager:220 - loadIPPluginJar : add gtzc
2024-09-04 13:46:51,767 [INFO] IPUIPlugin:80 - create IPUIPlugin
2024-09-04 13:46:51,767 [INFO] PluginManager:220 - loadIPPluginJar : add hash
2024-09-04 13:46:51,771 [INFO] IPUIPlugin:80 - create IPUIPlugin
2024-09-04 13:46:51,772 [INFO] PluginManager:220 - loadIPPluginJar : add i2c
2024-09-04 13:46:51,790 [INFO] IPUIPlugin:80 - create IPUIPlugin
2024-09-04 13:46:51,790 [INFO] PluginManager:220 - loadIPPluginJar : add i2s
2024-09-04 13:46:51,796 [INFO] IPUIPlugin:80 - create IPUIPlugin
2024-09-04 13:46:51,796 [INFO] PluginManager:220 - loadIPPluginJar : add i3c
2024-09-04 13:46:51,801 [INFO] IPUIPlugin:80 - create IPUIPlugin
2024-09-04 13:46:51,802 [INFO] PluginManager:220 - loadIPPluginJar : add ipddr
2024-09-04 13:46:51,813 [INFO] IPUIPlugin:80 - create IPUIPlugin
2024-09-04 13:46:51,813 [INFO] PluginManager:220 - loadIPPluginJar : add linkedlist
2024-09-04 13:46:51,818 [INFO] IPUIPlugin:80 - create IPUIPlugin
2024-09-04 13:46:51,818 [INFO] PluginManager:220 - loadIPPluginJar : add lorawan
2024-09-04 13:46:51,821 [INFO] IPUIPlugin:80 - create IPUIPlugin
2024-09-04 13:46:51,821 [INFO] PluginManager:220 - loadIPPluginJar : add ltdc
2024-09-04 13:46:51,831 [INFO] IPUIPlugin:80 - create IPUIPlugin
2024-09-04 13:46:51,832 [INFO] PluginManager:220 - loadIPPluginJar : add mdma
2024-09-04 13:46:51,838 [INFO] IPUIPlugin:80 - create IPUIPlugin
2024-09-04 13:46:51,838 [INFO] PluginManager:220 - loadIPPluginJar : add nvic
2024-09-04 13:46:51,843 [INFO] IPUIPlugin:80 - create IPUIPlugin
2024-09-04 13:46:51,844 [INFO] PluginManager:220 - loadIPPluginJar : add opamp
2024-09-04 13:46:51,850 [INFO] IPUIPlugin:80 - create IPUIPlugin
2024-09-04 13:46:51,850 [INFO] PluginManager:220 - loadIPPluginJar : add openamp
2024-09-04 13:46:51,857 [INFO] IPUIPlugin:80 - create IPUIPlugin
2024-09-04 13:46:51,857 [INFO] PluginManager:220 - loadIPPluginJar : add pdm2pcm
2024-09-04 13:46:51,877 [INFO] IPUIPlugin:80 - create IPUIPlugin
2024-09-04 13:46:51,882 [INFO] PluginManager:220 - loadIPPluginJar : add plateformsettings
2024-09-04 13:46:51,886 [INFO] IPUIPlugin:80 - create IPUIPlugin
2024-09-04 13:46:51,887 [INFO] PluginManager:220 - loadIPPluginJar : add quadspi
2024-09-04 13:46:51,891 [INFO] IPUIPlugin:80 - create IPUIPlugin
2024-09-04 13:46:51,892 [INFO] PluginManager:220 - loadIPPluginJar : add radio
2024-09-04 13:46:51,900 [INFO] IPUIPlugin:80 - create IPUIPlugin
2024-09-04 13:46:51,900 [INFO] PluginManager:220 - loadIPPluginJar : add resmgrutility
2024-09-04 13:46:51,905 [INFO] IPUIPlugin:80 - create IPUIPlugin
2024-09-04 13:46:51,905 [INFO] PluginManager:220 - loadIPPluginJar : add sai
2024-09-04 13:46:51,909 [INFO] IPUIPlugin:80 - create IPUIPlugin
2024-09-04 13:46:51,910 [INFO] PluginManager:220 - loadIPPluginJar : add spi
2024-09-04 13:46:51,918 [INFO] IPUIPlugin:80 - create IPUIPlugin
2024-09-04 13:46:51,919 [INFO] PluginManager:220 - loadIPPluginJar : add stm32_wpan
2024-09-04 13:46:51,922 [INFO] IPUIPlugin:80 - create IPUIPlugin
2024-09-04 13:46:51,922 [INFO] PluginManager:220 - loadIPPluginJar : add tim
2024-09-04 13:46:51,927 [INFO] IPUIPlugin:80 - create IPUIPlugin
2024-09-04 13:46:51,928 [INFO] PluginManager:220 - loadIPPluginJar : add touchsensing
2024-09-04 13:46:51,933 [INFO] IPUIPlugin:80 - create IPUIPlugin
2024-09-04 13:46:51,933 [INFO] PluginManager:220 - loadIPPluginJar : add tracer_emb
2024-09-04 13:46:51,936 [INFO] IPUIPlugin:80 - create IPUIPlugin
2024-09-04 13:46:51,936 [INFO] PluginManager:220 - loadIPPluginJar : add ts
2024-09-04 13:46:51,939 [INFO] IPUIPlugin:80 - create IPUIPlugin
2024-09-04 13:46:51,939 [INFO] PluginManager:220 - loadIPPluginJar : add tsc
2024-09-04 13:46:51,942 [INFO] IPUIPlugin:80 - create IPUIPlugin
2024-09-04 13:46:51,943 [INFO] PluginManager:220 - loadIPPluginJar : add ucpd
2024-09-04 13:46:51,948 [INFO] IPUIPlugin:80 - create IPUIPlugin
2024-09-04 13:46:51,948 [INFO] PluginManager:220 - loadIPPluginJar : add usart
2024-09-04 13:46:51,953 [INFO] IPUIPlugin:80 - create IPUIPlugin
2024-09-04 13:46:51,953 [INFO] PluginManager:220 - loadIPPluginJar : add usbx
2024-09-04 13:46:52,122 [INFO] CADModel:165 - CPN selected for project level
2024-09-04 13:46:52,123 [INFO] CADModel:114 - Register for checkConnection events
2024-09-04 13:46:52,123 [FATAL] Updater:334 - Updater called before beeing initialized
2024-09-04 13:46:52,123 [ERROR] CADModel:125 - Updater not yet initialized, retry later 
2024-09-04 13:46:52,332 [INFO] CADModel:165 - CPN selected for project level
2024-09-04 13:46:52,332 [INFO] CADModel:114 - Register for checkConnection events
2024-09-04 13:46:52,332 [FATAL] Updater:334 - Updater called before beeing initialized
2024-09-04 13:46:52,332 [ERROR] CADModel:125 - Updater not yet initialized, retry later 
2024-09-04 13:46:52,337 [FATAL] Updater:334 - Updater called before beeing initialized
2024-09-04 13:46:52,503 [FATAL] Updater:334 - Updater called before beeing initialized
2024-09-04 13:46:52,517 [INFO] DbMcusAds:53 - JSON generation date=Thu May 16 10:22:00 WEST 2024 (1715851320667)
2024-09-04 13:46:52,518 [FATAL] Updater:334 - Updater called before beeing initialized
2024-09-04 13:46:52,588 [WARN] DetailPanel:346 - Failed to get advertising image, set to default
2024-09-04 13:46:52,744 [FATAL] Updater:334 - Updater called before beeing initialized
2024-09-04 13:46:52,748 [FATAL] Updater:334 - Updater called before beeing initialized
2024-09-04 13:46:52,748 [FATAL] Updater:334 - Updater called before beeing initialized
2024-09-04 13:46:52,748 [WARN] DetailPanel:346 - Failed to get advertising image, set to default
2024-09-04 13:46:52,749 [FATAL] Updater:334 - Updater called before beeing initialized
2024-09-04 13:46:52,843 [ERROR] Updater:1164 - MainUpdater not yet initialized. External WinMGr cannot be set.
2024-09-04 13:46:52,847 [INFO] Updater:1100 - Updater Version found : 6.12.0
2024-09-04 13:46:52,879 [INFO] ApplicationProperties:184 - Using Application install path: C:\ST\STM32CubeIDE_1.11.0\STM32CubeIDE\plugins\com.st.stm32cube.common.mx_6.12.0.202406281431
2024-09-04 13:46:53,747 [INFO] ThirdPartyUpdaterWithRetryManager:70 - Updater plugin not ready yet. [2/15]
2024-09-04 13:46:53,872 [INFO] MainUpdater:2873 - connection check result : 10
2024-09-04 13:46:53,873 [INFO] MainUpdater:290 - Updater Check For Update Now.
2024-09-04 13:46:53,874 [INFO] MicroXplorer:498 - Change Database Version : DB.6.0.120
2024-09-04 13:46:53,887 [INFO] McuFinderGlobals:63 - Set McuFinder mode to 2 (CubeIDE integrated)
2024-09-04 13:46:53,888 [INFO] UserAuth:417 - Internet connection configuration mode: 1
2024-09-04 13:46:53,925 [INFO] JxBrowserEngine:152 - Initiate JxBrowser Engine with user profile folder
2024-09-04 13:46:54,144 [INFO] CheckServerUpdateThread:120 - End of CheckServer Thread
2024-09-04 13:46:55,423 [INFO] WebApp:167 - Instantiating new browser for Auth
2024-09-04 13:46:56,911 [INFO] WebApp:448 - Apply proxy settings
2024-09-04 13:46:56,911 [INFO] WebApp:533 - Chromium requires no authentication
2024-09-04 13:46:56,931 [INFO] WebApp:476 - Direct internet connection detected
2024-09-04 13:46:57,008 [INFO] WebApp:869 - Register for checkConnection events
2024-09-04 13:46:57,008 [INFO] WebApp:448 - Apply proxy settings
2024-09-04 13:46:57,008 [INFO] WebApp:533 - Chromium requires no authentication
2024-09-04 13:46:57,009 [INFO] WebApp:476 - Direct internet connection detected
2024-09-04 13:46:57,479 [INFO] WebApp:186 - Connection restablished
2024-09-04 13:46:57,486 [WARN] PackLoader:240 - Cannot read IP mode file for STMicroelectronics.FP-SNS-MOTENVWB1.1.4.0
2024-09-04 13:46:57,542 [WARN] PackLoader:240 - Cannot read IP mode file for STMicroelectronics.X-CUBE-SMBUS.2.1.0
2024-09-04 13:46:57,558 [WARN] PackLoader:240 - Cannot read IP mode file for STMicroelectronics.X-CUBE-TOUCHGFX.4.23.0
2024-09-04 13:46:57,567 [WARN] PackLoader:240 - Cannot read IP mode file for STMicroelectronics.X-CUBE-TOUCHGFX.4.23.2
2024-09-04 13:46:57,684 [WARN] PackLoader:240 - Cannot read IP mode file for STMicroelectronics.X-CUBE-AZRTOS-F7.1.1.0
2024-09-04 13:46:57,726 [WARN] PackLoader:240 - Cannot read IP mode file for STMicroelectronics.FP-SNS-MOTENV1.4.3.2
2024-09-04 13:46:58,022 [WARN] PackLoader:240 - Cannot read IP mode file for STMicroelectronics.X-CUBE-MEMS1.11.0.0
2024-09-04 13:46:58,242 [INFO] WebApp:220 - Starting web application
2024-09-04 13:46:58,243 [INFO] WebApp:578 - Web application path used C:\ST\STM32CubeIDE_1.11.0\STM32CubeIDE\plugins\com.st.stm32cube.common.mx_6.12.0.202406281431\db\plugins\mcufinder\reactClient1\index.html
2024-09-04 13:46:58,831 [WARN] PackLoader:240 - Cannot read IP mode file for STMicroelectronics.FP-SNS-FLIGHT1.5.0.2
2024-09-04 13:46:58,863 [WARN] PackLoader:240 - Cannot read IP mode file for STMicroelectronics.X-CUBE-DISPLAY.3.0.0
2024-09-04 13:46:58,901 [WARN] PackLoader:240 - Cannot read IP mode file for STMicroelectronics.X-CUBE-BLE1.7.0.0
2024-09-04 13:46:58,922 [WARN] PackLoader:240 - Cannot read IP mode file for emotas.I-CUBE-CANOPEN.1.3.0
2024-09-04 13:46:58,934 [WARN] PackLoader:240 - Cannot read IP mode file for STMicroelectronics.X-CUBE-TOUCHGFX.4.22.1
2024-09-04 13:46:58,972 [WARN] PackLoader:240 - Cannot read IP mode file for STMicroelectronics.X-CUBE-BLEMGR.3.1.0
2024-09-04 13:46:58,999 [WARN] PackLoader:240 - Cannot read IP mode file for STMicroelectronics.FP-SNS-SMARTAG2.1.2.0
2024-09-04 13:46:59,015 [INFO] UserAuth:417 - Internet connection configuration mode: 1
2024-09-04 13:46:59,037 [INFO] LogOutputStream:77 - [STDOUT_REDIRECT] 1 : Invalid condition id : UX_CORESTACK_Condition cause : null
2024-09-04 13:46:59,039 [INFO] LogOutputStream:77 - [STDOUT_REDIRECT] 1 : Invalid condition id : UX_CORESTACK_Condition cause : null
2024-09-04 13:46:59,048 [INFO] LogOutputStream:77 - [STDOUT_REDIRECT] 1 : Invalid condition id : UX_CORESTACK_Condition cause : null
2024-09-04 13:46:59,054 [INFO] LogOutputStream:77 - [STDOUT_REDIRECT] 1 : Invalid condition id : UX_CORESTACK_Condition cause : null
2024-09-04 13:46:59,060 [INFO] LogOutputStream:77 - [STDOUT_REDIRECT] 1 : Invalid condition id : UX_CORESTACK_Condition cause : null
2024-09-04 13:46:59,072 [WARN] PackLoader:240 - Cannot read IP mode file for STMicroelectronics.X-CUBE-AZRTOS-WL.2.0.0
2024-09-04 13:46:59,092 [WARN] PackLoader:240 - Cannot read IP mode file for STMicroelectronics.FP-SNS-MOTENV1.5.0.0
2024-09-04 13:46:59,112 [WARN] PackLoader:240 - Cannot read IP mode file for wolfSSL.I-CUBE-wolfMQTT.1.19.0
2024-09-04 13:46:59,138 [WARN] PackLoader:240 - Cannot read IP mode file for WES.I-CUBE-Cesium.1.3.0
2024-09-04 13:46:59,156 [WARN] PackLoader:240 - Cannot read IP mode file for STMicroelectronics.X-CUBE-BLE2.3.3.0
2024-09-04 13:46:59,179 [WARN] PackLoader:240 - Cannot read IP mode file for STMicroelectronics.X-CUBE-TCPP.4.1.0
2024-09-04 13:46:59,211 [WARN] PackLoader:240 - Cannot read IP mode file for STMicroelectronics.X-CUBE-ALGOBUILD.1.3.0
2024-09-04 13:46:59,278 [WARN] PackLoader:240 - Cannot read IP mode file for STMicroelectronics.X-CUBE-AZRTOS-G0.1.1.0
2024-09-04 13:46:59,325 [WARN] PackLoader:240 - Cannot read IP mode file for STMicroelectronics.X-CUBE-SAFEA1.1.2.2
2024-09-04 13:46:59,978 [WARN] PackLoader:240 - Cannot read IP mode file for STMicroelectronics.X-CUBE-NFC4.3.0.0
2024-09-04 13:47:00,019 [WARN] PackLoader:240 - Cannot read IP mode file for EmbeddedOffice.I-CUBE-FS-RTOS.1.0.1
2024-09-04 13:47:00,020 [ERROR] ConditionMgr:805 - Attr not supported : Dmpu
2024-09-04 13:47:00,021 [ERROR] ConditionMgr:805 - Attr not supported : Dmpu
2024-09-04 13:47:00,021 [ERROR] ConditionMgr:805 - Attr not supported : Dmpu
2024-09-04 13:47:00,022 [ERROR] ConditionMgr:805 - Attr not supported : Dmpu
2024-09-04 13:47:00,023 [ERROR] ConditionMgr:805 - Attr not supported : Dmpu
2024-09-04 13:47:00,024 [ERROR] ConditionMgr:805 - Attr not supported : Dmpu
2024-09-04 13:47:00,024 [ERROR] ConditionMgr:805 - Attr not supported : Dmpu
2024-09-04 13:47:00,024 [ERROR] ConditionMgr:805 - Attr not supported : Dmpu
2024-09-04 13:47:00,024 [ERROR] ConditionMgr:805 - Attr not supported : Dmpu
2024-09-04 13:47:00,026 [ERROR] ConditionMgr:805 - Attr not supported : Dmpu
2024-09-04 13:47:00,027 [ERROR] ConditionMgr:805 - Attr not supported : Dmpu
2024-09-04 13:47:00,027 [ERROR] ConditionMgr:805 - Attr not supported : Dmpu
2024-09-04 13:47:00,033 [ERROR] ConditionMgr:805 - Attr not supported : Dmpu
2024-09-04 13:47:00,033 [ERROR] ConditionMgr:805 - Attr not supported : Dmpu
2024-09-04 13:47:00,035 [ERROR] ConditionMgr:805 - Attr not supported : Dmpu
2024-09-04 13:47:00,035 [ERROR] ConditionMgr:805 - Attr not supported : Dmpu
2024-09-04 13:47:00,035 [ERROR] ConditionMgr:805 - Attr not supported : Dmpu
2024-09-04 13:47:00,035 [ERROR] ConditionMgr:805 - Attr not supported : Dmpu
2024-09-04 13:47:00,036 [ERROR] ConditionMgr:805 - Attr not supported : Dmpu
2024-09-04 13:47:00,036 [ERROR] ConditionMgr:805 - Attr not supported : Dmpu
2024-09-04 13:47:00,036 [ERROR] ConditionMgr:805 - Attr not supported : Dmpu
2024-09-04 13:47:00,037 [ERROR] ConditionMgr:805 - Attr not supported : Dmpu
2024-09-04 13:47:00,037 [ERROR] ConditionMgr:805 - Attr not supported : Dmpu
2024-09-04 13:47:00,037 [ERROR] ConditionMgr:805 - Attr not supported : Dmpu
2024-09-04 13:47:00,038 [ERROR] ConditionMgr:805 - Attr not supported : Dmpu
2024-09-04 13:47:00,038 [ERROR] ConditionMgr:805 - Attr not supported : Dmpu
2024-09-04 13:47:00,038 [ERROR] ConditionMgr:805 - Attr not supported : Dmpu
2024-09-04 13:47:00,038 [ERROR] ConditionMgr:805 - Attr not supported : Dmpu
2024-09-04 13:47:00,039 [ERROR] ConditionMgr:805 - Attr not supported : Dmpu
2024-09-04 13:47:00,039 [ERROR] ConditionMgr:805 - Attr not supported : Dmpu
2024-09-04 13:47:00,039 [ERROR] ConditionMgr:805 - Attr not supported : Dmpu
2024-09-04 13:47:00,039 [ERROR] ConditionMgr:805 - Attr not supported : Dmpu
2024-09-04 13:47:00,040 [ERROR] ConditionMgr:805 - Attr not supported : Dmpu
2024-09-04 13:47:00,040 [ERROR] ConditionMgr:805 - Attr not supported : Dmpu
2024-09-04 13:47:00,040 [ERROR] ConditionMgr:805 - Attr not supported : Dmpu
2024-09-04 13:47:00,041 [ERROR] ConditionMgr:805 - Attr not supported : Dmpu
2024-09-04 13:47:00,041 [ERROR] ConditionMgr:805 - Attr not supported : Dmpu
2024-09-04 13:47:00,042 [ERROR] ConditionMgr:805 - Attr not supported : Dmpu
2024-09-04 13:47:00,042 [ERROR] ConditionMgr:805 - Attr not supported : Dmpu
2024-09-04 13:47:00,043 [ERROR] ConditionMgr:805 - Attr not supported : Dmpu
2024-09-04 13:47:00,043 [ERROR] ConditionMgr:805 - Attr not supported : Dmpu
2024-09-04 13:47:00,044 [ERROR] ConditionMgr:805 - Attr not supported : Dmpu
2024-09-04 13:47:00,044 [ERROR] ConditionMgr:805 - Attr not supported : Dmpu
2024-09-04 13:47:00,044 [ERROR] ConditionMgr:805 - Attr not supported : Dmpu
2024-09-04 13:47:00,044 [ERROR] ConditionMgr:805 - Attr not supported : Dmpu
2024-09-04 13:47:00,046 [ERROR] ConditionMgr:805 - Attr not supported : Dmpu
2024-09-04 13:47:00,046 [ERROR] ConditionMgr:805 - Attr not supported : Dmpu
2024-09-04 13:47:00,047 [ERROR] ConditionMgr:805 - Attr not supported : Dmpu
2024-09-04 13:47:00,047 [ERROR] ConditionMgr:805 - Attr not supported : Dmpu
2024-09-04 13:47:00,048 [ERROR] ConditionMgr:805 - Attr not supported : Dmpu
2024-09-04 13:47:00,048 [ERROR] ConditionMgr:805 - Attr not supported : Dmpu
2024-09-04 13:47:00,048 [ERROR] ConditionMgr:805 - Attr not supported : Dmpu
2024-09-04 13:47:00,049 [ERROR] ConditionMgr:805 - Attr not supported : Dmpu
2024-09-04 13:47:00,049 [ERROR] ConditionMgr:805 - Attr not supported : Dmpu
2024-09-04 13:47:00,050 [ERROR] ConditionMgr:805 - Attr not supported : Dmpu
2024-09-04 13:47:00,050 [ERROR] ConditionMgr:805 - Attr not supported : Dmpu
2024-09-04 13:47:00,050 [ERROR] ConditionMgr:805 - Attr not supported : Dmpu
2024-09-04 13:47:00,051 [ERROR] ConditionMgr:805 - Attr not supported : Dmpu
2024-09-04 13:47:00,051 [ERROR] ConditionMgr:805 - Attr not supported : Dmpu
2024-09-04 13:47:00,051 [ERROR] ConditionMgr:805 - Attr not supported : Dmpu
2024-09-04 13:47:00,052 [ERROR] ConditionMgr:805 - Attr not supported : Dmpu
2024-09-04 13:47:00,052 [ERROR] ConditionMgr:805 - Attr not supported : Dmpu
2024-09-04 13:47:00,053 [ERROR] ConditionMgr:805 - Attr not supported : Dmpu
2024-09-04 13:47:00,053 [ERROR] ConditionMgr:805 - Attr not supported : Dmpu
2024-09-04 13:47:00,082 [WARN] PackLoader:240 - Cannot read IP mode file for STMicroelectronics.X-CUBE-BLEMGR.3.0.0
2024-09-04 13:47:00,107 [WARN] PackLoader:240 - Cannot read IP mode file for RealThread.X-CUBE-RT-Thread_Nano.4.1.1
2024-09-04 13:47:00,123 [WARN] PackLoader:240 - Cannot read IP mode file for STMicroelectronics.FP-ATR-SIGFOX1.3.2.0
2024-09-04 13:47:00,146 [WARN] PackLoader:240 - Cannot read IP mode file for STMicroelectronics.X-CUBE-EEPRMA1.5.1.0
2024-09-04 13:47:00,282 [WARN] PackLoader:240 - Cannot read IP mode file for SEGGER.I-CUBE-embOS.1.3.1
2024-09-04 13:47:00,488 [WARN] PackLoader:240 - Cannot read IP mode file for STMicroelectronics.X-CUBE-ALGOBUILD.1.4.0
2024-09-04 13:47:00,512 [WARN] PackLoader:240 - Cannot read IP mode file for STMicroelectronics.X-CUBE-GNSS1.6.0.0
2024-09-04 13:47:00,600 [WARN] PackLoader:240 - Cannot read IP mode file for STMicroelectronics.X-CUBE-AZRTOS-F4.1.1.0
2024-09-04 13:47:00,626 [WARN] PackLoader:240 - Cannot read IP mode file for wolfSSL.I-CUBE-wolfSSL.5.6.4
2024-09-04 13:47:00,645 [WARN] PackLoader:240 - Cannot read IP mode file for STMicroelectronics.X-CUBE-FREERTOS.1.2.0
2024-09-04 13:47:00,658 [WARN] PackLoader:240 - Cannot read IP mode file for wolfSSL.I-CUBE-wolfSSL.5.6.6
2024-09-04 13:47:00,755 [WARN] PackLoader:240 - Cannot read IP mode file for STMicroelectronics.X-CUBE-AZRTOS-L5.2.0.0
2024-09-04 13:47:00,785 [WARN] PackLoader:240 - Cannot read IP mode file for STMicroelectronics.X-CUBE-EEPRMA1.4.2.0
2024-09-04 13:47:00,828 [WARN] PackLoader:240 - Cannot read IP mode file for STMicroelectronics.X-CUBE-NFC6.3.1.0
2024-09-04 13:47:00,855 [WARN] PackLoader:240 - Cannot read IP mode file for ITTIA_DB.I-CUBE-ITTIADB.8.8.0
2024-09-04 13:47:00,884 [WARN] PackLoader:240 - Cannot read IP mode file for STMicroelectronics.X-CUBE-BLEMGR.2.0.0
2024-09-04 13:47:00,911 [WARN] PackLoader:240 - Cannot read IP mode file for STMicroelectronics.X-CUBE-DPower.1.2.0
2024-09-04 13:47:00,926 [WARN] PackLoader:240 - Cannot read IP mode file for STMicroelectronics.X-CUBE-AI.9.0.0
2024-09-04 13:47:01,007 [WARN] ConditionMgr:438 - getConditionDescription Invalid condition id : UX DEVICE CLASS RTOS Condition cause : null
2024-09-04 13:47:01,008 [WARN] ConditionMgr:438 - getConditionDescription Invalid condition id : UX DEVICE CLASS RTOS Condition cause : null
2024-09-04 13:47:01,021 [WARN] PackLoader:240 - Cannot read IP mode file for STMicroelectronics.X-CUBE-AZRTOS-H7.3.1.0
2024-09-04 13:47:01,025 [WARN] ConditionMgr:1039 - genDependencies : Invalid condition id : UX DEVICE CLASS RTOS Condition cause : null
2024-09-04 13:47:01,026 [WARN] ConditionMgr:1039 - genDependencies : Invalid condition id : UX DEVICE CLASS RTOS Condition cause : null
2024-09-04 13:47:01,028 [WARN] ConditionMgr:1039 - genDependencies : Invalid condition id : UX DEVICE CLASS RTOS Condition cause : null
2024-09-04 13:47:01,030 [WARN] ConditionMgr:1039 - genDependencies : Invalid condition id : UX DEVICE CLASS RTOS Condition cause : null
2024-09-04 13:47:01,031 [WARN] ConditionMgr:1039 - genDependencies : Invalid condition id : UX DEVICE CLASS RTOS Condition cause : null
2024-09-04 13:47:01,057 [WARN] PackLoader:240 - Cannot read IP mode file for STMicroelectronics.X-CUBE-NFC7.1.0.1
2024-09-04 13:47:01,076 [WARN] PackLoader:240 - Cannot read IP mode file for wolfSSL.I-CUBE-wolfTPM.3.2.0
2024-09-04 13:47:01,100 [WARN] PackLoader:240 - Cannot read IP mode file for STMicroelectronics.X-CUBE-NFC6.3.0.0
2024-09-04 13:47:01,126 [WARN] PackLoader:240 - Cannot read IP mode file for STMicroelectronics.X-CUBE-EEPRMA1.4.1.0
2024-09-04 13:47:01,142 [WARN] PackLoader:240 - Cannot read IP mode file for STMicroelectronics.X-CUBE-AI.8.1.0
2024-09-04 13:47:01,218 [WARN] ConditionMgr:438 - getConditionDescription Invalid condition id : LAN8742 Phy interface Condition cause : null
2024-09-04 13:47:01,220 [WARN] PackLoader:240 - Cannot read IP mode file for STMicroelectronics.X-CUBE-AZRTOS-L4.2.0.0
2024-09-04 13:47:01,226 [WARN] ConditionMgr:1039 - genDependencies : Invalid condition id : LAN8742 Phy interface Condition cause : null
2024-09-04 13:47:01,227 [WARN] ConditionMgr:1039 - genDependencies : Invalid condition id : LAN8742 Phy interface Condition cause : null
2024-09-04 13:47:01,229 [WARN] ConditionMgr:1039 - genDependencies : Invalid condition id : LAN8742 Phy interface Condition cause : null
2024-09-04 13:47:01,261 [WARN] PackLoader:240 - Cannot read IP mode file for STMicroelectronics.X-CUBE-SFXS2LP1.4.0.0
2024-09-04 13:47:01,280 [WARN] PackLoader:240 - Cannot read IP mode file for STMicroelectronics.X-CUBE-ISPU.1.1.0
2024-09-04 13:47:01,376 [WARN] PackLoader:240 - Cannot read IP mode file for STMicroelectronics.X-CUBE-AZRTOS-H7.3.3.0
2024-09-04 13:47:01,443 [WARN] ConditionMgr:438 - getConditionDescription Invalid condition id : UX DEVICE CLASS RTOS Condition cause : null
2024-09-04 13:47:01,444 [WARN] ConditionMgr:438 - getConditionDescription Invalid condition id : UX DEVICE CLASS RTOS Condition cause : null
2024-09-04 13:47:01,455 [WARN] PackLoader:240 - Cannot read IP mode file for STMicroelectronics.X-CUBE-AZRTOS-WB.2.0.0
2024-09-04 13:47:01,457 [WARN] ConditionMgr:1039 - genDependencies : Invalid condition id : UX DEVICE CLASS RTOS Condition cause : null
2024-09-04 13:47:01,458 [WARN] ConditionMgr:1039 - genDependencies : Invalid condition id : UX DEVICE CLASS RTOS Condition cause : null
2024-09-04 13:47:01,460 [WARN] ConditionMgr:1039 - genDependencies : Invalid condition id : UX DEVICE CLASS RTOS Condition cause : null
2024-09-04 13:47:01,461 [WARN] ConditionMgr:1039 - genDependencies : Invalid condition id : UX DEVICE CLASS RTOS Condition cause : null
2024-09-04 13:47:01,461 [WARN] ConditionMgr:1039 - genDependencies : Invalid condition id : UX DEVICE CLASS RTOS Condition cause : null
2024-09-04 13:47:01,511 [WARN] PackLoader:240 - Cannot read IP mode file for STMicroelectronics.FP-SNS-STBOX1.2.0.0
2024-09-04 13:47:01,577 [WARN] PackLoader:240 - Cannot read IP mode file for STMicroelectronics.X-CUBE-SUBG2.5.0.0
2024-09-04 13:47:01,632 [WARN] PackLoader:240 - Cannot read IP mode file for Cesanta.I-CUBE-Mongoose.7.13.0
2024-09-04 13:47:01,684 [WARN] PackLoader:240 - Cannot read IP mode file for STMicroelectronics.X-CUBE-TOF1.3.3.1
2024-09-04 13:47:01,822 [WARN] PackLoader:240 - Cannot read IP mode file for STMicroelectronics.X-CUBE-AZRTOS-G4.2.0.0
2024-09-04 13:47:01,891 [WARN] PackLoader:240 - Cannot read IP mode file for Infineon.AIROC-Wi-Fi-Bluetooth-STM32.1.5.1
2024-09-04 13:47:01,927 [WARN] PackLoader:240 - Cannot read IP mode file for STMicroelectronics.FP-SNS-MOTENVWB1.1.3.0
2024-09-04 13:47:01,978 [WARN] PackLoader:240 - Cannot read IP mode file for STMicroelectronics.FP-SNS-MOTENVWB1.1.3.1
2024-09-04 13:47:01,993 [WARN] PackLoader:240 - Cannot read IP mode file for STMicroelectronics.X-CUBE-ISPU.2.0.0
2024-09-04 13:47:02,012 [WARN] PackLoader:240 - Cannot read IP mode file for STMicroelectronics.X-CUBE-ALS.1.0.2
2024-09-04 13:47:02,247 [WARN] PackLoader:240 - Cannot read IP mode file for STMicroelectronics.X-CUBE-MEMS1.10.0.0
2024-09-04 13:47:02,824 [WARN] PackLoader:240 - Cannot read IP mode file for STMicroelectronics.X-CUBE-FREERTOS.1.1.0
2024-09-04 13:47:02,833 [WARN] PackLoader:240 - Cannot read IP mode file for STMicroelectronics.X-CUBE-TOUCHGFX.4.24.0
2024-09-04 13:47:02,852 [WARN] PackLoader:240 - Cannot read IP mode file for portGmbH.I-Cube-SoM-uGOAL.1.1.0
2024-09-04 13:47:02,864 [WARN] PackLoader:240 - Cannot read IP mode file for STMicroelectronics.X-CUBE-ALS.1.0.1
2024-09-04 13:47:02,954 [WARN] PackLoader:240 - Cannot read IP mode file for STMicroelectronics.X-CUBE-AZRTOS-H7RS.1.0.0
2024-09-04 13:47:02,979 [WARN] PackLoader:240 - Cannot read IP mode file for STMicroelectronics.FP-ATR-ASTRA1.2.0.0
2024-09-04 13:47:03,024 [WARN] PackLoader:240 - Cannot read IP mode file for STMicroelectronics.X-CUBE-TOF1.3.4.2
2024-09-04 13:47:03,112 [WARN] PackLoader:240 - Cannot read IP mode file for STMicroelectronics.X-CUBE-TOF1.3.4.0
2024-09-04 13:47:03,192 [WARN] PackLoader:240 - Cannot read IP mode file for STMicroelectronics.X-CUBE-TOF1.3.4.1
2024-09-04 13:47:03,314 [WARN] PackLoader:240 - Cannot read IP mode file for STMicroelectronics.X-CUBE-AZRTOS-H7.3.2.0
2024-09-04 13:47:03,342 [WARN] PackLoader:240 - Cannot read IP mode file for wolfSSL.I-CUBE-wolfSSH.1.4.17
2024-09-04 13:47:03,344 [INFO] ThirdParty:978 - Integrity check success = true
2024-09-04 13:47:03,344 [INFO] IntegrityCheckThread:100 - exiting critical section [integrity check]
2024-09-04 13:47:03,345 [INFO] IntegrityCheckThread:103 - End integrity checks thread
2024-09-04 13:59:17,863 [INFO] WebApp:189 - Connection lost
2024-09-04 14:00:49,380 [INFO] WebApp:186 - Connection restablished
