2024-08-25 14:41:02,607 [INFO] Activator:176 - 


2024-08-25 14:41:02,677 [INFO] Activator:177 - !SESSION log4j initialized
2024-08-25 14:41:34,817 [INFO] LogOutputStream:77 - [STDOUT_REDIRECT] 
2024-08-25 14:41:50,496 [INFO] ApplicationProperties:184 - Using Application install path: C:\ST\STM32CubeIDE_1.11.0\STM32CubeIDE\plugins\com.st.stm32cube.common.mx_6.11.0.202403141607
2024-08-25 14:41:50,630 [INFO] DbMcusXml:78 - Set database path to: C:\ST\STM32CubeIDE_1.11.0\STM32CubeIDE\plugins\com.st.stm32cube.common.mx_6.11.0.202403141607\\db\/mcu/
2024-08-25 14:41:50,636 [INFO] ApiDb:274 - Set plugin database path to: C:\ST\STM32CubeIDE_1.11.0\STM32CubeIDE\plugins\com.st.stm32cube.common.mx_6.11.0.202403141607\\db\/plugins/boardmanager/
2024-08-25 14:41:50,639 [WARN] ApiDb:259 - Overriding images path with different value:  => C:\ST\STM32CubeIDE_1.11.0\STM32CubeIDE\plugins\com.st.stm32cube.common.mx_6.11.0.202403141607\\db\/plugins/mcufinder/images/
2024-08-25 14:41:50,703 [INFO] ApiDb:250 - Set database path to: C:\Users\ayoub\.stmcufinder\plugins\mcufinder//mcu/
2024-08-25 14:41:50,712 [INFO] DbMcusAds:125 - Set database path to: C:\Users\ayoub\.stmcufinder\plugins\mcufinder//mcu/
2024-08-25 14:41:50,747 [INFO] CrossReferenceDbSqlite:203 - Set database path to: C:\Users\ayoub\.stmcufinder\plugins\mcufinder//mcu/cs/
2024-08-25 14:41:51,981 [INFO] RulesReader:64 - Compatibility file has been processed (297 Rules)
2024-08-25 14:41:52,579 [INFO] DbMcusXml:78 - Set database path to: C:\ST\STM32CubeIDE_1.11.0\STM32CubeIDE\plugins\com.st.stm32cube.common.mx_6.11.0.202403141607\\db\/mcu/
2024-08-25 14:41:52,580 [INFO] ApiDb:274 - Set plugin database path to: C:\ST\STM32CubeIDE_1.11.0\STM32CubeIDE\plugins\com.st.stm32cube.common.mx_6.11.0.202403141607\\db\/plugins/boardmanager/
2024-08-25 14:41:52,581 [INFO] ApiDb:261 - Set plugin images path to: C:\ST\STM32CubeIDE_1.11.0\STM32CubeIDE\plugins\com.st.stm32cube.common.mx_6.11.0.202403141607\\db\/plugins/mcufinder/images/
2024-08-25 14:41:52,582 [WARN] DbFile:41 - Overriding database path with different value: C:\Users\ayoub\.stmcufinder\plugins\mcufinder/ => C:\Users\ayoub\.stmcufinder\plugins\mcufinder
2024-08-25 14:41:52,583 [INFO] ApiDb:250 - Set database path to: C:\Users\ayoub\.stmcufinder\plugins\mcufinder//mcu/
2024-08-25 14:41:52,584 [WARN] DbFile:41 - Overriding database path with different value: C:\Users\ayoub\.stmcufinder\plugins\mcufinder/ => C:\Users\ayoub\.stmcufinder\plugins\mcufinder
2024-08-25 14:41:52,585 [INFO] DbMcusAds:125 - Set database path to: C:\Users\ayoub\.stmcufinder\plugins\mcufinder//mcu/
2024-08-25 14:41:52,585 [WARN] DbFile:41 - Overriding database path with different value: C:\Users\ayoub\.stmcufinder\plugins\mcufinder/ => C:\Users\ayoub\.stmcufinder\plugins\mcufinder
2024-08-25 14:41:52,586 [WARN] DbFile:41 - Overriding database path with different value: C:\Users\ayoub\.stmcufinder\plugins\mcufinder/ => C:\Users\ayoub\.stmcufinder\plugins\mcufinder
2024-08-25 14:41:52,586 [INFO] CrossReferenceDbSqlite:203 - Set database path to: C:\Users\ayoub\.stmcufinder\plugins\mcufinder//mcu/cs/
2024-08-25 14:41:53,220 [INFO] MainPanel:264 - HeapMemory: 268435456
2024-08-25 14:41:53,700 [INFO] DbMcusXml:78 - Set database path to: C:\ST\STM32CubeIDE_1.11.0\STM32CubeIDE\plugins\com.st.stm32cube.common.mx_6.11.0.202403141607\\db\/mcu/
2024-08-25 14:41:53,701 [INFO] ApiDb:274 - Set plugin database path to: C:\ST\STM32CubeIDE_1.11.0\STM32CubeIDE\plugins\com.st.stm32cube.common.mx_6.11.0.202403141607\\db\/plugins/boardmanager/
2024-08-25 14:41:53,701 [INFO] ApiDb:261 - Set plugin images path to: C:\ST\STM32CubeIDE_1.11.0\STM32CubeIDE\plugins\com.st.stm32cube.common.mx_6.11.0.202403141607\\db\/plugins/mcufinder/images/
2024-08-25 14:41:53,704 [WARN] DbFile:41 - Overriding database path with different value: C:\Users\ayoub\.stmcufinder\plugins\mcufinder/ => C:\Users\ayoub\.stmcufinder\plugins\mcufinder
2024-08-25 14:41:53,705 [INFO] ApiDb:250 - Set database path to: C:\Users\ayoub\.stmcufinder\plugins\mcufinder//mcu/
2024-08-25 14:41:53,705 [WARN] DbFile:41 - Overriding database path with different value: C:\Users\ayoub\.stmcufinder\plugins\mcufinder/ => C:\Users\ayoub\.stmcufinder\plugins\mcufinder
2024-08-25 14:41:53,706 [INFO] DbMcusAds:125 - Set database path to: C:\Users\ayoub\.stmcufinder\plugins\mcufinder//mcu/
2024-08-25 14:41:53,707 [WARN] DbFile:41 - Overriding database path with different value: C:\Users\ayoub\.stmcufinder\plugins\mcufinder/ => C:\Users\ayoub\.stmcufinder\plugins\mcufinder
2024-08-25 14:41:53,708 [WARN] DbFile:41 - Overriding database path with different value: C:\Users\ayoub\.stmcufinder\plugins\mcufinder/ => C:\Users\ayoub\.stmcufinder\plugins\mcufinder
2024-08-25 14:41:53,709 [INFO] CrossReferenceDbSqlite:203 - Set database path to: C:\Users\ayoub\.stmcufinder\plugins\mcufinder//mcu/cs/
2024-08-25 14:41:53,815 [INFO] ApplicationProperties:184 - Using Application install path: C:\ST\STM32CubeIDE_1.11.0\STM32CubeIDE\plugins\com.st.stm32cube.common.mx_6.11.0.202403141607
2024-08-25 14:41:53,824 [INFO] PluginManage:196 - Search for loadable plugins [exclusion list=, ]
2024-08-25 14:41:53,833 [INFO] PluginManage:310 - Check plugin analytics
2024-08-25 14:42:00,328 [INFO] AnalyticsPlugin:253 - Accepted Software Licenses: STM32CubeMX.6.11.0
2024-08-25 14:42:00,330 [INFO] AnalyticsPlugin:255 - Accepted CMSIS Pack Licenses: 
2024-08-25 14:42:00,333 [INFO] AnalyticsPlugin:257 - Accepted Firmware Licenses: FW.F4.1.27.0,FW.H7.1.11.0
2024-08-25 14:42:00,350 [INFO] PluginManage:359 - Loaded plugin analytics (category:tool,tabindex:-1)
2024-08-25 14:42:00,352 [INFO] PluginManage:310 - Check plugin cadmodel
2024-08-25 14:42:00,375 [INFO] CADModel:105 - Init CAD model plugin
2024-08-25 14:42:00,376 [INFO] PluginManage:359 - Loaded plugin cadmodel (category:power,tabindex:5)
2024-08-25 14:42:00,378 [INFO] PluginManage:310 - Check plugin clock
2024-08-25 14:42:00,436 [INFO] PluginManage:359 - Loaded plugin clock (category:base,tabindex:2)
2024-08-25 14:42:00,437 [INFO] PluginManage:310 - Check plugin ddr
2024-08-25 14:42:00,449 [INFO] PluginManage:359 - Loaded plugin ddr (category:tool,tabindex:6)
2024-08-25 14:42:00,451 [INFO] PluginManage:310 - Check plugin filemanager
2024-08-25 14:42:01,447 [INFO] PluginManage:359 - Loaded plugin filemanager (category:base,tabindex:10)
2024-08-25 14:42:01,448 [INFO] PluginManage:310 - Check plugin ipmanager
2024-08-25 14:42:01,497 [INFO] PluginManage:359 - Loaded plugin ipmanager (category:base,tabindex:5)
2024-08-25 14:42:01,498 [INFO] PluginManage:310 - Check plugin lpbam
2024-08-25 14:42:01,556 [INFO] PluginManage:359 - Loaded plugin lpbam (category:base,tabindex:0)
2024-08-25 14:42:01,557 [INFO] PluginManage:310 - Check plugin memorymap
2024-08-25 14:42:01,631 [INFO] PluginManage:359 - Loaded plugin memorymap (category:base,tabindex:4)
2024-08-25 14:42:01,632 [INFO] PluginManage:310 - Check plugin pinoutandconfiguration
2024-08-25 14:42:01,683 [INFO] PluginManage:359 - Loaded plugin pinoutandconfiguration (category:base,tabindex:1)
2024-08-25 14:42:01,685 [INFO] PluginManage:310 - Check plugin pinoutconfig
2024-08-25 14:42:02,287 [WARN] SupportedApi:132 - Cannot load RTOS API schema: s4s-elt-must-match.1: The content of 'definitions' must match (annotation?, (simpleType | complexType)?, (unique | key | keyref)*)). A problem was found starting at: attribute.
2024-08-25 14:42:03,358 [INFO] PluginManage:359 - Loaded plugin pinoutconfig (category:base,tabindex:0)
2024-08-25 14:42:03,359 [INFO] PluginManage:310 - Check plugin power
2024-08-25 14:42:03,448 [INFO] PluginManage:359 - Loaded plugin power (category:power,tabindex:4)
2024-08-25 14:42:03,449 [INFO] PluginManage:310 - Check plugin projectmanager
2024-08-25 14:42:03,725 [INFO] PluginManage:359 - Loaded plugin projectmanager (category:projectmanager,tabindex:3)
2024-08-25 14:42:03,725 [INFO] PluginManage:310 - Check plugin thirdparty
2024-08-25 14:42:05,136 [WARN] IntegrityCheckThread:84 - waiting for thirdparty lock release [integrity check]
2024-08-25 14:42:05,138 [INFO] PluginManage:359 - Loaded plugin thirdparty (category:base,tabindex:-1)
2024-08-25 14:42:05,139 [INFO] IntegrityCheckThread:86 - entering critical section [integrity check]
2024-08-25 14:42:05,139 [INFO] PluginManage:310 - Check plugin tools
2024-08-25 14:42:05,143 [INFO] ThirdPartyUpdaterWithRetryManager:70 - Updater plugin not ready yet. [1/15]
2024-08-25 14:42:05,160 [INFO] PluginManage:359 - Loaded plugin tools (category:base,tabindex:7)
2024-08-25 14:42:05,161 [INFO] PluginManage:310 - Check plugin tutovideos
2024-08-25 14:42:06,298 [INFO] PluginManage:359 - Loaded plugin tutovideos (category:base,tabindex:-1)
2024-08-25 14:42:06,300 [INFO] PluginManage:310 - Check plugin updater
2024-08-25 14:42:06,357 [INFO] PluginManage:359 - Loaded plugin updater (category:base,tabindex:12)
2024-08-25 14:42:06,358 [INFO] PluginManage:310 - Check plugin userauth
2024-08-25 14:42:06,386 [INFO] UserAuth:114 - Init User Auth plugin
2024-08-25 14:42:06,387 [INFO] PluginManage:359 - Loaded plugin userauth (category:base,tabindex:14)
2024-08-25 14:42:06,390 [INFO] PluginManage:283 - PluginManage : Loaded plugins [17]
2024-08-25 14:42:07,705 [INFO] PinOutPanel:1561 - setPackage(No Configuration,No Configuration)
2024-08-25 14:42:08,145 [INFO] ThirdPartyUpdaterWithRetryManager:70 - Updater plugin not ready yet. [2/15]
2024-08-25 14:42:08,457 [INFO] CADModel:165 - CPN selected for project level
2024-08-25 14:42:08,459 [INFO] CADModel:114 - Register for checkConnection events
2024-08-25 14:42:08,625 [INFO] IPUIPlugin:80 - create IPUIPlugin
2024-08-25 14:42:08,626 [INFO] PluginManager:220 - loadIPPluginJar : add adc
2024-08-25 14:42:08,647 [INFO] IPUIPlugin:80 - create IPUIPlugin
2024-08-25 14:42:08,649 [INFO] PluginManager:220 - loadIPPluginJar : add aes
2024-08-25 14:42:08,676 [INFO] IPUIPlugin:80 - create IPUIPlugin
2024-08-25 14:42:08,678 [INFO] PluginManager:220 - loadIPPluginJar : add can
2024-08-25 14:42:08,692 [INFO] IPUIPlugin:80 - create IPUIPlugin
2024-08-25 14:42:08,693 [INFO] PluginManager:220 - loadIPPluginJar : add comp
2024-08-25 14:42:08,721 [INFO] IPUIPlugin:80 - create IPUIPlugin
2024-08-25 14:42:08,722 [INFO] PluginManager:220 - loadIPPluginJar : add cryp
2024-08-25 14:42:08,745 [INFO] IPUIPlugin:80 - create IPUIPlugin
2024-08-25 14:42:08,747 [INFO] PluginManager:220 - loadIPPluginJar : add dfsdm
2024-08-25 14:42:08,792 [INFO] IPUIPlugin:80 - create IPUIPlugin
2024-08-25 14:42:08,795 [INFO] PluginManager:220 - loadIPPluginJar : add dma
2024-08-25 14:42:08,813 [INFO] IPUIPlugin:80 - create IPUIPlugin
2024-08-25 14:42:08,814 [INFO] PluginManager:220 - loadIPPluginJar : add dma3
2024-08-25 14:42:08,833 [INFO] IPUIPlugin:80 - create IPUIPlugin
2024-08-25 14:42:08,836 [INFO] PluginManager:220 - loadIPPluginJar : add extmemmanager
2024-08-25 14:42:08,849 [INFO] IPUIPlugin:80 - create IPUIPlugin
2024-08-25 14:42:08,851 [INFO] PluginManager:220 - loadIPPluginJar : add fatfs
2024-08-25 14:42:08,885 [INFO] IPUIPlugin:80 - create IPUIPlugin
2024-08-25 14:42:08,886 [INFO] PluginManager:220 - loadIPPluginJar : add fmc
2024-08-25 14:42:08,961 [INFO] IPUIPlugin:80 - create IPUIPlugin
2024-08-25 14:42:08,964 [INFO] PluginManager:220 - loadIPPluginJar : add freertos
2024-08-25 14:42:08,977 [INFO] IPUIPlugin:80 - create IPUIPlugin
2024-08-25 14:42:08,978 [INFO] PluginManager:220 - loadIPPluginJar : add genericplugin
2024-08-25 14:42:08,996 [INFO] IPUIPlugin:80 - create IPUIPlugin
2024-08-25 14:42:08,997 [INFO] PluginManager:220 - loadIPPluginJar : add gfxmmu
2024-08-25 14:42:09,040 [INFO] IPUIPlugin:80 - create IPUIPlugin
2024-08-25 14:42:09,042 [INFO] PluginManager:220 - loadIPPluginJar : add gic
2024-08-25 14:42:09,070 [INFO] IPUIPlugin:80 - create IPUIPlugin
2024-08-25 14:42:09,072 [INFO] PluginManager:220 - loadIPPluginJar : add gpio
2024-08-25 14:42:09,091 [INFO] IPUIPlugin:80 - create IPUIPlugin
2024-08-25 14:42:09,092 [INFO] PluginManager:220 - loadIPPluginJar : add gtzc
2024-08-25 14:42:09,109 [INFO] IPUIPlugin:80 - create IPUIPlugin
2024-08-25 14:42:09,110 [INFO] PluginManager:220 - loadIPPluginJar : add hash
2024-08-25 14:42:09,130 [INFO] IPUIPlugin:80 - create IPUIPlugin
2024-08-25 14:42:09,131 [INFO] PluginManager:220 - loadIPPluginJar : add i2c
2024-08-25 14:42:09,149 [INFO] IPUIPlugin:80 - create IPUIPlugin
2024-08-25 14:42:09,151 [INFO] PluginManager:220 - loadIPPluginJar : add i2s
2024-08-25 14:42:09,169 [INFO] IPUIPlugin:80 - create IPUIPlugin
2024-08-25 14:42:09,170 [INFO] PluginManager:220 - loadIPPluginJar : add i3c
2024-08-25 14:42:09,193 [INFO] IPUIPlugin:80 - create IPUIPlugin
2024-08-25 14:42:09,193 [INFO] PluginManager:220 - loadIPPluginJar : add ipddr
2024-08-25 14:42:09,248 [INFO] IPUIPlugin:80 - create IPUIPlugin
2024-08-25 14:42:09,252 [INFO] PluginManager:220 - loadIPPluginJar : add linkedlist
2024-08-25 14:42:09,273 [INFO] IPUIPlugin:80 - create IPUIPlugin
2024-08-25 14:42:09,274 [INFO] PluginManager:220 - loadIPPluginJar : add lorawan
2024-08-25 14:42:09,287 [INFO] IPUIPlugin:80 - create IPUIPlugin
2024-08-25 14:42:09,289 [INFO] PluginManager:220 - loadIPPluginJar : add ltdc
2024-08-25 14:42:09,332 [INFO] IPUIPlugin:80 - create IPUIPlugin
2024-08-25 14:42:09,333 [INFO] PluginManager:220 - loadIPPluginJar : add mdma
2024-08-25 14:42:09,359 [INFO] IPUIPlugin:80 - create IPUIPlugin
2024-08-25 14:42:09,361 [INFO] PluginManager:220 - loadIPPluginJar : add nvic
2024-08-25 14:42:09,383 [INFO] IPUIPlugin:80 - create IPUIPlugin
2024-08-25 14:42:09,384 [INFO] PluginManager:220 - loadIPPluginJar : add opamp
2024-08-25 14:42:09,407 [INFO] IPUIPlugin:80 - create IPUIPlugin
2024-08-25 14:42:09,409 [INFO] PluginManager:220 - loadIPPluginJar : add openamp
2024-08-25 14:42:09,435 [INFO] IPUIPlugin:80 - create IPUIPlugin
2024-08-25 14:42:09,437 [INFO] PluginManager:220 - loadIPPluginJar : add pdm2pcm
2024-08-25 14:42:09,486 [INFO] IPUIPlugin:80 - create IPUIPlugin
2024-08-25 14:42:09,511 [INFO] PluginManager:220 - loadIPPluginJar : add plateformsettings
2024-08-25 14:42:09,523 [INFO] IPUIPlugin:80 - create IPUIPlugin
2024-08-25 14:42:09,524 [INFO] PluginManager:220 - loadIPPluginJar : add quadspi
2024-08-25 14:42:09,548 [INFO] IPUIPlugin:80 - create IPUIPlugin
2024-08-25 14:42:09,549 [INFO] PluginManager:220 - loadIPPluginJar : add resmgrutility
2024-08-25 14:42:09,571 [INFO] IPUIPlugin:80 - create IPUIPlugin
2024-08-25 14:42:09,573 [INFO] PluginManager:220 - loadIPPluginJar : add sai
2024-08-25 14:42:09,591 [INFO] IPUIPlugin:80 - create IPUIPlugin
2024-08-25 14:42:09,592 [INFO] PluginManager:220 - loadIPPluginJar : add spi
2024-08-25 14:42:09,645 [INFO] IPUIPlugin:80 - create IPUIPlugin
2024-08-25 14:42:09,647 [INFO] PluginManager:220 - loadIPPluginJar : add stm32_wpan
2024-08-25 14:42:09,668 [INFO] IPUIPlugin:80 - create IPUIPlugin
2024-08-25 14:42:09,670 [INFO] PluginManager:220 - loadIPPluginJar : add tim
2024-08-25 14:42:09,702 [INFO] IPUIPlugin:80 - create IPUIPlugin
2024-08-25 14:42:09,703 [INFO] PluginManager:220 - loadIPPluginJar : add touchsensing
2024-08-25 14:42:09,718 [INFO] IPUIPlugin:80 - create IPUIPlugin
2024-08-25 14:42:09,719 [INFO] PluginManager:220 - loadIPPluginJar : add tracer_emb
2024-08-25 14:42:09,735 [INFO] IPUIPlugin:80 - create IPUIPlugin
2024-08-25 14:42:09,736 [INFO] PluginManager:220 - loadIPPluginJar : add ts
2024-08-25 14:42:09,753 [INFO] IPUIPlugin:80 - create IPUIPlugin
2024-08-25 14:42:09,754 [INFO] PluginManager:220 - loadIPPluginJar : add tsc
2024-08-25 14:42:09,768 [INFO] IPUIPlugin:80 - create IPUIPlugin
2024-08-25 14:42:09,769 [INFO] PluginManager:220 - loadIPPluginJar : add ucpd
2024-08-25 14:42:09,787 [INFO] IPUIPlugin:80 - create IPUIPlugin
2024-08-25 14:42:09,788 [INFO] PluginManager:220 - loadIPPluginJar : add usart
2024-08-25 14:42:09,818 [INFO] IPUIPlugin:80 - create IPUIPlugin
2024-08-25 14:42:09,819 [INFO] PluginManager:220 - loadIPPluginJar : add usbx
2024-08-25 14:42:10,551 [INFO] CADModel:165 - CPN selected for project level
2024-08-25 14:42:10,552 [INFO] CADModel:114 - Register for checkConnection events
2024-08-25 14:42:10,553 [FATAL] Updater:308 - Updater called before beeing initialized
2024-08-25 14:42:10,554 [ERROR] CADModel:125 - Updater not yet initialized, retry later 
2024-08-25 14:42:11,152 [INFO] ThirdPartyUpdaterWithRetryManager:70 - Updater plugin not ready yet. [3/15]
2024-08-25 14:42:11,945 [INFO] CADModel:165 - CPN selected for project level
2024-08-25 14:42:11,946 [INFO] CADModel:114 - Register for checkConnection events
2024-08-25 14:42:11,947 [FATAL] Updater:308 - Updater called before beeing initialized
2024-08-25 14:42:11,948 [ERROR] CADModel:125 - Updater not yet initialized, retry later 
2024-08-25 14:42:11,974 [FATAL] Updater:308 - Updater called before beeing initialized
2024-08-25 14:42:13,177 [FATAL] Updater:308 - Updater called before beeing initialized
2024-08-25 14:42:13,212 [INFO] DbMcusAds:53 - JSON generation date=Thu May 16 10:22:00 WEST 2024 (1715851320667)
2024-08-25 14:42:13,215 [FATAL] Updater:308 - Updater called before beeing initialized
2024-08-25 14:42:13,576 [WARN] DetailPanel:346 - Failed to get advertising image, set to default
2024-08-25 14:42:14,155 [FATAL] Updater:308 - Updater called before beeing initialized
2024-08-25 14:42:14,157 [ERROR] IntegrityCheckThread:130 - Cannot retrieve database content from updater: error 21
2024-08-25 14:42:14,160 [INFO] ThirdParty:978 - Integrity check success = false
2024-08-25 14:42:14,161 [INFO] IntegrityCheckThread:100 - exiting critical section [integrity check]
2024-08-25 14:42:14,161 [INFO] IntegrityCheckThread:103 - End integrity checks thread
2024-08-25 14:42:14,480 [FATAL] Updater:308 - Updater called before beeing initialized
2024-08-25 14:42:14,490 [FATAL] Updater:308 - Updater called before beeing initialized
2024-08-25 14:42:14,491 [FATAL] Updater:308 - Updater called before beeing initialized
2024-08-25 14:42:14,492 [WARN] DetailPanel:346 - Failed to get advertising image, set to default
2024-08-25 14:42:14,498 [FATAL] Updater:308 - Updater called before beeing initialized
2024-08-25 14:42:14,829 [ERROR] Updater:1120 - MainUpdater not yet initialized. External WinMGr cannot be set.
2024-08-25 14:42:14,841 [INFO] Updater:1056 - Updater Version found : 6.11.0
2024-08-25 14:42:14,960 [INFO] ApplicationProperties:184 - Using Application install path: C:\ST\STM32CubeIDE_1.11.0\STM32CubeIDE\plugins\com.st.stm32cube.common.mx_6.11.0.202403141607
2024-08-25 14:42:17,325 [INFO] MainUpdater:2873 - connection check result : 10
2024-08-25 14:42:17,331 [INFO] MainUpdater:290 - Updater Check For Update Now.
2024-08-25 14:42:17,333 [INFO] MicroXplorer:498 - Change Database Version : DB.6.0.110
2024-08-25 14:42:17,385 [INFO] McuFinderGlobals:63 - Set McuFinder mode to 2 (CubeIDE integrated)
2024-08-25 14:42:17,426 [INFO] UserAuth:415 - Internet connection configuration mode: 1
2024-08-25 14:42:17,553 [INFO] JxBrowserEngine:152 - Initiate JxBrowser Engine with user profile folder
2024-08-25 14:42:18,757 [INFO] CheckServerUpdateThread:120 - End of CheckServer Thread
2024-08-25 14:42:23,666 [INFO] WebApp:161 - Instantiating new browser for Auth
2024-08-25 14:42:28,210 [INFO] WebApp:779 - Register for checkConnection events
2024-08-25 14:42:28,211 [INFO] WebApp:414 - Apply proxy settings
2024-08-25 14:42:28,212 [INFO] WebApp:499 - Chromium requires no authentication
2024-08-25 14:42:28,275 [INFO] WebApp:442 - Direct internet connection detected
2024-08-25 14:42:29,973 [INFO] WebApp:192 - Starting web application
2024-08-25 14:42:29,975 [INFO] WebApp:544 - Web application path used C:\ST\STM32CubeIDE_1.11.0\STM32CubeIDE\plugins\com.st.stm32cube.common.mx_6.11.0.202403141607\db\plugins\mcufinder\reactClient1\index.html
2024-08-25 14:43:44,686 [INFO] McuFinderGlobals:63 - Set McuFinder mode to 2 (CubeIDE integrated)
2024-08-25 14:43:44,728 [INFO] MainUpdater:2873 - connection check result : 10
2024-08-25 14:43:44,734 [INFO] MainUpdater:2873 - connection check result : 10
2024-08-25 14:43:45,091 [INFO] MicroXplorer:468 - Change Database Path : 
2024-08-25 14:43:45,094 [INFO] MicroXplorer:498 - Change Database Version : DB.6.0.110
2024-08-25 14:43:45,216 [WARN] ThirdParty:871 - waiting for thirdparty lock release [close project]
2024-08-25 14:43:45,217 [INFO] ThirdParty:873 - entering critical section [close project]
2024-08-25 14:43:45,270 [INFO] ThirdParty:883 - exiting critical section [close project]
2024-08-25 14:43:45,303 [INFO] PinOutPanel:1561 - setPackage(No Configuration,No Configuration)
2024-08-25 14:43:45,344 [INFO] UtilMem:75 - Begin LoadConfig() Used Memory: 206789744 Bytes (283115520)
2024-08-25 14:43:45,356 [INFO] MicroXplorer:468 - Change Database Path : 
2024-08-25 14:43:45,357 [INFO] MicroXplorer:498 - Change Database Version : DB.6.0.110
2024-08-25 14:43:45,358 [INFO] OpenFileManager:312 - Change cursor
2024-08-25 14:43:45,482 [WARN] IntegrityCheckThread:84 - waiting for thirdparty lock release [integrity check]
2024-08-25 14:43:45,482 [INFO] IntegrityCheckThread:86 - entering critical section [integrity check]
2024-08-25 14:43:49,717 [WARN] PackLoader:240 - Cannot read IP mode file for STMicroelectronics.FP-SNS-MOTENVWB1.1.4.0
2024-08-25 14:43:49,883 [WARN] PackLoader:240 - Cannot read IP mode file for STMicroelectronics.X-CUBE-SMBUS.2.1.0
2024-08-25 14:43:50,031 [WARN] PackLoader:240 - Cannot read IP mode file for STMicroelectronics.X-CUBE-TOUCHGFX.4.23.0
2024-08-25 14:43:50,092 [WARN] PackLoader:240 - Cannot read IP mode file for STMicroelectronics.X-CUBE-TOUCHGFX.4.23.2
2024-08-25 14:43:50,861 [WARN] PackLoader:240 - Cannot read IP mode file for STMicroelectronics.X-CUBE-AZRTOS-F7.1.1.0
2024-08-25 14:43:51,110 [WARN] PackLoader:240 - Cannot read IP mode file for STMicroelectronics.FP-SNS-MOTENV1.4.3.2
2024-08-25 14:43:51,870 [WARN] PackLoader:240 - Cannot read IP mode file for STMicroelectronics.X-CUBE-MEMS1.11.0.0
2024-08-25 14:43:54,011 [WARN] PackLoader:240 - Cannot read IP mode file for STMicroelectronics.FP-SNS-FLIGHT1.5.0.2
2024-08-25 14:43:54,065 [WARN] PackLoader:240 - Cannot read IP mode file for STMicroelectronics.X-CUBE-DISPLAY.3.0.0
2024-08-25 14:43:54,168 [WARN] PackLoader:240 - Cannot read IP mode file for STMicroelectronics.X-CUBE-BLE1.7.0.0
2024-08-25 14:43:54,218 [WARN] PackLoader:240 - Cannot read IP mode file for emotas.I-CUBE-CANOPEN.1.3.0
2024-08-25 14:43:54,247 [WARN] PackLoader:240 - Cannot read IP mode file for STMicroelectronics.X-CUBE-TOUCHGFX.4.22.1
2024-08-25 14:43:54,369 [WARN] PackLoader:240 - Cannot read IP mode file for STMicroelectronics.X-CUBE-BLEMGR.3.1.0
2024-08-25 14:43:54,444 [WARN] PackLoader:240 - Cannot read IP mode file for STMicroelectronics.FP-SNS-SMARTAG2.1.2.0
2024-08-25 14:43:54,529 [INFO] LogOutputStream:77 - [STDOUT_REDIRECT] 1 : Invalid condition id : UX_CORESTACK_Condition cause : null
2024-08-25 14:43:54,535 [INFO] LogOutputStream:77 - [STDOUT_REDIRECT] 1 : Invalid condition id : UX_CORESTACK_Condition cause : null
2024-08-25 14:43:54,572 [INFO] LogOutputStream:77 - [STDOUT_REDIRECT] 1 : Invalid condition id : UX_CORESTACK_Condition cause : null
2024-08-25 14:43:54,589 [INFO] LogOutputStream:77 - [STDOUT_REDIRECT] 1 : Invalid condition id : UX_CORESTACK_Condition cause : null
2024-08-25 14:43:54,606 [INFO] LogOutputStream:77 - [STDOUT_REDIRECT] 1 : Invalid condition id : UX_CORESTACK_Condition cause : null
2024-08-25 14:43:54,680 [WARN] PackLoader:240 - Cannot read IP mode file for STMicroelectronics.X-CUBE-AZRTOS-WL.2.0.0
2024-08-25 14:43:54,724 [WARN] PackLoader:240 - Cannot read IP mode file for STMicroelectronics.FP-SNS-MOTENV1.5.0.0
2024-08-25 14:43:54,766 [WARN] PackLoader:240 - Cannot read IP mode file for wolfSSL.I-CUBE-wolfMQTT.1.19.0
2024-08-25 14:43:54,825 [WARN] PackLoader:240 - Cannot read IP mode file for WES.I-CUBE-Cesium.1.3.0
2024-08-25 14:43:54,906 [WARN] PackLoader:240 - Cannot read IP mode file for STMicroelectronics.X-CUBE-BLE2.3.3.0
2024-08-25 14:43:54,957 [WARN] PackLoader:240 - Cannot read IP mode file for STMicroelectronics.X-CUBE-TCPP.4.1.0
2024-08-25 14:43:55,031 [WARN] PackLoader:240 - Cannot read IP mode file for STMicroelectronics.X-CUBE-ALGOBUILD.1.3.0
2024-08-25 14:43:55,180 [WARN] PackLoader:240 - Cannot read IP mode file for STMicroelectronics.X-CUBE-AZRTOS-G0.1.1.0
2024-08-25 14:43:55,247 [WARN] PackLoader:240 - Cannot read IP mode file for STMicroelectronics.X-CUBE-SAFEA1.1.2.2
2024-08-25 14:43:55,324 [WARN] PackLoader:240 - Cannot read IP mode file for STMicroelectronics.X-CUBE-NFC4.3.0.0
2024-08-25 14:43:55,463 [WARN] PackLoader:240 - Cannot read IP mode file for EmbeddedOffice.I-CUBE-FS-RTOS.1.0.1
2024-08-25 14:43:55,466 [ERROR] ConditionMgr:805 - Attr not supported : Dmpu
2024-08-25 14:43:55,467 [ERROR] ConditionMgr:805 - Attr not supported : Dmpu
2024-08-25 14:43:55,468 [ERROR] ConditionMgr:805 - Attr not supported : Dmpu
2024-08-25 14:43:55,470 [ERROR] ConditionMgr:805 - Attr not supported : Dmpu
2024-08-25 14:43:55,471 [ERROR] ConditionMgr:805 - Attr not supported : Dmpu
2024-08-25 14:43:55,472 [ERROR] ConditionMgr:805 - Attr not supported : Dmpu
2024-08-25 14:43:55,482 [ERROR] ConditionMgr:805 - Attr not supported : Dmpu
2024-08-25 14:43:55,512 [ERROR] ConditionMgr:805 - Attr not supported : Dmpu
2024-08-25 14:43:55,531 [ERROR] ConditionMgr:805 - Attr not supported : Dmpu
2024-08-25 14:43:55,532 [ERROR] ConditionMgr:805 - Attr not supported : Dmpu
2024-08-25 14:43:55,533 [ERROR] ConditionMgr:805 - Attr not supported : Dmpu
2024-08-25 14:43:55,533 [ERROR] ConditionMgr:805 - Attr not supported : Dmpu
2024-08-25 14:43:55,534 [ERROR] ConditionMgr:805 - Attr not supported : Dmpu
2024-08-25 14:43:55,535 [ERROR] ConditionMgr:805 - Attr not supported : Dmpu
2024-08-25 14:43:55,535 [ERROR] ConditionMgr:805 - Attr not supported : Dmpu
2024-08-25 14:43:55,537 [ERROR] ConditionMgr:805 - Attr not supported : Dmpu
2024-08-25 14:43:55,544 [ERROR] ConditionMgr:805 - Attr not supported : Dmpu
2024-08-25 14:43:55,547 [ERROR] ConditionMgr:805 - Attr not supported : Dmpu
2024-08-25 14:43:55,547 [ERROR] ConditionMgr:805 - Attr not supported : Dmpu
2024-08-25 14:43:55,548 [ERROR] ConditionMgr:805 - Attr not supported : Dmpu
2024-08-25 14:43:55,548 [ERROR] ConditionMgr:805 - Attr not supported : Dmpu
2024-08-25 14:43:55,549 [ERROR] ConditionMgr:805 - Attr not supported : Dmpu
2024-08-25 14:43:55,549 [ERROR] ConditionMgr:805 - Attr not supported : Dmpu
2024-08-25 14:43:55,550 [ERROR] ConditionMgr:805 - Attr not supported : Dmpu
2024-08-25 14:43:55,550 [ERROR] ConditionMgr:805 - Attr not supported : Dmpu
2024-08-25 14:43:55,551 [ERROR] ConditionMgr:805 - Attr not supported : Dmpu
2024-08-25 14:43:55,551 [ERROR] ConditionMgr:805 - Attr not supported : Dmpu
2024-08-25 14:43:55,582 [ERROR] ConditionMgr:805 - Attr not supported : Dmpu
2024-08-25 14:43:55,583 [ERROR] ConditionMgr:805 - Attr not supported : Dmpu
2024-08-25 14:43:55,583 [ERROR] ConditionMgr:805 - Attr not supported : Dmpu
2024-08-25 14:43:55,584 [ERROR] ConditionMgr:805 - Attr not supported : Dmpu
2024-08-25 14:43:55,584 [ERROR] ConditionMgr:805 - Attr not supported : Dmpu
2024-08-25 14:43:55,585 [ERROR] ConditionMgr:805 - Attr not supported : Dmpu
2024-08-25 14:43:55,585 [ERROR] ConditionMgr:805 - Attr not supported : Dmpu
2024-08-25 14:43:55,587 [ERROR] ConditionMgr:805 - Attr not supported : Dmpu
2024-08-25 14:43:55,588 [ERROR] ConditionMgr:805 - Attr not supported : Dmpu
2024-08-25 14:43:55,593 [ERROR] ConditionMgr:805 - Attr not supported : Dmpu
2024-08-25 14:43:55,594 [ERROR] ConditionMgr:805 - Attr not supported : Dmpu
2024-08-25 14:43:55,596 [ERROR] ConditionMgr:805 - Attr not supported : Dmpu
2024-08-25 14:43:55,596 [ERROR] ConditionMgr:805 - Attr not supported : Dmpu
2024-08-25 14:43:55,597 [ERROR] ConditionMgr:805 - Attr not supported : Dmpu
2024-08-25 14:43:55,598 [ERROR] ConditionMgr:805 - Attr not supported : Dmpu
2024-08-25 14:43:55,598 [ERROR] ConditionMgr:805 - Attr not supported : Dmpu
2024-08-25 14:43:55,599 [ERROR] ConditionMgr:805 - Attr not supported : Dmpu
2024-08-25 14:43:55,600 [ERROR] ConditionMgr:805 - Attr not supported : Dmpu
2024-08-25 14:43:55,600 [ERROR] ConditionMgr:805 - Attr not supported : Dmpu
2024-08-25 14:43:55,601 [ERROR] ConditionMgr:805 - Attr not supported : Dmpu
2024-08-25 14:43:55,601 [ERROR] ConditionMgr:805 - Attr not supported : Dmpu
2024-08-25 14:43:55,602 [ERROR] ConditionMgr:805 - Attr not supported : Dmpu
2024-08-25 14:43:55,603 [ERROR] ConditionMgr:805 - Attr not supported : Dmpu
2024-08-25 14:43:55,603 [ERROR] ConditionMgr:805 - Attr not supported : Dmpu
2024-08-25 14:43:55,606 [ERROR] ConditionMgr:805 - Attr not supported : Dmpu
2024-08-25 14:43:55,606 [ERROR] ConditionMgr:805 - Attr not supported : Dmpu
2024-08-25 14:43:55,607 [ERROR] ConditionMgr:805 - Attr not supported : Dmpu
2024-08-25 14:43:55,608 [ERROR] ConditionMgr:805 - Attr not supported : Dmpu
2024-08-25 14:43:55,608 [ERROR] ConditionMgr:805 - Attr not supported : Dmpu
2024-08-25 14:43:55,609 [ERROR] ConditionMgr:805 - Attr not supported : Dmpu
2024-08-25 14:43:55,610 [ERROR] ConditionMgr:805 - Attr not supported : Dmpu
2024-08-25 14:43:55,611 [ERROR] ConditionMgr:805 - Attr not supported : Dmpu
2024-08-25 14:43:55,613 [ERROR] ConditionMgr:805 - Attr not supported : Dmpu
2024-08-25 14:43:55,613 [ERROR] ConditionMgr:805 - Attr not supported : Dmpu
2024-08-25 14:43:55,614 [ERROR] ConditionMgr:805 - Attr not supported : Dmpu
2024-08-25 14:43:55,615 [ERROR] ConditionMgr:805 - Attr not supported : Dmpu
2024-08-25 14:43:55,616 [ERROR] ConditionMgr:805 - Attr not supported : Dmpu
2024-08-25 14:43:55,707 [WARN] PackLoader:240 - Cannot read IP mode file for STMicroelectronics.X-CUBE-BLEMGR.3.0.0
2024-08-25 14:43:55,826 [WARN] PackLoader:240 - Cannot read IP mode file for RealThread.X-CUBE-RT-Thread_Nano.4.1.1
2024-08-25 14:43:55,901 [WARN] PackLoader:240 - Cannot read IP mode file for STMicroelectronics.FP-ATR-SIGFOX1.3.2.0
2024-08-25 14:43:56,144 [WARN] PackLoader:240 - Cannot read IP mode file for STMicroelectronics.X-CUBE-EEPRMA1.5.1.0
2024-08-25 14:43:56,644 [WARN] PackLoader:240 - Cannot read IP mode file for SEGGER.I-CUBE-embOS.1.3.1
2024-08-25 14:43:57,049 [WARN] PackLoader:240 - Cannot read IP mode file for STMicroelectronics.X-CUBE-ALGOBUILD.1.4.0
2024-08-25 14:43:57,115 [WARN] PackLoader:240 - Cannot read IP mode file for STMicroelectronics.X-CUBE-GNSS1.6.0.0
2024-08-25 14:43:57,358 [WARN] PackLoader:240 - Cannot read IP mode file for STMicroelectronics.X-CUBE-AZRTOS-F4.1.1.0
2024-08-25 14:43:57,427 [WARN] PackLoader:240 - Cannot read IP mode file for wolfSSL.I-CUBE-wolfSSL.5.6.4
2024-08-25 14:43:57,471 [WARN] PackLoader:240 - Cannot read IP mode file for STMicroelectronics.X-CUBE-FREERTOS.1.2.0
2024-08-25 14:43:57,499 [WARN] PackLoader:240 - Cannot read IP mode file for wolfSSL.I-CUBE-wolfSSL.5.6.6
2024-08-25 14:43:57,660 [WARN] PackLoader:240 - Cannot read IP mode file for STMicroelectronics.X-CUBE-AZRTOS-L5.2.0.0
2024-08-25 14:43:57,732 [WARN] PackLoader:240 - Cannot read IP mode file for STMicroelectronics.X-CUBE-EEPRMA1.4.2.0
2024-08-25 14:43:57,837 [WARN] PackLoader:240 - Cannot read IP mode file for STMicroelectronics.X-CUBE-NFC6.3.1.0
2024-08-25 14:43:57,922 [WARN] PackLoader:240 - Cannot read IP mode file for ITTIA_DB.I-CUBE-ITTIADB.8.8.0
2024-08-25 14:43:58,032 [WARN] PackLoader:240 - Cannot read IP mode file for STMicroelectronics.X-CUBE-BLEMGR.2.0.0
2024-08-25 14:43:58,113 [WARN] PackLoader:240 - Cannot read IP mode file for STMicroelectronics.X-CUBE-DPower.1.2.0
2024-08-25 14:43:58,160 [WARN] PackLoader:240 - Cannot read IP mode file for STMicroelectronics.X-CUBE-AI.9.0.0
2024-08-25 14:43:58,383 [WARN] ConditionMgr:438 - getConditionDescription Invalid condition id : UX DEVICE CLASS RTOS Condition cause : null
2024-08-25 14:43:58,386 [WARN] ConditionMgr:438 - getConditionDescription Invalid condition id : UX DEVICE CLASS RTOS Condition cause : null
2024-08-25 14:43:58,438 [WARN] PackLoader:240 - Cannot read IP mode file for STMicroelectronics.X-CUBE-AZRTOS-H7.3.1.0
2024-08-25 14:43:58,456 [WARN] ConditionMgr:1039 - genDependencies : Invalid condition id : UX DEVICE CLASS RTOS Condition cause : null
2024-08-25 14:43:58,457 [WARN] ConditionMgr:1039 - genDependencies : Invalid condition id : UX DEVICE CLASS RTOS Condition cause : null
2024-08-25 14:43:58,468 [WARN] ConditionMgr:1039 - genDependencies : Invalid condition id : UX DEVICE CLASS RTOS Condition cause : null
2024-08-25 14:43:58,474 [WARN] ConditionMgr:1039 - genDependencies : Invalid condition id : UX DEVICE CLASS RTOS Condition cause : null
2024-08-25 14:43:58,476 [WARN] ConditionMgr:1039 - genDependencies : Invalid condition id : UX DEVICE CLASS RTOS Condition cause : null
2024-08-25 14:43:58,564 [WARN] PackLoader:240 - Cannot read IP mode file for STMicroelectronics.X-CUBE-NFC7.1.0.1
2024-08-25 14:43:58,645 [WARN] PackLoader:240 - Cannot read IP mode file for wolfSSL.I-CUBE-wolfTPM.3.2.0
2024-08-25 14:43:58,714 [WARN] PackLoader:240 - Cannot read IP mode file for STMicroelectronics.X-CUBE-NFC6.3.0.0
2024-08-25 14:43:58,809 [WARN] PackLoader:240 - Cannot read IP mode file for STMicroelectronics.X-CUBE-EEPRMA1.4.1.0
2024-08-25 14:43:58,852 [WARN] PackLoader:240 - Cannot read IP mode file for STMicroelectronics.X-CUBE-AI.8.1.0
2024-08-25 14:43:59,096 [WARN] ConditionMgr:438 - getConditionDescription Invalid condition id : LAN8742 Phy interface Condition cause : null
2024-08-25 14:43:59,107 [WARN] PackLoader:240 - Cannot read IP mode file for STMicroelectronics.X-CUBE-AZRTOS-L4.2.0.0
2024-08-25 14:43:59,155 [WARN] ConditionMgr:1039 - genDependencies : Invalid condition id : LAN8742 Phy interface Condition cause : null
2024-08-25 14:43:59,163 [WARN] ConditionMgr:1039 - genDependencies : Invalid condition id : LAN8742 Phy interface Condition cause : null
2024-08-25 14:43:59,175 [WARN] ConditionMgr:1039 - genDependencies : Invalid condition id : LAN8742 Phy interface Condition cause : null
2024-08-25 14:43:59,275 [WARN] PackLoader:240 - Cannot read IP mode file for STMicroelectronics.X-CUBE-SFXS2LP1.4.0.0
2024-08-25 14:43:59,327 [WARN] PackLoader:240 - Cannot read IP mode file for STMicroelectronics.X-CUBE-ISPU.1.1.0
2024-08-25 14:43:59,508 [WARN] PackLoader:240 - Cannot read IP mode file for STMicroelectronics.X-CUBE-AZRTOS-H7.3.3.0
2024-08-25 14:43:59,635 [WARN] ConditionMgr:438 - getConditionDescription Invalid condition id : UX DEVICE CLASS RTOS Condition cause : null
2024-08-25 14:43:59,638 [WARN] ConditionMgr:438 - getConditionDescription Invalid condition id : UX DEVICE CLASS RTOS Condition cause : null
2024-08-25 14:43:59,656 [WARN] PackLoader:240 - Cannot read IP mode file for STMicroelectronics.X-CUBE-AZRTOS-WB.2.0.0
2024-08-25 14:43:59,662 [WARN] ConditionMgr:1039 - genDependencies : Invalid condition id : UX DEVICE CLASS RTOS Condition cause : null
2024-08-25 14:43:59,664 [WARN] ConditionMgr:1039 - genDependencies : Invalid condition id : UX DEVICE CLASS RTOS Condition cause : null
2024-08-25 14:43:59,668 [WARN] ConditionMgr:1039 - genDependencies : Invalid condition id : UX DEVICE CLASS RTOS Condition cause : null
2024-08-25 14:43:59,670 [WARN] ConditionMgr:1039 - genDependencies : Invalid condition id : UX DEVICE CLASS RTOS Condition cause : null
2024-08-25 14:43:59,671 [WARN] ConditionMgr:1039 - genDependencies : Invalid condition id : UX DEVICE CLASS RTOS Condition cause : null
2024-08-25 14:43:59,721 [WARN] PackLoader:240 - Cannot read IP mode file for STMicroelectronics.FP-SNS-STBOX1.2.0.0
2024-08-25 14:43:59,821 [WARN] PackLoader:240 - Cannot read IP mode file for STMicroelectronics.X-CUBE-SUBG2.5.0.0
2024-08-25 14:43:59,897 [WARN] PackLoader:240 - Cannot read IP mode file for Cesanta.I-CUBE-Mongoose.7.13.0
2024-08-25 14:44:00,002 [WARN] PackLoader:240 - Cannot read IP mode file for STMicroelectronics.X-CUBE-TOF1.3.3.1
2024-08-25 14:44:00,181 [WARN] PackLoader:240 - Cannot read IP mode file for STMicroelectronics.X-CUBE-AZRTOS-G4.2.0.0
2024-08-25 14:44:00,336 [WARN] PackLoader:240 - Cannot read IP mode file for Infineon.AIROC-Wi-Fi-Bluetooth-STM32.1.5.1
2024-08-25 14:44:00,404 [WARN] PackLoader:240 - Cannot read IP mode file for STMicroelectronics.FP-SNS-MOTENVWB1.1.3.0
2024-08-25 14:44:00,438 [WARN] PackLoader:240 - Cannot read IP mode file for STMicroelectronics.FP-SNS-MOTENVWB1.1.3.1
2024-08-25 14:44:00,470 [WARN] PackLoader:240 - Cannot read IP mode file for STMicroelectronics.X-CUBE-ISPU.2.0.0
2024-08-25 14:44:00,513 [WARN] PackLoader:240 - Cannot read IP mode file for STMicroelectronics.X-CUBE-ALS.1.0.2
2024-08-25 14:44:01,574 [WARN] PackLoader:240 - Cannot read IP mode file for STMicroelectronics.X-CUBE-MEMS1.10.0.0
2024-08-25 14:44:02,587 [WARN] PackLoader:240 - Cannot read IP mode file for STMicroelectronics.X-CUBE-FREERTOS.1.1.0
2024-08-25 14:44:02,609 [WARN] PackLoader:240 - Cannot read IP mode file for STMicroelectronics.X-CUBE-TOUCHGFX.4.24.0
2024-08-25 14:44:02,645 [WARN] PackLoader:240 - Cannot read IP mode file for portGmbH.I-Cube-SoM-uGOAL.1.1.0
2024-08-25 14:44:02,667 [WARN] PackLoader:240 - Cannot read IP mode file for STMicroelectronics.X-CUBE-ALS.1.0.1
2024-08-25 14:44:02,804 [WARN] PackLoader:240 - Cannot read IP mode file for STMicroelectronics.X-CUBE-AZRTOS-H7RS.1.0.0
2024-08-25 14:44:02,862 [WARN] PackLoader:240 - Cannot read IP mode file for STMicroelectronics.FP-ATR-ASTRA1.2.0.0
2024-08-25 14:44:02,944 [WARN] PackLoader:240 - Cannot read IP mode file for STMicroelectronics.X-CUBE-TOF1.3.4.2
2024-08-25 14:44:03,103 [WARN] PackLoader:240 - Cannot read IP mode file for STMicroelectronics.X-CUBE-TOF1.3.4.0
2024-08-25 14:44:03,263 [WARN] PackLoader:240 - Cannot read IP mode file for STMicroelectronics.X-CUBE-TOF1.3.4.1
2024-08-25 14:44:03,507 [WARN] PackLoader:240 - Cannot read IP mode file for STMicroelectronics.X-CUBE-AZRTOS-H7.3.2.0
2024-08-25 14:44:03,560 [WARN] PackLoader:240 - Cannot read IP mode file for wolfSSL.I-CUBE-wolfSSH.1.4.17
2024-08-25 14:44:03,563 [INFO] ThirdParty:978 - Integrity check success = true
2024-08-25 14:44:03,563 [INFO] IntegrityCheckThread:100 - exiting critical section [integrity check]
2024-08-25 14:44:03,564 [INFO] IntegrityCheckThread:103 - End integrity checks thread
2024-08-25 14:44:03,814 [INFO] Mcu:2021 - Initializing MCU STM32H755ZITx STM32H755ZITx STM32H755ZIT6
2024-08-25 14:45:13,636 [ERROR] LogOutputStream:75 - [STDERR_REDIRECT] 
