2024-09-11 14:11:33,909 [INFO] Activator:176 - 


2024-09-11 14:11:33,920 [INFO] Activator:177 - !SESSION log4j initialized
2024-09-11 14:11:48,300 [INFO] LogOutputStream:77 - [STDOUT_REDIRECT] 
2024-09-11 14:11:59,174 [INFO] ApplicationProperties:184 - Using Application install path: C:\ST\STM32CubeIDE_1.11.0\STM32CubeIDE\plugins\com.st.stm32cube.common.mx_6.12.0.202406281431
2024-09-11 14:11:59,209 [INFO] DbMcusXml:78 - Set database path to: C:\ST\STM32CubeIDE_1.11.0\STM32CubeIDE\plugins\com.st.stm32cube.common.mx_6.12.0.202406281431\\db\/mcu/
2024-09-11 14:11:59,210 [INFO] ApiDb:274 - Set plugin database path to: C:\ST\STM32CubeIDE_1.11.0\STM32CubeIDE\plugins\com.st.stm32cube.common.mx_6.12.0.202406281431\\db\/plugins/boardmanager/
2024-09-11 14:11:59,211 [WARN] ApiDb:259 - Overriding images path with different value:  => C:\ST\STM32CubeIDE_1.11.0\STM32CubeIDE\plugins\com.st.stm32cube.common.mx_6.12.0.202406281431\\db\/plugins/mcufinder/images/
2024-09-11 14:11:59,225 [INFO] ApiDb:250 - Set database path to: C:\Users\ayoub\.stmcufinder\plugins\mcufinder//mcu/
2024-09-11 14:11:59,227 [INFO] DbMcusAds:125 - Set database path to: C:\Users\ayoub\.stmcufinder\plugins\mcufinder//mcu/
2024-09-11 14:11:59,232 [INFO] CrossReferenceDbSqlite:203 - Set database path to: C:\Users\ayoub\.stmcufinder\plugins\mcufinder//mcu/cs/
2024-09-11 14:11:59,445 [INFO] RulesReader:64 - Compatibility file has been processed (297 Rules)
2024-09-11 14:11:59,587 [INFO] DbMcusXml:78 - Set database path to: C:\ST\STM32CubeIDE_1.11.0\STM32CubeIDE\plugins\com.st.stm32cube.common.mx_6.12.0.202406281431\\db\/mcu/
2024-09-11 14:11:59,587 [INFO] ApiDb:274 - Set plugin database path to: C:\ST\STM32CubeIDE_1.11.0\STM32CubeIDE\plugins\com.st.stm32cube.common.mx_6.12.0.202406281431\\db\/plugins/boardmanager/
2024-09-11 14:11:59,588 [INFO] ApiDb:261 - Set plugin images path to: C:\ST\STM32CubeIDE_1.11.0\STM32CubeIDE\plugins\com.st.stm32cube.common.mx_6.12.0.202406281431\\db\/plugins/mcufinder/images/
2024-09-11 14:11:59,588 [WARN] DbFile:41 - Overriding database path with different value: C:\Users\ayoub\.stmcufinder\plugins\mcufinder/ => C:\Users\ayoub\.stmcufinder\plugins\mcufinder
2024-09-11 14:11:59,588 [INFO] ApiDb:250 - Set database path to: C:\Users\ayoub\.stmcufinder\plugins\mcufinder//mcu/
2024-09-11 14:11:59,588 [WARN] DbFile:41 - Overriding database path with different value: C:\Users\ayoub\.stmcufinder\plugins\mcufinder/ => C:\Users\ayoub\.stmcufinder\plugins\mcufinder
2024-09-11 14:11:59,588 [INFO] DbMcusAds:125 - Set database path to: C:\Users\ayoub\.stmcufinder\plugins\mcufinder//mcu/
2024-09-11 14:11:59,589 [WARN] DbFile:41 - Overriding database path with different value: C:\Users\ayoub\.stmcufinder\plugins\mcufinder/ => C:\Users\ayoub\.stmcufinder\plugins\mcufinder
2024-09-11 14:11:59,589 [WARN] DbFile:41 - Overriding database path with different value: C:\Users\ayoub\.stmcufinder\plugins\mcufinder/ => C:\Users\ayoub\.stmcufinder\plugins\mcufinder
2024-09-11 14:11:59,589 [INFO] CrossReferenceDbSqlite:203 - Set database path to: C:\Users\ayoub\.stmcufinder\plugins\mcufinder//mcu/cs/
2024-09-11 14:11:59,731 [INFO] MainPanel:268 - HeapMemory: 268435456
2024-09-11 14:11:59,852 [INFO] DbMcusXml:78 - Set database path to: C:\ST\STM32CubeIDE_1.11.0\STM32CubeIDE\plugins\com.st.stm32cube.common.mx_6.12.0.202406281431\\db\/mcu/
2024-09-11 14:11:59,853 [INFO] ApiDb:274 - Set plugin database path to: C:\ST\STM32CubeIDE_1.11.0\STM32CubeIDE\plugins\com.st.stm32cube.common.mx_6.12.0.202406281431\\db\/plugins/boardmanager/
2024-09-11 14:11:59,853 [INFO] ApiDb:261 - Set plugin images path to: C:\ST\STM32CubeIDE_1.11.0\STM32CubeIDE\plugins\com.st.stm32cube.common.mx_6.12.0.202406281431\\db\/plugins/mcufinder/images/
2024-09-11 14:11:59,853 [WARN] DbFile:41 - Overriding database path with different value: C:\Users\ayoub\.stmcufinder\plugins\mcufinder/ => C:\Users\ayoub\.stmcufinder\plugins\mcufinder
2024-09-11 14:11:59,854 [INFO] ApiDb:250 - Set database path to: C:\Users\ayoub\.stmcufinder\plugins\mcufinder//mcu/
2024-09-11 14:11:59,854 [WARN] DbFile:41 - Overriding database path with different value: C:\Users\ayoub\.stmcufinder\plugins\mcufinder/ => C:\Users\ayoub\.stmcufinder\plugins\mcufinder
2024-09-11 14:11:59,854 [INFO] DbMcusAds:125 - Set database path to: C:\Users\ayoub\.stmcufinder\plugins\mcufinder//mcu/
2024-09-11 14:11:59,854 [WARN] DbFile:41 - Overriding database path with different value: C:\Users\ayoub\.stmcufinder\plugins\mcufinder/ => C:\Users\ayoub\.stmcufinder\plugins\mcufinder
2024-09-11 14:11:59,854 [WARN] DbFile:41 - Overriding database path with different value: C:\Users\ayoub\.stmcufinder\plugins\mcufinder/ => C:\Users\ayoub\.stmcufinder\plugins\mcufinder
2024-09-11 14:11:59,854 [INFO] CrossReferenceDbSqlite:203 - Set database path to: C:\Users\ayoub\.stmcufinder\plugins\mcufinder//mcu/cs/
2024-09-11 14:11:59,876 [INFO] ApplicationProperties:184 - Using Application install path: C:\ST\STM32CubeIDE_1.11.0\STM32CubeIDE\plugins\com.st.stm32cube.common.mx_6.12.0.202406281431
2024-09-11 14:11:59,878 [INFO] PluginManage:196 - Search for loadable plugins [exclusion list=, ]
2024-09-11 14:11:59,880 [INFO] PluginManage:310 - Check plugin analytics
2024-09-11 14:12:05,225 [INFO] AnalyticsPlugin:253 - Accepted Software Licenses: STM32CubeMX.6.11.0
2024-09-11 14:12:05,225 [INFO] AnalyticsPlugin:255 - Accepted CMSIS Pack Licenses: STMicroelectronics.X-CUBE-SAFEA1.1.2.2
2024-09-11 14:12:05,225 [INFO] AnalyticsPlugin:257 - Accepted Firmware Licenses: FW.F4.1.27.0,FW.H7.1.11.0
2024-09-11 14:12:05,229 [INFO] PluginManage:359 - Loaded plugin analytics (category:tool,tabindex:-1)
2024-09-11 14:12:05,229 [INFO] PluginManage:310 - Check plugin cadmodel
2024-09-11 14:12:05,238 [INFO] CADModel:105 - Init CAD model plugin
2024-09-11 14:12:05,238 [INFO] PluginManage:359 - Loaded plugin cadmodel (category:power,tabindex:5)
2024-09-11 14:12:05,238 [INFO] PluginManage:310 - Check plugin clock
2024-09-11 14:12:05,254 [INFO] PluginManage:359 - Loaded plugin clock (category:base,tabindex:2)
2024-09-11 14:12:05,254 [INFO] PluginManage:310 - Check plugin ddr
2024-09-11 14:12:05,259 [INFO] PluginManage:359 - Loaded plugin ddr (category:tool,tabindex:6)
2024-09-11 14:12:05,259 [INFO] PluginManage:310 - Check plugin filemanager
2024-09-11 14:12:05,469 [INFO] PluginManage:359 - Loaded plugin filemanager (category:base,tabindex:10)
2024-09-11 14:12:05,470 [INFO] PluginManage:310 - Check plugin ipmanager
2024-09-11 14:12:05,480 [INFO] PluginManage:359 - Loaded plugin ipmanager (category:base,tabindex:5)
2024-09-11 14:12:05,480 [INFO] PluginManage:310 - Check plugin lpbam
2024-09-11 14:12:05,492 [INFO] PluginManage:359 - Loaded plugin lpbam (category:base,tabindex:0)
2024-09-11 14:12:05,493 [INFO] PluginManage:310 - Check plugin memorymap
2024-09-11 14:12:05,516 [INFO] PluginManage:359 - Loaded plugin memorymap (category:base,tabindex:4)
2024-09-11 14:12:05,516 [INFO] PluginManage:310 - Check plugin pinoutandconfiguration
2024-09-11 14:12:05,539 [INFO] PluginManage:359 - Loaded plugin pinoutandconfiguration (category:base,tabindex:1)
2024-09-11 14:12:05,540 [INFO] PluginManage:310 - Check plugin pinoutconfig
2024-09-11 14:12:05,698 [WARN] SupportedApi:132 - Cannot load RTOS API schema: s4s-elt-must-match.1: The content of 'definitions' must match (annotation?, (simpleType | complexType)?, (unique | key | keyref)*)). A problem was found starting at: attribute.
2024-09-11 14:12:06,031 [INFO] PluginManage:359 - Loaded plugin pinoutconfig (category:base,tabindex:0)
2024-09-11 14:12:06,031 [INFO] PluginManage:310 - Check plugin power
2024-09-11 14:12:06,048 [INFO] PluginManage:359 - Loaded plugin power (category:power,tabindex:4)
2024-09-11 14:12:06,048 [INFO] PluginManage:310 - Check plugin projectmanager
2024-09-11 14:12:06,078 [INFO] PluginManage:359 - Loaded plugin projectmanager (category:projectmanager,tabindex:4)
2024-09-11 14:12:06,078 [INFO] PluginManage:310 - Check plugin rif
2024-09-11 14:12:06,087 [INFO] PluginManage:359 - Loaded plugin rif (category:base,tabindex:3)
2024-09-11 14:12:06,088 [INFO] PluginManage:310 - Check plugin thirdparty
2024-09-11 14:12:06,318 [INFO] PluginManage:359 - Loaded plugin thirdparty (category:base,tabindex:-1)
2024-09-11 14:12:06,318 [WARN] IntegrityCheckThread:84 - waiting for thirdparty lock release [integrity check]
2024-09-11 14:12:06,319 [INFO] PluginManage:310 - Check plugin tools
2024-09-11 14:12:06,319 [INFO] IntegrityCheckThread:86 - entering critical section [integrity check]
2024-09-11 14:12:06,319 [INFO] ThirdPartyUpdaterWithRetryManager:70 - Updater plugin not ready yet. [1/15]
2024-09-11 14:12:06,324 [INFO] PluginManage:359 - Loaded plugin tools (category:base,tabindex:7)
2024-09-11 14:12:06,324 [INFO] PluginManage:310 - Check plugin tutovideos
2024-09-11 14:12:06,557 [INFO] PluginManage:359 - Loaded plugin tutovideos (category:base,tabindex:-1)
2024-09-11 14:12:06,558 [INFO] PluginManage:310 - Check plugin updater
2024-09-11 14:12:06,579 [INFO] PluginManage:359 - Loaded plugin updater (category:base,tabindex:12)
2024-09-11 14:12:06,579 [INFO] PluginManage:310 - Check plugin userauth
2024-09-11 14:12:06,585 [INFO] UserAuth:113 - Init User Auth plugin
2024-09-11 14:12:06,585 [INFO] PluginManage:359 - Loaded plugin userauth (category:base,tabindex:14)
2024-09-11 14:12:06,586 [INFO] PluginManage:283 - PluginManage : Loaded plugins [18]
2024-09-11 14:12:06,872 [INFO] PinOutPanel:1561 - setPackage(No Configuration,No Configuration)
2024-09-11 14:12:07,017 [INFO] CADModel:165 - CPN selected for project level
2024-09-11 14:12:07,017 [INFO] CADModel:114 - Register for checkConnection events
2024-09-11 14:12:07,041 [INFO] IPUIPlugin:80 - create IPUIPlugin
2024-09-11 14:12:07,041 [INFO] PluginManager:220 - loadIPPluginJar : add adc
2024-09-11 14:12:07,045 [INFO] IPUIPlugin:80 - create IPUIPlugin
2024-09-11 14:12:07,045 [INFO] PluginManager:220 - loadIPPluginJar : add aes
2024-09-11 14:12:07,050 [INFO] IPUIPlugin:80 - create IPUIPlugin
2024-09-11 14:12:07,050 [INFO] PluginManager:220 - loadIPPluginJar : add can
2024-09-11 14:12:07,053 [INFO] IPUIPlugin:80 - create IPUIPlugin
2024-09-11 14:12:07,053 [INFO] PluginManager:220 - loadIPPluginJar : add comp
2024-09-11 14:12:07,057 [INFO] IPUIPlugin:80 - create IPUIPlugin
2024-09-11 14:12:07,057 [INFO] PluginManager:220 - loadIPPluginJar : add cryp
2024-09-11 14:12:07,061 [INFO] IPUIPlugin:80 - create IPUIPlugin
2024-09-11 14:12:07,061 [INFO] PluginManager:220 - loadIPPluginJar : add ddr_ctrl_phy
2024-09-11 14:12:07,065 [INFO] IPUIPlugin:80 - create IPUIPlugin
2024-09-11 14:12:07,065 [INFO] PluginManager:220 - loadIPPluginJar : add dfsdm
2024-09-11 14:12:07,073 [INFO] IPUIPlugin:80 - create IPUIPlugin
2024-09-11 14:12:07,074 [INFO] PluginManager:220 - loadIPPluginJar : add dma
2024-09-11 14:12:07,080 [INFO] IPUIPlugin:80 - create IPUIPlugin
2024-09-11 14:12:07,080 [INFO] PluginManager:220 - loadIPPluginJar : add dma3
2024-09-11 14:12:07,084 [INFO] IPUIPlugin:80 - create IPUIPlugin
2024-09-11 14:12:07,084 [INFO] PluginManager:220 - loadIPPluginJar : add extmemmanager
2024-09-11 14:12:07,087 [INFO] IPUIPlugin:80 - create IPUIPlugin
2024-09-11 14:12:07,087 [INFO] PluginManager:220 - loadIPPluginJar : add fatfs
2024-09-11 14:12:07,093 [INFO] IPUIPlugin:80 - create IPUIPlugin
2024-09-11 14:12:07,093 [INFO] PluginManager:220 - loadIPPluginJar : add fmc
2024-09-11 14:12:07,102 [INFO] IPUIPlugin:80 - create IPUIPlugin
2024-09-11 14:12:07,102 [INFO] PluginManager:220 - loadIPPluginJar : add freertos
2024-09-11 14:12:07,105 [INFO] IPUIPlugin:80 - create IPUIPlugin
2024-09-11 14:12:07,105 [INFO] PluginManager:220 - loadIPPluginJar : add genericplugin
2024-09-11 14:12:07,109 [INFO] IPUIPlugin:80 - create IPUIPlugin
2024-09-11 14:12:07,110 [INFO] PluginManager:220 - loadIPPluginJar : add gfxmmu
2024-09-11 14:12:07,116 [INFO] IPUIPlugin:80 - create IPUIPlugin
2024-09-11 14:12:07,117 [INFO] PluginManager:220 - loadIPPluginJar : add gic
2024-09-11 14:12:07,122 [INFO] IPUIPlugin:80 - create IPUIPlugin
2024-09-11 14:12:07,123 [INFO] PluginManager:220 - loadIPPluginJar : add gpio
2024-09-11 14:12:07,127 [INFO] IPUIPlugin:80 - create IPUIPlugin
2024-09-11 14:12:07,127 [INFO] PluginManager:220 - loadIPPluginJar : add gtzc
2024-09-11 14:12:07,130 [INFO] IPUIPlugin:80 - create IPUIPlugin
2024-09-11 14:12:07,130 [INFO] PluginManager:220 - loadIPPluginJar : add hash
2024-09-11 14:12:07,134 [INFO] IPUIPlugin:80 - create IPUIPlugin
2024-09-11 14:12:07,134 [INFO] PluginManager:220 - loadIPPluginJar : add i2c
2024-09-11 14:12:07,138 [INFO] IPUIPlugin:80 - create IPUIPlugin
2024-09-11 14:12:07,139 [INFO] PluginManager:220 - loadIPPluginJar : add i2s
2024-09-11 14:12:07,143 [INFO] IPUIPlugin:80 - create IPUIPlugin
2024-09-11 14:12:07,143 [INFO] PluginManager:220 - loadIPPluginJar : add i3c
2024-09-11 14:12:07,147 [INFO] IPUIPlugin:80 - create IPUIPlugin
2024-09-11 14:12:07,147 [INFO] PluginManager:220 - loadIPPluginJar : add ipddr
2024-09-11 14:12:07,155 [INFO] IPUIPlugin:80 - create IPUIPlugin
2024-09-11 14:12:07,155 [INFO] PluginManager:220 - loadIPPluginJar : add linkedlist
2024-09-11 14:12:07,159 [INFO] IPUIPlugin:80 - create IPUIPlugin
2024-09-11 14:12:07,159 [INFO] PluginManager:220 - loadIPPluginJar : add lorawan
2024-09-11 14:12:07,161 [INFO] IPUIPlugin:80 - create IPUIPlugin
2024-09-11 14:12:07,162 [INFO] PluginManager:220 - loadIPPluginJar : add ltdc
2024-09-11 14:12:07,168 [INFO] IPUIPlugin:80 - create IPUIPlugin
2024-09-11 14:12:07,168 [INFO] PluginManager:220 - loadIPPluginJar : add mdma
2024-09-11 14:12:07,173 [INFO] IPUIPlugin:80 - create IPUIPlugin
2024-09-11 14:12:07,173 [INFO] PluginManager:220 - loadIPPluginJar : add nvic
2024-09-11 14:12:07,177 [INFO] IPUIPlugin:80 - create IPUIPlugin
2024-09-11 14:12:07,177 [INFO] PluginManager:220 - loadIPPluginJar : add opamp
2024-09-11 14:12:07,181 [INFO] IPUIPlugin:80 - create IPUIPlugin
2024-09-11 14:12:07,181 [INFO] PluginManager:220 - loadIPPluginJar : add openamp
2024-09-11 14:12:07,186 [INFO] IPUIPlugin:80 - create IPUIPlugin
2024-09-11 14:12:07,186 [INFO] PluginManager:220 - loadIPPluginJar : add pdm2pcm
2024-09-11 14:12:07,194 [INFO] IPUIPlugin:80 - create IPUIPlugin
2024-09-11 14:12:07,198 [INFO] PluginManager:220 - loadIPPluginJar : add plateformsettings
2024-09-11 14:12:07,201 [INFO] IPUIPlugin:80 - create IPUIPlugin
2024-09-11 14:12:07,201 [INFO] PluginManager:220 - loadIPPluginJar : add quadspi
2024-09-11 14:12:07,205 [INFO] IPUIPlugin:80 - create IPUIPlugin
2024-09-11 14:12:07,206 [INFO] PluginManager:220 - loadIPPluginJar : add radio
2024-09-11 14:12:07,211 [INFO] IPUIPlugin:80 - create IPUIPlugin
2024-09-11 14:12:07,212 [INFO] PluginManager:220 - loadIPPluginJar : add resmgrutility
2024-09-11 14:12:07,215 [INFO] IPUIPlugin:80 - create IPUIPlugin
2024-09-11 14:12:07,215 [INFO] PluginManager:220 - loadIPPluginJar : add sai
2024-09-11 14:12:07,219 [INFO] IPUIPlugin:80 - create IPUIPlugin
2024-09-11 14:12:07,219 [INFO] PluginManager:220 - loadIPPluginJar : add spi
2024-09-11 14:12:07,226 [INFO] IPUIPlugin:80 - create IPUIPlugin
2024-09-11 14:12:07,226 [INFO] PluginManager:220 - loadIPPluginJar : add stm32_wpan
2024-09-11 14:12:07,229 [INFO] IPUIPlugin:80 - create IPUIPlugin
2024-09-11 14:12:07,230 [INFO] PluginManager:220 - loadIPPluginJar : add tim
2024-09-11 14:12:07,234 [INFO] IPUIPlugin:80 - create IPUIPlugin
2024-09-11 14:12:07,234 [INFO] PluginManager:220 - loadIPPluginJar : add touchsensing
2024-09-11 14:12:07,237 [INFO] IPUIPlugin:80 - create IPUIPlugin
2024-09-11 14:12:07,237 [INFO] PluginManager:220 - loadIPPluginJar : add tracer_emb
2024-09-11 14:12:07,240 [INFO] IPUIPlugin:80 - create IPUIPlugin
2024-09-11 14:12:07,240 [INFO] PluginManager:220 - loadIPPluginJar : add ts
2024-09-11 14:12:07,243 [INFO] IPUIPlugin:80 - create IPUIPlugin
2024-09-11 14:12:07,243 [INFO] PluginManager:220 - loadIPPluginJar : add tsc
2024-09-11 14:12:07,245 [INFO] IPUIPlugin:80 - create IPUIPlugin
2024-09-11 14:12:07,246 [INFO] PluginManager:220 - loadIPPluginJar : add ucpd
2024-09-11 14:12:07,250 [INFO] IPUIPlugin:80 - create IPUIPlugin
2024-09-11 14:12:07,250 [INFO] PluginManager:220 - loadIPPluginJar : add usart
2024-09-11 14:12:07,253 [INFO] IPUIPlugin:80 - create IPUIPlugin
2024-09-11 14:12:07,254 [INFO] PluginManager:220 - loadIPPluginJar : add usbx
2024-09-11 14:12:07,409 [INFO] CADModel:165 - CPN selected for project level
2024-09-11 14:12:07,409 [INFO] CADModel:114 - Register for checkConnection events
2024-09-11 14:12:07,410 [FATAL] Updater:334 - Updater called before beeing initialized
2024-09-11 14:12:07,410 [ERROR] CADModel:125 - Updater not yet initialized, retry later 
2024-09-11 14:12:07,571 [INFO] CADModel:165 - CPN selected for project level
2024-09-11 14:12:07,571 [INFO] CADModel:114 - Register for checkConnection events
2024-09-11 14:12:07,571 [FATAL] Updater:334 - Updater called before beeing initialized
2024-09-11 14:12:07,571 [ERROR] CADModel:125 - Updater not yet initialized, retry later 
2024-09-11 14:12:07,574 [FATAL] Updater:334 - Updater called before beeing initialized
2024-09-11 14:12:07,746 [FATAL] Updater:334 - Updater called before beeing initialized
2024-09-11 14:12:07,754 [INFO] DbMcusAds:53 - JSON generation date=Thu May 16 10:22:00 WEST 2024 (1715851320667)
2024-09-11 14:12:07,754 [FATAL] Updater:334 - Updater called before beeing initialized
2024-09-11 14:12:07,811 [WARN] DetailPanel:346 - Failed to get advertising image, set to default
2024-09-11 14:12:07,966 [FATAL] Updater:334 - Updater called before beeing initialized
2024-09-11 14:12:07,968 [FATAL] Updater:334 - Updater called before beeing initialized
2024-09-11 14:12:07,968 [FATAL] Updater:334 - Updater called before beeing initialized
2024-09-11 14:12:07,968 [WARN] DetailPanel:346 - Failed to get advertising image, set to default
2024-09-11 14:12:07,970 [FATAL] Updater:334 - Updater called before beeing initialized
2024-09-11 14:12:08,049 [ERROR] Updater:1164 - MainUpdater not yet initialized. External WinMGr cannot be set.
2024-09-11 14:12:08,053 [INFO] Updater:1100 - Updater Version found : 6.12.0
2024-09-11 14:12:08,080 [INFO] ApplicationProperties:184 - Using Application install path: C:\ST\STM32CubeIDE_1.11.0\STM32CubeIDE\plugins\com.st.stm32cube.common.mx_6.12.0.202406281431
2024-09-11 14:12:09,320 [INFO] ThirdPartyUpdaterWithRetryManager:70 - Updater plugin not ready yet. [2/15]
2024-09-11 14:12:11,529 [INFO] MainUpdater:2873 - connection check result : 10
2024-09-11 14:12:11,529 [INFO] MainUpdater:3567 - Updater definition file requires update
2024-09-11 14:12:11,531 [INFO] MainUpdater:290 - Updater Check For Update Now.
2024-09-11 14:12:11,531 [INFO] MicroXplorer:498 - Change Database Version : DB.6.0.120
2024-09-11 14:12:11,542 [INFO] McuFinderGlobals:63 - Set McuFinder mode to 2 (CubeIDE integrated)
2024-09-11 14:12:11,543 [INFO] UserAuth:417 - Internet connection configuration mode: 1
2024-09-11 14:12:11,566 [INFO] JxBrowserEngine:152 - Initiate JxBrowser Engine with user profile folder
2024-09-11 14:12:12,322 [WARN] MainUpdater:1194 - Updater busy. Cannot search thirdparties
2024-09-11 14:12:12,323 [INFO] ThirdPartyUpdaterWithRetryManager:96 - Updater plugin is busy. [1/15]
2024-09-11 14:12:12,668 [INFO] WebApp:167 - Instantiating new browser for Auth
2024-09-11 14:12:14,009 [INFO] WebApp:448 - Apply proxy settings
2024-09-11 14:12:14,009 [INFO] WebApp:533 - Chromium requires no authentication
2024-09-11 14:12:14,022 [INFO] WebApp:476 - Direct internet connection detected
2024-09-11 14:12:14,061 [INFO] WebApp:869 - Register for checkConnection events
2024-09-11 14:12:14,061 [INFO] WebApp:448 - Apply proxy settings
2024-09-11 14:12:14,061 [INFO] WebApp:533 - Chromium requires no authentication
2024-09-11 14:12:14,062 [INFO] WebApp:476 - Direct internet connection detected
2024-09-11 14:12:14,464 [INFO] WebApp:220 - Starting web application
2024-09-11 14:12:14,464 [INFO] WebApp:578 - Web application path used C:\ST\STM32CubeIDE_1.11.0\STM32CubeIDE\plugins\com.st.stm32cube.common.mx_6.12.0.202406281431\db\plugins\mcufinder\reactClient1\index.html
2024-09-11 14:12:14,613 [INFO] UserAuth:417 - Internet connection configuration mode: 1
2024-09-11 14:12:15,325 [WARN] MainUpdater:1194 - Updater busy. Cannot search thirdparties
2024-09-11 14:12:15,325 [INFO] ThirdPartyUpdaterWithRetryManager:96 - Updater plugin is busy. [2/15]
2024-09-11 14:12:17,650 [INFO] ServerAccessManage:473 - Download File updaters.zip
2024-09-11 14:12:18,325 [WARN] MainUpdater:1194 - Updater busy. Cannot search thirdparties
2024-09-11 14:12:18,325 [INFO] ThirdPartyUpdaterWithRetryManager:96 - Updater plugin is busy. [3/15]
2024-09-11 14:12:20,900 [INFO] WebApp:186 - Connection restablished
2024-09-11 14:12:21,326 [WARN] MainUpdater:1194 - Updater busy. Cannot search thirdparties
2024-09-11 14:12:21,326 [INFO] ThirdPartyUpdaterWithRetryManager:96 - Updater plugin is busy. [4/15]
2024-09-11 14:12:24,327 [WARN] MainUpdater:1194 - Updater busy. Cannot search thirdparties
2024-09-11 14:12:24,328 [INFO] ThirdPartyUpdaterWithRetryManager:96 - Updater plugin is busy. [5/15]
2024-09-11 14:12:25,764 [INFO] FileExtend:240 - Unzip File : updaters.zip
2024-09-11 14:12:25,764 [INFO] FileExtend:255 - Standard Zip Deflate
2024-09-11 14:12:27,329 [WARN] MainUpdater:1194 - Updater busy. Cannot search thirdparties
2024-09-11 14:12:27,329 [INFO] ThirdPartyUpdaterWithRetryManager:96 - Updater plugin is busy. [6/15]
2024-09-11 14:12:27,939 [INFO] ServerAccessManage:473 - Download File PacksControlFlags.xml
2024-09-11 14:12:30,207 [INFO] ServerAccessManage:473 - Download File cubemx.pidx
2024-09-11 14:12:30,331 [WARN] MainUpdater:1194 - Updater busy. Cannot search thirdparties
2024-09-11 14:12:30,331 [INFO] ThirdPartyUpdaterWithRetryManager:96 - Updater plugin is busy. [7/15]
2024-09-11 14:12:33,332 [WARN] MainUpdater:1194 - Updater busy. Cannot search thirdparties
2024-09-11 14:12:33,332 [INFO] ThirdPartyUpdaterWithRetryManager:96 - Updater plugin is busy. [8/15]
2024-09-11 14:12:36,333 [WARN] MainUpdater:1194 - Updater busy. Cannot search thirdparties
2024-09-11 14:12:36,333 [INFO] ThirdPartyUpdaterWithRetryManager:96 - Updater plugin is busy. [9/15]
2024-09-11 14:12:38,537 [INFO] ServerAccessManage:473 - Download File STMicroelectronics.X-CUBE-GNSS1.pdsc
2024-09-11 14:12:39,334 [WARN] MainUpdater:1194 - Updater busy. Cannot search thirdparties
2024-09-11 14:12:39,334 [INFO] ThirdPartyUpdaterWithRetryManager:96 - Updater plugin is busy. [10/15]
2024-09-11 14:12:42,334 [WARN] MainUpdater:1194 - Updater busy. Cannot search thirdparties
2024-09-11 14:12:42,334 [INFO] ThirdPartyUpdaterWithRetryManager:96 - Updater plugin is busy. [11/15]
2024-09-11 14:12:45,335 [WARN] MainUpdater:1194 - Updater busy. Cannot search thirdparties
2024-09-11 14:12:45,335 [INFO] ThirdPartyUpdaterWithRetryManager:96 - Updater plugin is busy. [12/15]
2024-09-11 14:12:48,337 [WARN] MainUpdater:1194 - Updater busy. Cannot search thirdparties
2024-09-11 14:12:48,338 [INFO] ThirdPartyUpdaterWithRetryManager:96 - Updater plugin is busy. [13/15]
2024-09-11 14:12:51,340 [WARN] MainUpdater:1194 - Updater busy. Cannot search thirdparties
2024-09-11 14:12:51,340 [INFO] ThirdPartyUpdaterWithRetryManager:96 - Updater plugin is busy. [14/15]
2024-09-11 14:12:54,342 [WARN] MainUpdater:1194 - Updater busy. Cannot search thirdparties
2024-09-11 14:12:54,343 [INFO] ThirdPartyUpdaterWithRetryManager:96 - Updater plugin is busy. [15/15]
2024-09-11 14:12:54,344 [ERROR] IntegrityCheckThread:130 - Cannot retrieve database content from updater: error -1
2024-09-11 14:12:54,346 [INFO] ThirdParty:978 - Integrity check success = false
2024-09-11 14:12:54,347 [INFO] IntegrityCheckThread:100 - exiting critical section [integrity check]
2024-09-11 14:12:54,347 [INFO] IntegrityCheckThread:103 - End integrity checks thread
2024-09-11 14:13:11,568 [ERROR] ServerAccessManage:1089 - Problem, file not found on Server
2024-09-11 14:13:12,053 [ERROR] ServerAccessManage:1089 - Problem, file not found on Server
2024-09-11 14:13:12,343 [ERROR] ServerAccessManage:1089 - Problem, file not found on Server
2024-09-11 14:13:12,886 [ERROR] ServerAccessManage:1089 - Problem, file not found on Server
2024-09-11 14:13:13,279 [ERROR] ServerAccessManage:1089 - Problem, file not found on Server
2024-09-11 14:13:13,699 [ERROR] ServerAccessManage:1089 - Problem, file not found on Server
2024-09-11 14:13:17,166 [WARN] PackLoader:240 - Cannot read IP mode file for STMicroelectronics.X-CUBE-GNSS1.7.0.0
2024-09-11 14:13:17,180 [INFO] PopulateThirdPartyThread:66 - Ending populate Thread
2024-09-11 14:13:17,184 [INFO] ThirdParty:1030 - CMSIS Pack Vendor :STMicroelectronics X-CUBE-GNSS1 7.0.0
2024-09-11 14:13:17,185 [INFO] LoadServerUpdatesThread:375 - End of LoadServerUpdate Thread
2024-09-11 14:13:17,448 [INFO] CheckServerUpdateThread:120 - End of CheckServer Thread
